#
# There is insufficient memory for the Java Runtime Environment to continue.
# Native memory allocation (malloc) failed to allocate 1741264 bytes for Chunk::new
# Possible reasons:
#   The system is out of physical RAM or swap space
#   In 32 bit mode, the process size limit was hit
# Possible solutions:
#   Reduce memory load on the system
#   Increase physical memory or swap space
#   Check if swap backing store is full
#   Use 64 bit Java on a 64 bit OS
#   Decrease Java heap size (-Xmx/-Xms)
#   Decrease number of Java threads
#   Decrease Java thread stack sizes (-Xss)
#   Set larger code cache with -XX:ReservedCodeCacheSize=
# This output file may be truncated or incomplete.
#
#  Out of Memory Error (allocation.cpp:388), pid=16264, tid=9352
#
# JRE version: Java(TM) SE Runtime Environment (8.0_05-b13) (build 1.8.0_05-b13)
# Java VM: Java HotSpot(TM) 64-Bit Server VM (25.5-b02 mixed mode windows-amd64 compressed oops)
# Failed to write core dump. Minidumps are not enabled by default on client versions of Windows
#

---------------  T H R E A D  ---------------

Current thread (0x00000000133b9000):  JavaThread "C2 CompilerThread0" daemon [_thread_in_native, id=9352, stack(0x00000000139c0000,0x0000000013ac0000)]

Stack: [0x00000000139c0000,0x0000000013ac0000]
Native frames: (J=compiled Java code, j=interpreted, Vv=VM code, C=native code)
V  [jvm.dll+0x308dea]
V  [jvm.dll+0x25def1]
V  [jvm.dll+0x25eb0f]
V  [jvm.dll+0x2564e5]
V  [jvm.dll+0xbcfc5]
V  [jvm.dll+0xbd45c]
V  [jvm.dll+0x43adc2]
V  [jvm.dll+0x4af6a5]
V  [jvm.dll+0x4b02df]
V  [jvm.dll+0x440f31]
V  [jvm.dll+0x4436a9]
V  [jvm.dll+0x427532]
V  [jvm.dll+0x96702]
V  [jvm.dll+0x96ef3]
V  [jvm.dll+0x2232c4]
V  [jvm.dll+0x27baca]
C  [msvcr100.dll+0x21d9f]
C  [msvcr100.dll+0x21e3b]
C  [KERNEL32.DLL+0x17374]
C  [ntdll.dll+0x4cc91]


Current CompileTask:
C2:  10610 3450       4       com.sun.xml.bind.v2.runtime.reflect.Accessor$FieldReflection::optimize (29 bytes)


---------------  P R O C E S S  ---------------

Java Threads: ( => current thread )
  0x000000001401b000 JavaThread "Tcl Isolation Thread" daemon [_thread_blocked, id=848, stack(0x0000000016f30000,0x0000000017030000)]
  0x0000000013429000 JavaThread "Service Thread" daemon [_thread_blocked, id=7276, stack(0x0000000013cc0000,0x0000000013dc0000)]
  0x00000000133c2800 JavaThread "C1 CompilerThread2" daemon [_thread_blocked, id=10908, stack(0x0000000013bc0000,0x0000000013cc0000)]
  0x00000000133c1000 JavaThread "C2 CompilerThread1" daemon [_thread_in_native, id=5796, stack(0x0000000013ac0000,0x0000000013bc0000)]
=>0x00000000133b9000 JavaThread "C2 CompilerThread0" daemon [_thread_in_native, id=9352, stack(0x00000000139c0000,0x0000000013ac0000)]
  0x00000000133b7800 JavaThread "Attach Listener" daemon [_thread_blocked, id=9752, stack(0x00000000138c0000,0x00000000139c0000)]
  0x00000000133b5800 JavaThread "Signal Dispatcher" daemon [_thread_blocked, id=17244, stack(0x00000000137c0000,0x00000000138c0000)]
  0x0000000013376800 JavaThread "Finalizer" daemon [_thread_blocked, id=16924, stack(0x00000000136c0000,0x00000000137c0000)]
  0x000000001336f000 JavaThread "Reference Handler" daemon [_thread_blocked, id=3112, stack(0x00000000135c0000,0x00000000136c0000)]
  0x0000000003115800 JavaThread "main" [_thread_in_Java, id=20076, stack(0x0000000003010000,0x0000000003110000)]

Other Threads:
  0x0000000013369000 VMThread [stack: 0x00000000134c0000,0x00000000135c0000] [id=19328]
  0x000000001343d800 WatcherThread [stack: 0x0000000013dc0000,0x0000000013ec0000] [id=20336]

VM state:not at safepoint (normal execution)

VM Mutex/Monitor currently owned by a thread: None

Heap:
 def new generation   total 1152K, used 229K [0x00000000a2400000, 0x00000000a2540000, 0x00000000c1800000)
  eden space 1024K,  11% used [0x00000000a2400000, 0x00000000a241e5a0, 0x00000000a2500000)
  from space 128K,  84% used [0x00000000a2520000, 0x00000000a253afa8, 0x00000000a2540000)
  to   space 128K,   0% used [0x00000000a2500000, 0x00000000a2500000, 0x00000000a2520000)
 tenured generation   total 127744K, used 47317K [0x00000000c1800000, 0x00000000c94c0000, 0x0000000100000000)
   the space 127744K,  37% used [0x00000000c1800000, 0x00000000c4635728, 0x00000000c4635800, 0x00000000c94c0000)
 Metaspace       used 14608K, capacity 14952K, committed 15104K, reserved 1062912K
  class space    used 1648K, capacity 1726K, committed 1792K, reserved 1048576K

Card table byte_map: [0x00000000125d0000,0x00000000128c0000] byte_map_base: 0x00000000120be000

Polling page: 0x00000000015c0000

CodeCache: size=245760Kb used=10779Kb max_used=10798Kb free=234980Kb
 bounds [0x0000000003210000, 0x0000000003cb0000, 0x0000000012210000]
 total_blobs=3361 nmethods=3007 adapters=268
 compilation: enabled

Compilation events (10 events):
Event: 10.326 Thread 0x00000000133c2800 3463       3       com.sun.org.apache.xerces.internal.impl.XMLEntityScanner::<init> (71 bytes)
Event: 10.326 Thread 0x00000000133c2800 nmethod 3463 0x000000000389e450 code [0x000000000389e5e0, 0x000000000389ea28]
Event: 10.327 Thread 0x00000000133c2800 3464       3       java.util.Hashtable$Enumerator::<init> (61 bytes)
Event: 10.327 Thread 0x00000000133c2800 nmethod 3464 0x000000000389df50 code [0x000000000389e0c0, 0x000000000389e310]
Event: 10.329 Thread 0x00000000133c2800 3465       3       com.altera.sopcmodel.ipupgrade.VersionRange::<init> (311 bytes)
Event: 10.336 Thread 0x00000000133c2800 nmethod 3465 0x0000000003c9ff10 code [0x0000000003ca05c0, 0x0000000003ca4d68]
Event: 10.367 Thread 0x00000000133c2800 3466       3       com.sun.org.apache.xerces.internal.utils.XMLSecurityManager$Limit::equalsAPIPropertyName (17 bytes)
Event: 10.367 Thread 0x00000000133c2800 nmethod 3466 0x000000000389dad0 code [0x000000000389dc40, 0x000000000389dea8]
Event: 10.419 Thread 0x00000000133c2800 3467       3       com.sun.org.apache.xerces.internal.utils.XMLSecurityManager::<init> (149 bytes)
Event: 10.420 Thread 0x00000000133c2800 nmethod 3467 0x000000000389bdd0 code [0x000000000389c040, 0x000000000389d348]

GC Heap History (10 events):
Event: 10.377 GC heap before
{Heap before GC invocations=469 (full 0):
 def new generation   total 1152K, used 1151K [0x00000000a2400000, 0x00000000a2540000, 0x00000000c1800000)
  eden space 1024K, 100% used [0x00000000a2400000, 0x00000000a2500000, 0x00000000a2500000)
  from space 128K,  99% used [0x00000000a2520000, 0x00000000a253fff8, 0x00000000a2540000)
  to   space 128K,   0% used [0x00000000a2500000, 0x00000000a2500000, 0x00000000a2520000)
 tenured generation   total 127744K, used 46955K [0x00000000c1800000, 0x00000000c94c0000, 0x0000000100000000)
   the space 127744K,  36% used [0x00000000c1800000, 0x00000000c45dafe0, 0x00000000c45db000, 0x00000000c94c0000)
 Metaspace       used 14608K, capacity 14952K, committed 15104K, reserved 1062912K
  class space    used 1648K, capacity 1726K, committed 1792K, reserved 1048576K
Event: 10.380 GC heap after
Heap after GC invocations=470 (full 0):
 def new generation   total 1152K, used 77K [0x00000000a2400000, 0x00000000a2540000, 0x00000000c1800000)
  eden space 1024K,   0% used [0x00000000a2400000, 0x00000000a2400000, 0x00000000a2500000)
  from space 128K,  60% used [0x00000000a2500000, 0x00000000a25135b0, 0x00000000a2520000)
  to   space 128K,   0% used [0x00000000a2520000, 0x00000000a2520000, 0x00000000a2540000)
 tenured generation   total 127744K, used 47038K [0x00000000c1800000, 0x00000000c94c0000, 0x0000000100000000)
   the space 127744K,  36% used [0x00000000c1800000, 0x00000000c45ef9e0, 0x00000000c45efa00, 0x00000000c94c0000)
 Metaspace       used 14608K, capacity 14952K, committed 15104K, reserved 1062912K
  class space    used 1648K, capacity 1726K, committed 1792K, reserved 1048576K
}
Event: 10.396 GC heap before
{Heap before GC invocations=470 (full 0):
 def new generation   total 1152K, used 1101K [0x00000000a2400000, 0x00000000a2540000, 0x00000000c1800000)
  eden space 1024K, 100% used [0x00000000a2400000, 0x00000000a2500000, 0x00000000a2500000)
  from space 128K,  60% used [0x00000000a2500000, 0x00000000a25135b0, 0x00000000a2520000)
  to   space 128K,   0% used [0x00000000a2520000, 0x00000000a2520000, 0x00000000a2540000)
 tenured generation   total 127744K, used 47038K [0x00000000c1800000, 0x00000000c94c0000, 0x0000000100000000)
   the space 127744K,  36% used [0x00000000c1800000, 0x00000000c45ef9e0, 0x00000000c45efa00, 0x00000000c94c0000)
 Metaspace       used 14608K, capacity 14952K, committed 15104K, reserved 1062912K
  class space    used 1648K, capacity 1726K, committed 1792K, reserved 1048576K
Event: 10.398 GC heap after
Heap after GC invocations=471 (full 0):
 def new generation   total 1152K, used 114K [0x00000000a2400000, 0x00000000a2540000, 0x00000000c1800000)
  eden space 1024K,   0% used [0x00000000a2400000, 0x00000000a2400000, 0x00000000a2500000)
  from space 128K,  89% used [0x00000000a2520000, 0x00000000a253cb78, 0x00000000a2540000)
  to   space 128K,   0% used [0x00000000a2500000, 0x00000000a2500000, 0x00000000a2520000)
 tenured generation   total 127744K, used 47055K [0x00000000c1800000, 0x00000000c94c0000, 0x0000000100000000)
   the space 127744K,  36% used [0x00000000c1800000, 0x00000000c45f3c90, 0x00000000c45f3e00, 0x00000000c94c0000)
 Metaspace       used 14608K, capacity 14952K, committed 15104K, reserved 1062912K
  class space    used 1648K, capacity 1726K, committed 1792K, reserved 1048576K
}
Event: 10.427 GC heap before
{Heap before GC invocations=471 (full 0):
 def new generation   total 1152K, used 1138K [0x00000000a2400000, 0x00000000a2540000, 0x00000000c1800000)
  eden space 1024K, 100% used [0x00000000a2400000, 0x00000000a2500000, 0x00000000a2500000)
  from space 128K,  89% used [0x00000000a2520000, 0x00000000a253cb78, 0x00000000a2540000)
  to   space 128K,   0% used [0x00000000a2500000, 0x00000000a2500000, 0x00000000a2520000)
 tenured generation   total 127744K, used 47055K [0x00000000c1800000, 0x00000000c94c0000, 0x0000000100000000)
   the space 127744K,  36% used [0x00000000c1800000, 0x00000000c45f3c90, 0x00000000c45f3e00, 0x00000000c94c0000)
 Metaspace       used 14608K, capacity 14952K, committed 15104K, reserved 1062912K
  class space    used 1648K, capacity 1726K, committed 1792K, reserved 1048576K
Event: 10.430 GC heap after
Heap after GC invocations=472 (full 0):
 def new generation   total 1152K, used 125K [0x00000000a2400000, 0x00000000a2540000, 0x00000000c1800000)
  eden space 1024K,   0% used [0x00000000a2400000, 0x00000000a2400000, 0x00000000a2500000)
  from space 128K,  98% used [0x00000000a2500000, 0x00000000a251f6f8, 0x00000000a2520000)
  to   space 128K,   0% used [0x00000000a2520000, 0x00000000a2520000, 0x00000000a2540000)
 tenured generation   total 127744K, used 47116K [0x00000000c1800000, 0x00000000c94c0000, 0x0000000100000000)
   the space 127744K,  36% used [0x00000000c1800000, 0x00000000c4603358, 0x00000000c4603400, 0x00000000c94c0000)
 Metaspace       used 14608K, capacity 14952K, committed 15104K, reserved 1062912K
  class space    used 1648K, capacity 1726K, committed 1792K, reserved 1048576K
}
Event: 10.438 GC heap before
{Heap before GC invocations=472 (full 0):
 def new generation   total 1152K, used 1149K [0x00000000a2400000, 0x00000000a2540000, 0x00000000c1800000)
  eden space 1024K,  99% used [0x00000000a2400000, 0x00000000a24ffd80, 0x00000000a2500000)
  from space 128K,  98% used [0x00000000a2500000, 0x00000000a251f6f8, 0x00000000a2520000)
  to   space 128K,   0% used [0x00000000a2520000, 0x00000000a2520000, 0x00000000a2540000)
 tenured generation   total 127744K, used 47116K [0x00000000c1800000, 0x00000000c94c0000, 0x0000000100000000)
   the space 127744K,  36% used [0x00000000c1800000, 0x00000000c4603358, 0x00000000c4603400, 0x00000000c94c0000)
 Metaspace       used 14608K, capacity 14952K, committed 15104K, reserved 1062912K
  class space    used 1648K, capacity 1726K, committed 1792K, reserved 1048576K
Event: 10.440 GC heap after
Heap after GC invocations=473 (full 0):
 def new generation   total 1152K, used 68K [0x00000000a2400000, 0x00000000a2540000, 0x00000000c1800000)
  eden space 1024K,   0% used [0x00000000a2400000, 0x00000000a2400000, 0x00000000a2500000)
  from space 128K,  53% used [0x00000000a2520000, 0x00000000a2531068, 0x00000000a2540000)
  to   space 128K,   0% used [0x00000000a2500000, 0x00000000a2500000, 0x00000000a2520000)
 tenured generation   total 127744K, used 47197K [0x00000000c1800000, 0x00000000c94c0000, 0x0000000100000000)
   the space 127744K,  36% used [0x00000000c1800000, 0x00000000c46174c8, 0x00000000c4617600, 0x00000000c94c0000)
 Metaspace       used 14608K, capacity 14952K, committed 15104K, reserved 1062912K
  class space    used 1648K, capacity 1726K, committed 1792K, reserved 1048576K
}
Event: 10.470 GC heap before
{Heap before GC invocations=473 (full 0):
 def new generation   total 1152K, used 1092K [0x00000000a2400000, 0x00000000a2540000, 0x00000000c1800000)
  eden space 1024K, 100% used [0x00000000a2400000, 0x00000000a2500000, 0x00000000a2500000)
  from space 128K,  53% used [0x00000000a2520000, 0x00000000a2531068, 0x00000000a2540000)
  to   space 128K,   0% used [0x00000000a2500000, 0x00000000a2500000, 0x00000000a2520000)
 tenured generation   total 127744K, used 47197K [0x00000000c1800000, 0x00000000c94c0000, 0x0000000100000000)
   the space 127744K,  36% used [0x00000000c1800000, 0x00000000c46174c8, 0x00000000c4617600, 0x00000000c94c0000)
 Metaspace       used 14608K, capacity 14952K, committed 15104K, reserved 1062912K
  class space    used 1648K, capacity 1726K, committed 1792K, reserved 1048576K
Event: 10.473 GC heap after
Heap after GC invocations=474 (full 0):
 def new generation   total 1152K, used 128K [0x00000000a2400000, 0x00000000a2540000, 0x00000000c1800000)
  eden space 1024K,   0% used [0x00000000a2400000, 0x00000000a2400000, 0x00000000a2500000)
  from space 128K, 100% used [0x00000000a2500000, 0x00000000a2520000, 0x00000000a2520000)
  to   space 128K,   0% used [0x00000000a2520000, 0x00000000a2520000, 0x00000000a2540000)
 tenured generation   total 127744K, used 47234K [0x00000000c1800000, 0x00000000c94c0000, 0x0000000100000000)
   the space 127744K,  36% used [0x00000000c1800000, 0x00000000c4620a08, 0x00000000c4620c00, 0x00000000c94c0000)
 Metaspace       used 14608K, capacity 14952K, committed 15104K, reserved 1062912K
  class space    used 1648K, capacity 1726K, committed 1792K, reserved 1048576K
}

Deoptimization events (10 events):
Event: 3.187 Thread 0x0000000003115800 Uncommon trap: reason=class_check action=maybe_recompile pc=0x000000000375c948 method=com.sun.org.apache.xerces.internal.impl.XMLDocumentFragmentScannerImpl.scanEndElement()I @ 142
Event: 3.460 Thread 0x0000000003115800 Uncommon trap: reason=array_check action=maybe_recompile pc=0x00000000038c8c54 method=java.util.AbstractCollection.toArray([Ljava/lang/Object;)[Ljava/lang/Object; @ 119
Event: 3.461 Thread 0x0000000003115800 Uncommon trap: reason=array_check action=maybe_recompile pc=0x00000000038c8c54 method=java.util.AbstractCollection.toArray([Ljava/lang/Object;)[Ljava/lang/Object; @ 119
Event: 3.461 Thread 0x0000000003115800 Uncommon trap: reason=array_check action=maybe_recompile pc=0x00000000038c8c54 method=java.util.AbstractCollection.toArray([Ljava/lang/Object;)[Ljava/lang/Object; @ 119
Event: 3.461 Thread 0x0000000003115800 Uncommon trap: reason=array_check action=maybe_recompile pc=0x00000000038c8c54 method=java.util.AbstractCollection.toArray([Ljava/lang/Object;)[Ljava/lang/Object; @ 119
Event: 4.694 Thread 0x0000000003115800 Uncommon trap: reason=bimorphic action=maybe_recompile pc=0x000000000393b814 method=java.util.AbstractList$Itr.next()Ljava/lang/Object; @ 14
Event: 5.809 Thread 0x0000000003115800 Uncommon trap: reason=class_check action=maybe_recompile pc=0x00000000038f9b10 method=java.io.FilterInputStream.read([BII)I @ 7
Event: 5.810 Thread 0x0000000003115800 Uncommon trap: reason=class_check action=maybe_recompile pc=0x00000000038f9b10 method=java.io.FilterInputStream.read([BII)I @ 7
Event: 5.810 Thread 0x0000000003115800 Uncommon trap: reason=class_check action=maybe_recompile pc=0x00000000038f9b10 method=java.io.FilterInputStream.read([BII)I @ 7
Event: 5.811 Thread 0x0000000003115800 Uncommon trap: reason=class_check action=maybe_recompile pc=0x00000000038f9b10 method=java.io.FilterInputStream.read([BII)I @ 7

Internal exceptions (10 events):
Event: 10.430 Thread 0x0000000003115800 Exception <a 'java/security/PrivilegedActionException'> (0x00000000a2404fb0) thrown at [D:\re\workspace\8-2-build-windows-amd64-cygwin\jdk8u5\2488\hotspot\src\share\vm\prims\jvm.cpp, line 1248]
Event: 10.431 Thread 0x0000000003115800 Exception <a 'java/security/PrivilegedActionException'> (0x00000000a24123b0) thrown at [D:\re\workspace\8-2-build-windows-amd64-cygwin\jdk8u5\2488\hotspot\src\share\vm\prims\jvm.cpp, line 1248]
Event: 10.431 Thread 0x0000000003115800 Exception <a 'java/security/PrivilegedActionException'> (0x00000000a241b7e8) thrown at [D:\re\workspace\8-2-build-windows-amd64-cygwin\jdk8u5\2488\hotspot\src\share\vm\prims\jvm.cpp, line 1248]
Event: 10.454 Thread 0x0000000003115800 Exception <a 'java/lang/ClassNotFoundException': com/sun/org/glassfish/hk2/osgiresourcelocator/ServiceLoader> (0x00000000a244c800) thrown at [D:\re\workspace\8-2-build-windows-amd64-cygwin\jdk8u5\2488\hotspot\src\share\vm\classfile\systemDictionary.cpp, li
Event: 10.457 Thread 0x0000000003115800 Exception <a 'java/security/PrivilegedActionException'> (0x00000000a2487b08) thrown at [D:\re\workspace\8-2-build-windows-amd64-cygwin\jdk8u5\2488\hotspot\src\share\vm\prims\jvm.cpp, line 1248]
Event: 10.458 Thread 0x0000000003115800 Exception <a 'java/security/PrivilegedActionException'> (0x00000000a2490f80) thrown at [D:\re\workspace\8-2-build-windows-amd64-cygwin\jdk8u5\2488\hotspot\src\share\vm\prims\jvm.cpp, line 1248]
Event: 10.459 Thread 0x0000000003115800 Exception <a 'java/security/PrivilegedActionException'> (0x00000000a249dc98) thrown at [D:\re\workspace\8-2-build-windows-amd64-cygwin\jdk8u5\2488\hotspot\src\share\vm\prims\jvm.cpp, line 1248]
Event: 10.459 Thread 0x0000000003115800 Exception <a 'java/security/PrivilegedActionException'> (0x00000000a24a70d8) thrown at [D:\re\workspace\8-2-build-windows-amd64-cygwin\jdk8u5\2488\hotspot\src\share\vm\prims\jvm.cpp, line 1248]
Event: 10.460 Thread 0x0000000003115800 Exception <a 'java/security/PrivilegedActionException'> (0x00000000a24b4550) thrown at [D:\re\workspace\8-2-build-windows-amd64-cygwin\jdk8u5\2488\hotspot\src\share\vm\prims\jvm.cpp, line 1248]
Event: 10.460 Thread 0x0000000003115800 Exception <a 'java/security/PrivilegedActionException'> (0x00000000a24bd9c8) thrown at [D:\re\workspace\8-2-build-windows-amd64-cygwin\jdk8u5\2488\hotspot\src\share\vm\prims\jvm.cpp, line 1248]

Events (10 events):
Event: 10.454 loading class com/sun/org/glassfish/hk2/osgiresourcelocator/ServiceLoader
Event: 10.454 loading class com/sun/org/glassfish/hk2/osgiresourcelocator/ServiceLoader done
Event: 10.457 loading class java/lang/ObjectFactory
Event: 10.457 loading class java/lang/ObjectFactory done
Event: 10.459 loading class java/lang/ObjectFactory
Event: 10.459 loading class java/lang/ObjectFactory done
Event: 10.460 loading class java/lang/ObjectFactory
Event: 10.460 loading class java/lang/ObjectFactory done
Event: 10.470 Executing VM operation: GenCollectForAllocation
Event: 10.473 Executing VM operation: GenCollectForAllocation done


Dynamic libraries:
0x00007ff773650000 - 0x00007ff773684000 	D:\quartus\quartus\bin64\jre64\bin\java.exe
0x00007ffd7d450000 - 0x00007ffd7d648000 	C:\WINDOWS\SYSTEM32\ntdll.dll
0x00007ffd7b7a0000 - 0x00007ffd7b862000 	C:\WINDOWS\System32\KERNEL32.DLL
0x00007ffd7aaf0000 - 0x00007ffd7adee000 	C:\WINDOWS\System32\KERNELBASE.dll
0x00007ffd7d350000 - 0x00007ffd7d401000 	C:\WINDOWS\System32\ADVAPI32.dll
0x00007ffd7d240000 - 0x00007ffd7d2de000 	C:\WINDOWS\System32\msvcrt.dll
0x00007ffd7c7c0000 - 0x00007ffd7c85f000 	C:\WINDOWS\System32\sechost.dll
0x00007ffd7b550000 - 0x00007ffd7b673000 	C:\WINDOWS\System32\RPCRT4.dll
0x00007ffd7b390000 - 0x00007ffd7b3b7000 	C:\WINDOWS\System32\bcrypt.dll
0x00007ffd7cfd0000 - 0x00007ffd7d16d000 	C:\WINDOWS\System32\USER32.dll
0x00007ffd7b2f0000 - 0x00007ffd7b312000 	C:\WINDOWS\System32\win32u.dll
0x00007ffd7c0e0000 - 0x00007ffd7c10b000 	C:\WINDOWS\System32\GDI32.dll
0x00007ffd7aef0000 - 0x00007ffd7b007000 	C:\WINDOWS\System32\gdi32full.dll
0x00007ffd7b250000 - 0x00007ffd7b2ed000 	C:\WINDOWS\System32\msvcp_win.dll
0x00007ffd7adf0000 - 0x00007ffd7aef0000 	C:\WINDOWS\System32\ucrtbase.dll
0x00007ffd65070000 - 0x00007ffd6530a000 	C:\WINDOWS\WinSxS\amd64_microsoft.windows.common-controls_6595b64144ccf1df_6.0.19041.4355_none_60b8b9eb71f62e16\COMCTL32.dll
0x00007ffd7c320000 - 0x00007ffd7c34f000 	C:\WINDOWS\System32\IMM32.DLL
0x000000005abf0000 - 0x000000005acc2000 	D:\quartus\quartus\bin64\jre64\bin\msvcr100.dll
0x0000000059ea0000 - 0x000000005a6ca000 	D:\quartus\quartus\bin64\jre64\bin\server\jvm.dll
0x00007ffd7b870000 - 0x00007ffd7b878000 	C:\WINDOWS\System32\PSAPI.DLL
0x00007ffd4e3e0000 - 0x00007ffd4e3e9000 	C:\WINDOWS\SYSTEM32\WSOCK32.dll
0x00007ffd665d0000 - 0x00007ffd665f7000 	C:\WINDOWS\SYSTEM32\WINMM.dll
0x00007ffd7bf40000 - 0x00007ffd7bfab000 	C:\WINDOWS\System32\WS2_32.dll
0x000000005ab60000 - 0x000000005ab6f000 	D:\quartus\quartus\bin64\jre64\bin\verify.dll
0x000000005ab30000 - 0x000000005ab58000 	D:\quartus\quartus\bin64\jre64\bin\java.dll
0x000000005ab10000 - 0x000000005ab26000 	D:\quartus\quartus\bin64\jre64\bin\zip.dll
0x00007ffd7c860000 - 0x00007ffd7cfcd000 	C:\WINDOWS\System32\SHELL32.dll
0x00007ffd78850000 - 0x00007ffd78ff4000 	C:\WINDOWS\SYSTEM32\windows.storage.dll
0x00007ffd7bbe0000 - 0x00007ffd7bf33000 	C:\WINDOWS\System32\combase.dll
0x00007ffd7a450000 - 0x00007ffd7a47e000 	C:\WINDOWS\SYSTEM32\Wldp.dll
0x00007ffd7d170000 - 0x00007ffd7d23d000 	C:\WINDOWS\System32\OLEAUT32.dll
0x00007ffd7c270000 - 0x00007ffd7c31d000 	C:\WINDOWS\System32\SHCORE.dll
0x00007ffd7c110000 - 0x00007ffd7c165000 	C:\WINDOWS\System32\shlwapi.dll
0x00007ffd7aa20000 - 0x00007ffd7aa44000 	C:\WINDOWS\SYSTEM32\profapi.dll
0x00007ffd725a0000 - 0x00007ffd725a6000 	D:\Quartus\quartus\bin64\sld_utiljni.dll
0x00007ffd63d10000 - 0x00007ffd63dff000 	D:\Quartus\quartus\bin64\MSVCR120.dll
0x00007ffd378d0000 - 0x00007ffd37a9b000 	D:\Quartus\quartus\bin64\sld_filejni.dll
0x00007ffd7bfb0000 - 0x00007ffd7c0db000 	C:\WINDOWS\System32\ole32.dll
0x00007ffd7b470000 - 0x00007ffd7b54a000 	C:\WINDOWS\System32\COMDLG32.dll
0x00007ffd703a0000 - 0x00007ffd703bd000 	C:\WINDOWS\SYSTEM32\dhcpcsvc.DLL
0x00007ffd64a90000 - 0x00007ffd64aa9000 	C:\WINDOWS\SYSTEM32\NETAPI32.dll
0x000000005bde0000 - 0x000000005bf67000 	D:\Quartus\quartus\bin64\tcl86.dll
0x00007ffd79fa0000 - 0x00007ffd79fac000 	C:\WINDOWS\SYSTEM32\NETUTILS.DLL
0x00007ffd6a290000 - 0x00007ffd6a2a9000 	C:\WINDOWS\SYSTEM32\SAMCLI.DLL
0x00007ffd79fb0000 - 0x00007ffd79ff3000 	C:\WINDOWS\SYSTEM32\LOGONCLI.DLL
0x00007ffd68370000 - 0x00007ffd68379000 	D:\Quartus\quartus\bin64\tcl_jni_bridge.dll
0x00007ffd7a3a0000 - 0x00007ffd7a3b8000 	C:\WINDOWS\SYSTEM32\CRYPTSP.dll
0x00007ffd79ad0000 - 0x00007ffd79b04000 	C:\WINDOWS\system32\rsaenh.dll
0x00007ffd7a9e0000 - 0x00007ffd7aa0e000 	C:\WINDOWS\SYSTEM32\USERENV.dll
0x00007ffd7b010000 - 0x00007ffd7b092000 	C:\WINDOWS\System32\bcryptprimitives.dll
0x00007ffd7a3c0000 - 0x00007ffd7a3cc000 	C:\WINDOWS\SYSTEM32\CRYPTBASE.dll
0x000000005a950000 - 0x000000005a96a000 	D:\Quartus\quartus\bin64\jre64\bin\net.dll
0x00007ffd7a1b0000 - 0x00007ffd7a21a000 	C:\WINDOWS\system32\mswsock.dll
0x00007ffd79e90000 - 0x00007ffd79ecb000 	C:\WINDOWS\SYSTEM32\IPHLPAPI.DLL
0x00007ffd7d2e0000 - 0x00007ffd7d2e8000 	C:\WINDOWS\System32\NSI.dll
0x00007ffd6ee50000 - 0x00007ffd6ee67000 	C:\WINDOWS\SYSTEM32\dhcpcsvc6.DLL
0x00007ffd79ed0000 - 0x00007ffd79f9a000 	C:\WINDOWS\SYSTEM32\DNSAPI.dll
0x000000005a930000 - 0x000000005a941000 	D:\Quartus\quartus\bin64\jre64\bin\nio.dll
0x00007ffd610d0000 - 0x00007ffd61190000 	D:\Quartus\quartus\bin64\ccl_sqlite3.dll
0x00007ffd72540000 - 0x00007ffd72550000 	D:\Quartus\quartus\bin64\ccl_sqlite3_jdbc_jni_bridge.dll
0x00007ffd613e0000 - 0x00007ffd61568000 	D:\Quartus\quartus\bin64\dbghelp.dll

VM Arguments:
jvm_args: -Xmx1500M -XX:+UseSerialGC 
java_command: com.altera.sopcmodel.sbtools.sbcatalog.SbCatalog --xml --project-directory= --search-path=$,D:\Quartus\Mon_SOPC,D:\Quartus\Mon_SOPC
java_class_path (initial): D:/quartus/quartus/sopc_builder/model/lib\Nlview.jar;D:/quartus/quartus/sopc_builder/model/lib\QuickServer.jar;D:/quartus/quartus/sopc_builder/model/lib\TableLayout.jar;D:/quartus/quartus/sopc_builder/model/lib\appframework-1.03.jar;D:/quartus/quartus/sopc_builder/model/lib\asm-3.1.jar;D:/quartus/quartus/sopc_builder/model/lib\asm-commons-3.1.jar;D:/quartus/quartus/sopc_builder/model/lib\basicmodel.jar;D:/quartus/quartus/sopc_builder/model/lib\beansbinding-1.2.1.jar;D:/quartus/quartus/sopc_builder/model/lib\binding-2.0.6.jar;D:/quartus/quartus/sopc_builder/model/lib\com.altera.componenteditor2.jar;D:/quartus/quartus/sopc_builder/model/lib\com.altera.embeddedsw.app_lib.jar;D:/quartus/quartus/sopc_builder/model/lib\com.altera.embeddedsw.bsp.editor.jar;D:/quartus/quartus/sopc_builder/model/lib\com.altera.embeddedsw.bsp.elements.jar;D:/quartus/quartus/sopc_builder/model/lib\com.altera.embeddedsw.bsp.jar;D:/quartus/quartus/sopc_builder/model/lib\com.altera.embeddedsw.bsp.plugin.core.jar;D:/quartus/quartus/sopc_builder/model/lib\com.altera.embeddedsw.bsp.plugin.hal.jar;D:/quartus/quartus/sopc_builder/model/lib\com.altera.embeddedsw.bsp.plugin.lwhal.jar;D:/quartus/quartus/sopc_builder/model/lib\com.altera.embeddedsw.bsp.schema.jar;D:/quartus/quartus/sopc_builder/model/lib\com.altera.embeddedsw.bsp.scripting.jar;D:/quartus/quartus/sopc_builder/model/lib\com.altera.embeddedsw.commandline.jar;D:/quartus/quartus/sopc_builder/model/lib\com.altera.embeddedsw.cpexample.jar;D:/quartus/quartus/sopc_builder/model/lib\com.altera.embeddedsw.flash.jar;D:/quartus/quartus/sopc_builder/model/lib\com.altera.embeddedsw.launch.jar;D:/quartus/quartus/sopc_builder/model/lib\com.altera.embeddedsw.swinfo.jar;D:/quartus/quartus/sopc_builder/model/lib\com.altera.embeddedsw.utilities.jar;D:/quartus/quartus/sopc_builder/model/lib\com.altera.entityinterfaces.jar;D:/quartus/quartus/sopc_builder/model/lib\com.altera.genman.jar;D:/quartus/quartus/sopc_builder/model/lib\com.a
Launcher Type: SUN_STANDARD

Environment Variables:
PATH=D:/quartus/quartus/bin64;d:\quartus\quartus\bin64\;d:\quartus\quartus\bin64\;C:\Program Files (x86)\Common Files\Oracle\Java\javapath;C:\Program Files\Java\jre1.8.0_291\bin;C:\ispLEVER_Classic2_1\ispcpld\bin;C:\ispLEVER_Classic2_1\ispFPGA\bin\nt;C:\WINDOWS\system32;C:\WINDOWS;C:\WINDOWS\System32\Wbem;C:\WINDOWS\System32\WindowsPowerShell\v1.0\;C:\WINDOWS\System32\OpenSSH\;C:\RessourcesLabsSTM32\Python27;C:\RessourcesLabsSTM32\GNU_Tools_ARM_Embedded\bin;C:\RessourcesLabsSTM32\goil-windows;C:\RessourcesLabsSTM32\trampoline\machines;C:\RessourcesLabsSTM32\en.stsw-link004\bin;C;C;C:\Program Files\Git\cmd;C:\Users\admin\AppData\Local\Microsoft\WindowsApps;C:\Users\admin\AppData\Local\Programs\MiKTeX\miktex\bin\x64\;C:\Users\admin\AppData\Local\GitHubDesktop\bin;D:\Quartus\modelsim_ase\win32aloem;D:\Quartus\modelsim_ae\win32aloem
USERNAME=admin
OS=Windows_NT
PROCESSOR_IDENTIFIER=Intel64 Family 6 Model 122 Stepping 1, GenuineIntel



---------------  S Y S T E M  ---------------

OS: Windows 8.1 , 64 bit Build 9600 

CPU:total 4 (4 cores per cpu, 1 threads per core) family 6 model 122 stepping 1, cmov, cx8, fxsr, mmx, sse, sse2, sse3, ssse3, sse4.1, sse4.2, popcnt, aes, clmul, erms, tsc, tscinvbit

Memory: 4k page, physical 8205196k(773104k free), swap 23833096k(4096k free)

vm_info: Java HotSpot(TM) 64-Bit Server VM (25.5-b02) for windows-amd64 JRE (1.8.0_05-b13), built on Mar 18 2014 01:08:39 by "java_re" with MS VC++ 10.0 (VS2010)

time: Mon Dec 09 10:59:56 2024
elapsed time: 10 seconds

