Info: Starting: Create block symbol file (.bsf)
Info: qsys-generate C:\Users\etudiant\Desktop\Mon_SOPC\MySOPC.qsys --block-symbol-file --output-directory=C:\Users\etudiant\Desktop\Mon_SOPC\pmw --family="Cyclone IV E" --part=EP4CE22F17C6
Progress: Loading Mon_SOPC/MySOPC.qsys
Progress: Reading input file
Progress: Adding Boutons [altera_avalon_pio 18.1]
Progress: Parameterizing module Boutons
Progress: Adding Leds [altera_avalon_pio 18.1]
Progress: Parameterizing module Leds
Progress: Adding Verin_Avalon_0 [Verin_Avalon 1.0]
Progress: Parameterizing module Verin_Avalon_0
Progress: Adding avalon_anemo_0 [avalon_anemo 1.0]
Progress: Parameterizing module avalon_anemo_0
Progress: Adding clk_0 [clock_source 18.1]
Progress: Parameterizing module clk_0
Progress: Adding jtag_uart_0 [altera_avalon_jtag_uart 18.1]
Progress: Parameterizing module jtag_uart_0
Progress: Adding nios2_qsys_0 [altera_nios2_gen2 18.1]
Progress: Parameterizing module nios2_qsys_0
Progress: Adding onchip_memory2_0 [altera_avalon_onchip_memory2 18.1]
Progress: Parameterizing module onchip_memory2_0
Progress: Adding pwm_0 [pwm 1.0]
Progress: Parameterizing module pwm_0
Progress: Adding sysid_qsys_0 [altera_avalon_sysid_qsys 18.1]
Progress: Parameterizing module sysid_qsys_0
Progress: Building connections
Progress: Parameterizing connections
Progress: Validating
Progress: Done reading input file
Info: MySOPC.Boutons: PIO inputs are not hardwired in test bench. Undefined values will be read from PIO inputs during simulation.
Info: MySOPC.jtag_uart_0: JTAG UART IP input clock need to be at least double (2x) the operating frequency of JTAG TCK on board
Info: MySOPC.sysid_qsys_0: System ID is not assigned automatically. Edit the System ID parameter to provide a unique ID
Info: MySOPC.sysid_qsys_0: Time stamp will be automatically updated when this component is generated.
Info: qsys-generate succeeded.
Info: Finished: Create block symbol file (.bsf)
Info: 
Info: Starting: Create HDL design files for synthesis
Info: qsys-generate C:\Users\etudiant\Desktop\Mon_SOPC\MySOPC.qsys --synthesis=VHDL --output-directory=C:\Users\etudiant\Desktop\Mon_SOPC\pmw\synthesis --family="Cyclone IV E" --part=EP4CE22F17C6
Progress: Loading Mon_SOPC/MySOPC.qsys
Progress: Reading input file
Progress: Adding Boutons [altera_avalon_pio 18.1]
Progress: Parameterizing module Boutons
Progress: Adding Leds [altera_avalon_pio 18.1]
Progress: Parameterizing module Leds
Progress: Adding Verin_Avalon_0 [Verin_Avalon 1.0]
Progress: Parameterizing module Verin_Avalon_0
Progress: Adding avalon_anemo_0 [avalon_anemo 1.0]
Progress: Parameterizing module avalon_anemo_0
Progress: Adding clk_0 [clock_source 18.1]
Progress: Parameterizing module clk_0
Progress: Adding jtag_uart_0 [altera_avalon_jtag_uart 18.1]
Progress: Parameterizing module jtag_uart_0
Progress: Adding nios2_qsys_0 [altera_nios2_gen2 18.1]
Progress: Parameterizing module nios2_qsys_0
Progress: Adding onchip_memory2_0 [altera_avalon_onchip_memory2 18.1]
Progress: Parameterizing module onchip_memory2_0
Progress: Adding pwm_0 [pwm 1.0]
Progress: Parameterizing module pwm_0
Progress: Adding sysid_qsys_0 [altera_avalon_sysid_qsys 18.1]
Progress: Parameterizing module sysid_qsys_0
Progress: Building connections
Progress: Parameterizing connections
Progress: Validating
Progress: Done reading input file
Info: MySOPC.Boutons: PIO inputs are not hardwired in test bench. Undefined values will be read from PIO inputs during simulation.
Info: MySOPC.jtag_uart_0: JTAG UART IP input clock need to be at least double (2x) the operating frequency of JTAG TCK on board
Info: MySOPC.sysid_qsys_0: System ID is not assigned automatically. Edit the System ID parameter to provide a unique ID
Info: MySOPC.sysid_qsys_0: Time stamp will be automatically updated when this component is generated.
Info: MySOPC: Generating MySOPC "MySOPC" for QUARTUS_SYNTH
Info: Boutons: Starting RTL generation for module 'MySOPC_Boutons'
Info: Boutons:   Generation command is [exec C:/intelfpga_lite/18.1/quartus/bin64/perl/bin/perl.exe -I C:/intelfpga_lite/18.1/quartus/bin64/perl/lib -I C:/intelfpga_lite/18.1/quartus/sopc_builder/bin/europa -I C:/intelfpga_lite/18.1/quartus/sopc_builder/bin/perl_lib -I C:/intelfpga_lite/18.1/quartus/sopc_builder/bin -I C:/intelfpga_lite/18.1/quartus/../ip/altera/sopc_builder_ip/common -I C:/intelfpga_lite/18.1/quartus/../ip/altera/sopc_builder_ip/altera_avalon_pio -- C:/intelfpga_lite/18.1/quartus/../ip/altera/sopc_builder_ip/altera_avalon_pio/generate_rtl.pl --name=MySOPC_Boutons --dir=C:/Users/etudiant/AppData/Local/Temp/alt0072_4749929497797563428.dir/0025_Boutons_gen/ --quartus_dir=C:/intelfpga_lite/18.1/quartus --verilog --config=C:/Users/etudiant/AppData/Local/Temp/alt0072_4749929497797563428.dir/0025_Boutons_gen//MySOPC_Boutons_component_configuration.pl  --do_build_sim=0  ]
Info: Boutons: Done RTL generation for module 'MySOPC_Boutons'
Info: Boutons: "MySOPC" instantiated altera_avalon_pio "Boutons"
Info: Leds: Starting RTL generation for module 'MySOPC_Leds'
Info: Leds:   Generation command is [exec C:/intelfpga_lite/18.1/quartus/bin64/perl/bin/perl.exe -I C:/intelfpga_lite/18.1/quartus/bin64/perl/lib -I C:/intelfpga_lite/18.1/quartus/sopc_builder/bin/europa -I C:/intelfpga_lite/18.1/quartus/sopc_builder/bin/perl_lib -I C:/intelfpga_lite/18.1/quartus/sopc_builder/bin -I C:/intelfpga_lite/18.1/quartus/../ip/altera/sopc_builder_ip/common -I C:/intelfpga_lite/18.1/quartus/../ip/altera/sopc_builder_ip/altera_avalon_pio -- C:/intelfpga_lite/18.1/quartus/../ip/altera/sopc_builder_ip/altera_avalon_pio/generate_rtl.pl --name=MySOPC_Leds --dir=C:/Users/etudiant/AppData/Local/Temp/alt0072_4749929497797563428.dir/0026_Leds_gen/ --quartus_dir=C:/intelfpga_lite/18.1/quartus --verilog --config=C:/Users/etudiant/AppData/Local/Temp/alt0072_4749929497797563428.dir/0026_Leds_gen//MySOPC_Leds_component_configuration.pl  --do_build_sim=0  ]
Info: Leds: Done RTL generation for module 'MySOPC_Leds'
Info: Leds: "MySOPC" instantiated altera_avalon_pio "Leds"
Info: Verin_Avalon_0: "MySOPC" instantiated Verin_Avalon "Verin_Avalon_0"
Info: avalon_anemo_0: "MySOPC" instantiated avalon_anemo "avalon_anemo_0"
Info: jtag_uart_0: Starting RTL generation for module 'MySOPC_jtag_uart_0'
Info: jtag_uart_0:   Generation command is [exec C:/intelfpga_lite/18.1/quartus/bin64/perl/bin/perl.exe -I C:/intelfpga_lite/18.1/quartus/bin64/perl/lib -I C:/intelfpga_lite/18.1/quartus/sopc_builder/bin/europa -I C:/intelfpga_lite/18.1/quartus/sopc_builder/bin/perl_lib -I C:/intelfpga_lite/18.1/quartus/sopc_builder/bin -I C:/intelfpga_lite/18.1/quartus/../ip/altera/sopc_builder_ip/common -I C:/intelfpga_lite/18.1/quartus/../ip/altera/sopc_builder_ip/altera_avalon_jtag_uart -- C:/intelfpga_lite/18.1/quartus/../ip/altera/sopc_builder_ip/altera_avalon_jtag_uart/generate_rtl.pl --name=MySOPC_jtag_uart_0 --dir=C:/Users/etudiant/AppData/Local/Temp/alt0072_4749929497797563428.dir/0029_jtag_uart_0_gen/ --quartus_dir=C:/intelfpga_lite/18.1/quartus --verilog --config=C:/Users/etudiant/AppData/Local/Temp/alt0072_4749929497797563428.dir/0029_jtag_uart_0_gen//MySOPC_jtag_uart_0_component_configuration.pl  --do_build_sim=0  ]
Info: jtag_uart_0: Done RTL generation for module 'MySOPC_jtag_uart_0'
Info: jtag_uart_0: "MySOPC" instantiated altera_avalon_jtag_uart "jtag_uart_0"
Info: nios2_qsys_0: "MySOPC" instantiated altera_nios2_gen2 "nios2_qsys_0"
Info: onchip_memory2_0: Starting RTL generation for module 'MySOPC_onchip_memory2_0'
Info: onchip_memory2_0:   Generation command is [exec C:/intelfpga_lite/18.1/quartus/bin64/perl/bin/perl.exe -I C:/intelfpga_lite/18.1/quartus/bin64/perl/lib -I C:/intelfpga_lite/18.1/quartus/sopc_builder/bin/europa -I C:/intelfpga_lite/18.1/quartus/sopc_builder/bin/perl_lib -I C:/intelfpga_lite/18.1/quartus/sopc_builder/bin -I C:/intelfpga_lite/18.1/quartus/../ip/altera/sopc_builder_ip/common -I C:/intelfpga_lite/18.1/quartus/../ip/altera/sopc_builder_ip/altera_avalon_onchip_memory2 -- C:/intelfpga_lite/18.1/quartus/../ip/altera/sopc_builder_ip/altera_avalon_onchip_memory2/generate_rtl.pl --name=MySOPC_onchip_memory2_0 --dir=C:/Users/etudiant/AppData/Local/Temp/alt0072_4749929497797563428.dir/0030_onchip_memory2_0_gen/ --quartus_dir=C:/intelfpga_lite/18.1/quartus --verilog --config=C:/Users/etudiant/AppData/Local/Temp/alt0072_4749929497797563428.dir/0030_onchip_memory2_0_gen//MySOPC_onchip_memory2_0_component_configuration.pl  --do_build_sim=0  ]
Info: onchip_memory2_0: Done RTL generation for module 'MySOPC_onchip_memory2_0'
Info: onchip_memory2_0: "MySOPC" instantiated altera_avalon_onchip_memory2 "onchip_memory2_0"
Info: pwm_0: "MySOPC" instantiated pwm "pwm_0"
Info: sysid_qsys_0: "MySOPC" instantiated altera_avalon_sysid_qsys "sysid_qsys_0"
Info: avalon_st_adapter: Inserting error_adapter: error_adapter_0
Info: avalon_st_adapter_001: Inserting error_adapter: error_adapter_0
Info: avalon_st_adapter_002: Inserting error_adapter: error_adapter_0
Info: avalon_st_adapter_003: Inserting error_adapter: error_adapter_0
Info: avalon_st_adapter_004: Inserting error_adapter: error_adapter_0
Info: avalon_st_adapter_005: Inserting error_adapter: error_adapter_0
Info: avalon_st_adapter_006: Inserting error_adapter: error_adapter_0
Info: avalon_st_adapter_007: Inserting error_adapter: error_adapter_0
Info: avalon_st_adapter_008: Inserting error_adapter: error_adapter_0
Info: mm_interconnect_0: "MySOPC" instantiated altera_mm_interconnect "mm_interconnect_0"
Info: irq_mapper: "MySOPC" instantiated altera_irq_mapper "irq_mapper"
Info: rst_controller: "MySOPC" instantiated altera_reset_controller "rst_controller"
Info: cpu: Starting RTL generation for module 'MySOPC_nios2_qsys_0_cpu'
Info: cpu:   Generation command is [exec C:/intelFPGA_lite/18.1/quartus/bin64//eperlcmd.exe -I C:/intelFPGA_lite/18.1/quartus/bin64//perl/lib -I C:/intelfpga_lite/18.1/quartus/sopc_builder/bin/europa -I C:/intelfpga_lite/18.1/quartus/sopc_builder/bin/perl_lib -I C:/intelfpga_lite/18.1/quartus/sopc_builder/bin -I C:/intelfpga_lite/18.1/quartus/../ip/altera/nios2_ip/altera_nios2_gen2/cpu_lib -I C:/intelfpga_lite/18.1/quartus/../ip/altera/nios2_ip/altera_nios2_gen2/nios_lib -I C:/intelfpga_lite/18.1/quartus/../ip/altera/nios2_ip/altera_nios2_gen2 -I C:/intelfpga_lite/18.1/quartus/../ip/altera/nios2_ip/altera_nios2_gen2 -- C:/intelfpga_lite/18.1/quartus/../ip/altera/nios2_ip/altera_nios2_gen2/generate_rtl.epl --name=MySOPC_nios2_qsys_0_cpu --dir=C:/Users/etudiant/AppData/Local/Temp/alt0072_4749929497797563428.dir/0035_cpu_gen/ --quartus_bindir=C:/intelFPGA_lite/18.1/quartus/bin64/ --verilog --config=C:/Users/etudiant/AppData/Local/Temp/alt0072_4749929497797563428.dir/0035_cpu_gen//MySOPC_nios2_qsys_0_cpu_processor_configuration.pl  --do_build_sim=0  ]
Info: cpu: # 2024.12.15 18:07:28 (*) Starting Nios II generation
Info: cpu: # 2024.12.15 18:07:28 (*)   Checking for plaintext license.
Info: cpu: # 2024.12.15 18:07:30 (*)   Couldn't query license setup in Quartus directory C:/intelFPGA_lite/18.1/quartus/bin64/
Info: cpu: # 2024.12.15 18:07:30 (*)   Defaulting to contents of LM_LICENSE_FILE environment variable
Info: cpu: # 2024.12.15 18:07:30 (*)   LM_LICENSE_FILE environment variable is empty
Info: cpu: # 2024.12.15 18:07:30 (*)   Plaintext license not found.
Info: cpu: # 2024.12.15 18:07:30 (*)   No license required to generate encrypted Nios II/e.
Info: cpu: # 2024.12.15 18:07:30 (*)   Elaborating CPU configuration settings
Info: cpu: # 2024.12.15 18:07:30 (*)   Creating all objects for CPU
Info: cpu: # 2024.12.15 18:07:31 (*)   Generating RTL from CPU objects
Info: cpu: # 2024.12.15 18:07:31 (*)   Creating plain-text RTL
Info: cpu: # 2024.12.15 18:07:32 (*) Done Nios II generation
Info: cpu: Done RTL generation for module 'MySOPC_nios2_qsys_0_cpu'
Info: cpu: "nios2_qsys_0" instantiated altera_nios2_gen2_unit "cpu"
Info: nios2_qsys_0_data_master_translator: "mm_interconnect_0" instantiated altera_merlin_master_translator "nios2_qsys_0_data_master_translator"
Info: jtag_uart_0_avalon_jtag_slave_translator: "mm_interconnect_0" instantiated altera_merlin_slave_translator "jtag_uart_0_avalon_jtag_slave_translator"
Info: nios2_qsys_0_data_master_agent: "mm_interconnect_0" instantiated altera_merlin_master_agent "nios2_qsys_0_data_master_agent"
Info: jtag_uart_0_avalon_jtag_slave_agent: "mm_interconnect_0" instantiated altera_merlin_slave_agent "jtag_uart_0_avalon_jtag_slave_agent"
Info: jtag_uart_0_avalon_jtag_slave_agent_rsp_fifo: "mm_interconnect_0" instantiated altera_avalon_sc_fifo "jtag_uart_0_avalon_jtag_slave_agent_rsp_fifo"
Info: router: "mm_interconnect_0" instantiated altera_merlin_router "router"
Info: router_002: "mm_interconnect_0" instantiated altera_merlin_router "router_002"
Info: cmd_demux: "mm_interconnect_0" instantiated altera_merlin_demultiplexer "cmd_demux"
Info: cmd_mux: "mm_interconnect_0" instantiated altera_merlin_multiplexer "cmd_mux"
Info: rsp_demux: "mm_interconnect_0" instantiated altera_merlin_demultiplexer "rsp_demux"
Info: rsp_mux: "mm_interconnect_0" instantiated altera_merlin_multiplexer "rsp_mux"
Info: Reusing file C:/Users/etudiant/Desktop/Mon_SOPC/pmw/synthesis/submodules/altera_merlin_arbitrator.sv
Info: avalon_st_adapter: "mm_interconnect_0" instantiated altera_avalon_st_adapter "avalon_st_adapter"
Info: error_adapter_0: "avalon_st_adapter" instantiated error_adapter "error_adapter_0"
Info: MySOPC: Done "MySOPC" with 27 modules, 40 files
Info: qsys-generate succeeded.
Info: Finished: Create HDL design files for synthesis
