Analysis & Synthesis report for verin
Mon Dec 09 08:47:10 2024
Quartus Prime Version 18.1.0 Build 625 09/12/2018 SJ Lite Edition


---------------------
; Table of Contents ;
---------------------
  1. Legal Notice
  2. Analysis & Synthesis Summary
  3. Analysis & Synthesis Settings
  4. Parallel Compilation
  5. Analysis & Synthesis Source Files Read
  6. Analysis & Synthesis Resource Usage Summary
  7. Analysis & Synthesis Resource Utilization by Entity
  8. General Register Statistics
  9. Multiplexer Restructuring Statistics (Restructuring Performed)
 10. Post-Synthesis Netlist Statistics for Top Partition
 11. Elapsed Time Per Partition
 12. Analysis & Synthesis Messages



----------------
; Legal Notice ;
----------------
Copyright (C) 2018  Intel Corporation. All rights reserved.
Your use of Intel Corporation's design tools, logic functions 
and other software and tools, and its AMPP partner logic 
functions, and any output files from any of the foregoing 
(including device programming or simulation files), and any 
associated documentation or information are expressly subject 
to the terms and conditions of the Intel Program License 
Subscription Agreement, the Intel Quartus Prime License Agreement,
the Intel FPGA IP License Agreement, or other applicable license
agreement, including, without limitation, that your use is for
the sole purpose of programming logic devices manufactured by
Intel and sold by Intel or its authorized distributors.  Please
refer to the applicable agreement for further details.



+----------------------------------------------------------------------------------+
; Analysis & Synthesis Summary                                                     ;
+------------------------------------+---------------------------------------------+
; Analysis & Synthesis Status        ; Successful - Mon Dec 09 08:47:10 2024       ;
; Quartus Prime Version              ; 18.1.0 Build 625 09/12/2018 SJ Lite Edition ;
; Revision Name                      ; verin                                       ;
; Top-level Entity Name              ; GestionADC                                  ;
; Family                             ; Cyclone IV E                                ;
; Total logic elements               ; 181                                         ;
;     Total combinational functions  ; 157                                         ;
;     Dedicated logic registers      ; 123                                         ;
; Total registers                    ; 123                                         ;
; Total pins                         ; 24                                          ;
; Total virtual pins                 ; 0                                           ;
; Total memory bits                  ; 0                                           ;
; Embedded Multiplier 9-bit elements ; 0                                           ;
; Total PLLs                         ; 0                                           ;
+------------------------------------+---------------------------------------------+


+------------------------------------------------------------------------------------------------------------+
; Analysis & Synthesis Settings                                                                              ;
+------------------------------------------------------------------+--------------------+--------------------+
; Option                                                           ; Setting            ; Default Value      ;
+------------------------------------------------------------------+--------------------+--------------------+
; Device                                                           ; EP4CE22F17C6       ;                    ;
; Top-level entity name                                            ; GestionADC         ; verin              ;
; Family name                                                      ; Cyclone IV E       ; Cyclone V          ;
; Use smart compilation                                            ; Off                ; Off                ;
; Enable parallel Assembler and Timing Analyzer during compilation ; On                 ; On                 ;
; Enable compact report table                                      ; Off                ; Off                ;
; Restructure Multiplexers                                         ; Auto               ; Auto               ;
; Create Debugging Nodes for IP Cores                              ; Off                ; Off                ;
; Preserve fewer node names                                        ; On                 ; On                 ;
; Intel FPGA IP Evaluation Mode                                    ; Enable             ; Enable             ;
; Verilog Version                                                  ; Verilog_2001       ; Verilog_2001       ;
; VHDL Version                                                     ; VHDL_1993          ; VHDL_1993          ;
; State Machine Processing                                         ; Auto               ; Auto               ;
; Safe State Machine                                               ; Off                ; Off                ;
; Extract Verilog State Machines                                   ; On                 ; On                 ;
; Extract VHDL State Machines                                      ; On                 ; On                 ;
; Ignore Verilog initial constructs                                ; Off                ; Off                ;
; Iteration limit for constant Verilog loops                       ; 5000               ; 5000               ;
; Iteration limit for non-constant Verilog loops                   ; 250                ; 250                ;
; Add Pass-Through Logic to Inferred RAMs                          ; On                 ; On                 ;
; Infer RAMs from Raw Logic                                        ; On                 ; On                 ;
; Parallel Synthesis                                               ; On                 ; On                 ;
; DSP Block Balancing                                              ; Auto               ; Auto               ;
; NOT Gate Push-Back                                               ; On                 ; On                 ;
; Power-Up Don't Care                                              ; On                 ; On                 ;
; Remove Redundant Logic Cells                                     ; Off                ; Off                ;
; Remove Duplicate Registers                                       ; On                 ; On                 ;
; Ignore CARRY Buffers                                             ; Off                ; Off                ;
; Ignore CASCADE Buffers                                           ; Off                ; Off                ;
; Ignore GLOBAL Buffers                                            ; Off                ; Off                ;
; Ignore ROW GLOBAL Buffers                                        ; Off                ; Off                ;
; Ignore LCELL Buffers                                             ; Off                ; Off                ;
; Ignore SOFT Buffers                                              ; On                 ; On                 ;
; Limit AHDL Integers to 32 Bits                                   ; Off                ; Off                ;
; Optimization Technique                                           ; Balanced           ; Balanced           ;
; Carry Chain Length                                               ; 70                 ; 70                 ;
; Auto Carry Chains                                                ; On                 ; On                 ;
; Auto Open-Drain Pins                                             ; On                 ; On                 ;
; Perform WYSIWYG Primitive Resynthesis                            ; Off                ; Off                ;
; Auto ROM Replacement                                             ; On                 ; On                 ;
; Auto RAM Replacement                                             ; On                 ; On                 ;
; Auto DSP Block Replacement                                       ; On                 ; On                 ;
; Auto Shift Register Replacement                                  ; Auto               ; Auto               ;
; Allow Shift Register Merging across Hierarchies                  ; Auto               ; Auto               ;
; Auto Clock Enable Replacement                                    ; On                 ; On                 ;
; Strict RAM Replacement                                           ; Off                ; Off                ;
; Allow Synchronous Control Signals                                ; On                 ; On                 ;
; Force Use of Synchronous Clear Signals                           ; Off                ; Off                ;
; Auto RAM Block Balancing                                         ; On                 ; On                 ;
; Auto RAM to Logic Cell Conversion                                ; Off                ; Off                ;
; Auto Resource Sharing                                            ; Off                ; Off                ;
; Allow Any RAM Size For Recognition                               ; Off                ; Off                ;
; Allow Any ROM Size For Recognition                               ; Off                ; Off                ;
; Allow Any Shift Register Size For Recognition                    ; Off                ; Off                ;
; Use LogicLock Constraints during Resource Balancing              ; On                 ; On                 ;
; Ignore translate_off and synthesis_off directives                ; Off                ; Off                ;
; Timing-Driven Synthesis                                          ; On                 ; On                 ;
; Report Parameter Settings                                        ; On                 ; On                 ;
; Report Source Assignments                                        ; On                 ; On                 ;
; Report Connectivity Checks                                       ; On                 ; On                 ;
; Ignore Maximum Fan-Out Assignments                               ; Off                ; Off                ;
; Synchronization Register Chain Length                            ; 2                  ; 2                  ;
; Power Optimization During Synthesis                              ; Normal compilation ; Normal compilation ;
; HDL message level                                                ; Level2             ; Level2             ;
; Suppress Register Optimization Related Messages                  ; Off                ; Off                ;
; Number of Removed Registers Reported in Synthesis Report         ; 5000               ; 5000               ;
; Number of Swept Nodes Reported in Synthesis Report               ; 5000               ; 5000               ;
; Number of Inverted Registers Reported in Synthesis Report        ; 100                ; 100                ;
; Clock MUX Protection                                             ; On                 ; On                 ;
; Auto Gated Clock Conversion                                      ; Off                ; Off                ;
; Block Design Naming                                              ; Auto               ; Auto               ;
; SDC constraint protection                                        ; Off                ; Off                ;
; Synthesis Effort                                                 ; Auto               ; Auto               ;
; Shift Register Replacement - Allow Asynchronous Clear Signal     ; On                 ; On                 ;
; Pre-Mapping Resynthesis Optimization                             ; Off                ; Off                ;
; Analysis & Synthesis Message Level                               ; Medium             ; Medium             ;
; Disable Register Merging Across Hierarchies                      ; Auto               ; Auto               ;
; Resource Aware Inference For Block RAM                           ; On                 ; On                 ;
+------------------------------------------------------------------+--------------------+--------------------+


+------------------------------------------+
; Parallel Compilation                     ;
+----------------------------+-------------+
; Processors                 ; Number      ;
+----------------------------+-------------+
; Number detected on machine ; 4           ;
; Maximum allowed            ; 2           ;
;                            ;             ;
; Average used               ; 1.00        ;
; Maximum used               ; 2           ;
;                            ;             ;
; Usage by Processor         ; % Time Used ;
;     Processor 1            ; 100.0%      ;
;     Processor 2            ;   0.0%      ;
+----------------------------+-------------+


+----------------------------------------------------------------------------------------------------------------------------------------+
; Analysis & Synthesis Source Files Read                                                                                                 ;
+----------------------------------+-----------------+-----------------+-------------------------------------------------------+---------+
; File Name with User-Entered Path ; Used in Netlist ; File Type       ; File Name with Absolute Path                          ; Library ;
+----------------------------------+-----------------+-----------------+-------------------------------------------------------+---------+
; GestionADC.vhd                   ; yes             ; User VHDL File  ; C:/Users/etudiant/Desktop/verin/GestionADC.vhd        ;         ;
; registre_decalage.vhd            ; yes             ; User VHDL File  ; C:/Users/etudiant/Desktop/verin/registre_decalage.vhd ;         ;
; Gest_PWM.vhd                     ; yes             ; User VHDL File  ; C:/Users/etudiant/Desktop/verin/Gest_PWM.vhd          ;         ;
; Sig_1MHz.vhd                     ; yes             ; User VHDL File  ; C:/Users/etudiant/Desktop/verin/Sig_1MHz.vhd          ;         ;
; Sig_10Hz.vhd                     ; yes             ; User VHDL File  ; C:/Users/etudiant/Desktop/verin/Sig_10Hz.vhd          ;         ;
; ChipSelect.vhd                   ; yes             ; User VHDL File  ; C:/Users/etudiant/Desktop/verin/ChipSelect.vhd        ;         ;
; ControleButees.vhd               ; yes             ; User VHDL File  ; C:/Users/etudiant/Desktop/verin/ControleButees.vhd    ;         ;
+----------------------------------+-----------------+-----------------+-------------------------------------------------------+---------+


+-----------------------------------------------------------+
; Analysis & Synthesis Resource Usage Summary               ;
+---------------------------------------------+-------------+
; Resource                                    ; Usage       ;
+---------------------------------------------+-------------+
; Estimated Total logic elements              ; 181         ;
;                                             ;             ;
; Total combinational functions               ; 157         ;
; Logic element usage by number of LUT inputs ;             ;
;     -- 4 input functions                    ; 50          ;
;     -- 3 input functions                    ; 19          ;
;     -- <=2 input functions                  ; 88          ;
;                                             ;             ;
; Logic elements by mode                      ;             ;
;     -- normal mode                          ; 80          ;
;     -- arithmetic mode                      ; 77          ;
;                                             ;             ;
; Total registers                             ; 123         ;
;     -- Dedicated logic registers            ; 123         ;
;     -- I/O registers                        ; 0           ;
;                                             ;             ;
; I/O pins                                    ; 24          ;
;                                             ;             ;
; Embedded Multiplier 9-bit elements          ; 0           ;
;                                             ;             ;
; Maximum fan-out node                        ; raz_n~input ;
; Maximum fan-out                             ; 118         ;
; Total fan-out                               ; 901         ;
; Average fan-out                             ; 2.75        ;
+---------------------------------------------+-------------+


+--------------------------------------------------------------------------------------------------------------------------------------------------------------------------------------------------------------------------------------------------------------------+
; Analysis & Synthesis Resource Utilization by Entity                                                                                                                                                                                                                ;
+-----------------------------------------------+---------------------+---------------------------+-------------+--------------+---------+-----------+------+--------------+------------------------------------------------------+-------------------+--------------+
; Compilation Hierarchy Node                    ; Combinational ALUTs ; Dedicated Logic Registers ; Memory Bits ; DSP Elements ; DSP 9x9 ; DSP 18x18 ; Pins ; Virtual Pins ; Full Hierarchy Name                                  ; Entity Name       ; Library Name ;
+-----------------------------------------------+---------------------+---------------------------+-------------+--------------+---------+-----------+------+--------------+------------------------------------------------------+-------------------+--------------+
; |GestionADC                                   ; 157 (0)             ; 123 (0)                   ; 0           ; 0            ; 0       ; 0         ; 24   ; 0            ; |GestionADC                                          ; GestionADC        ; work         ;
;    |ChipSelect:chipselect_inst|               ; 20 (20)             ; 12 (12)                   ; 0           ; 0            ; 0       ; 0         ; 0    ; 0            ; |GestionADC|ChipSelect:chipselect_inst               ; ChipSelect        ; work         ;
;    |ControleButees:controlbutee_inst|         ; 9 (9)               ; 0 (0)                     ; 0           ; 0            ; 0       ; 0         ; 0    ; 0            ; |GestionADC|ControleButees:controlbutee_inst         ; ControleButees    ; work         ;
;    |Gest_PWM:GestPWM_inst|                    ; 45 (45)             ; 33 (33)                   ; 0           ; 0            ; 0       ; 0         ; 0    ; 0            ; |GestionADC|Gest_PWM:GestPWM_inst                    ; Gest_PWM          ; work         ;
;    |Sig_10Hz:sig_10Hz_inst|                   ; 28 (28)             ; 17 (17)                   ; 0           ; 0            ; 0       ; 0         ; 0    ; 0            ; |GestionADC|Sig_10Hz:sig_10Hz_inst                   ; Sig_10Hz          ; work         ;
;    |Sig_1MHz:sig_1MHz_inst|                   ; 46 (46)             ; 33 (33)                   ; 0           ; 0            ; 0       ; 0         ; 0    ; 0            ; |GestionADC|Sig_1MHz:sig_1MHz_inst                   ; Sig_1MHz          ; work         ;
;    |registre_decalage:registre_decalage_inst| ; 9 (9)               ; 28 (28)                   ; 0           ; 0            ; 0       ; 0         ; 0    ; 0            ; |GestionADC|registre_decalage:registre_decalage_inst ; registre_decalage ; work         ;
+-----------------------------------------------+---------------------+---------------------------+-------------+--------------+---------+-----------+------+--------------+------------------------------------------------------+-------------------+--------------+
Note: For table entries with two numbers listed, the numbers in parentheses indicate the number of resources of the given type used by the specific entity alone. The numbers listed outside of parentheses indicate the total resources of the given type used by the specific entity and all of its sub-entities in the hierarchy.


+------------------------------------------------------+
; General Register Statistics                          ;
+----------------------------------------------+-------+
; Statistic                                    ; Value ;
+----------------------------------------------+-------+
; Total registers                              ; 123   ;
; Number of registers using Synchronous Clear  ; 32    ;
; Number of registers using Synchronous Load   ; 0     ;
; Number of registers using Asynchronous Clear ; 115   ;
; Number of registers using Asynchronous Load  ; 0     ;
; Number of registers using Clock Enable       ; 36    ;
; Number of registers using Preset             ; 0     ;
+----------------------------------------------+-------+


+-------------------------------------------------------------------------------------------------------------------------------------------------------------------------------+
; Multiplexer Restructuring Statistics (Restructuring Performed)                                                                                                                ;
+--------------------+-----------+---------------+----------------------+------------------------+------------+-----------------------------------------------------------------+
; Multiplexer Inputs ; Bus Width ; Baseline Area ; Area if Restructured ; Saving if Restructured ; Registered ; Example Multiplexer Output                                      ;
+--------------------+-----------+---------------+----------------------+------------------------+------------+-----------------------------------------------------------------+
; 3:1                ; 4 bits    ; 8 LEs         ; 4 LEs                ; 4 LEs                  ; Yes        ; |GestionADC|registre_decalage:registre_decalage_inst|counter[3] ;
+--------------------+-----------+---------------+----------------------+------------------------+------------+-----------------------------------------------------------------+


+-----------------------------------------------------+
; Post-Synthesis Netlist Statistics for Top Partition ;
+-----------------------+-----------------------------+
; Type                  ; Count                       ;
+-----------------------+-----------------------------+
; boundary_port         ; 24                          ;
; cycloneiii_ff         ; 123                         ;
;     CLR               ; 53                          ;
;     CLR SCLR          ; 32                          ;
;     ENA               ; 6                           ;
;     ENA CLR           ; 30                          ;
;     plain             ; 2                           ;
; cycloneiii_lcell_comb ; 159                         ;
;     arith             ; 77                          ;
;         2 data inputs ; 77                          ;
;     normal            ; 82                          ;
;         0 data inputs ; 1                           ;
;         1 data inputs ; 4                           ;
;         2 data inputs ; 8                           ;
;         3 data inputs ; 19                          ;
;         4 data inputs ; 50                          ;
;                       ;                             ;
; Max LUT depth         ; 8.30                        ;
; Average LUT depth     ; 4.59                        ;
+-----------------------+-----------------------------+


+-------------------------------+
; Elapsed Time Per Partition    ;
+----------------+--------------+
; Partition Name ; Elapsed Time ;
+----------------+--------------+
; Top            ; 00:00:00     ;
+----------------+--------------+


+-------------------------------+
; Analysis & Synthesis Messages ;
+-------------------------------+
Info: *******************************************************************
Info: Running Quartus Prime Analysis & Synthesis
    Info: Version 18.1.0 Build 625 09/12/2018 SJ Lite Edition
    Info: Processing started: Mon Dec 09 08:46:58 2024
Info: Command: quartus_map --read_settings_files=on --write_settings_files=off verin -c verin
Warning (18236): Number of processors has not been specified which may cause overloading on shared machines.  Set the global assignment NUM_PARALLEL_PROCESSORS in your QSF to an appropriate value for best performance.
Info (20030): Parallel compilation is enabled and will use 2 of the 2 processors detected
Info (12021): Found 2 design units, including 1 entities, in source file tb.vhd
    Info (12022): Found design unit 1: tb-test File: C:/Users/etudiant/Desktop/verin/tb.vhd Line: 9
    Info (12023): Found entity 1: tb File: C:/Users/etudiant/Desktop/verin/tb.vhd Line: 5
Info (12021): Found 2 design units, including 1 entities, in source file gestionadc.vhd
    Info (12022): Found design unit 1: GestionADC-adc File: C:/Users/etudiant/Desktop/verin/GestionADC.vhd Line: 26
    Info (12023): Found entity 1: GestionADC File: C:/Users/etudiant/Desktop/verin/GestionADC.vhd Line: 6
Info (12021): Found 2 design units, including 1 entities, in source file registre_decalage.vhd
    Info (12022): Found design unit 1: registre_decalage-dec File: C:/Users/etudiant/Desktop/verin/registre_decalage.vhd Line: 16
    Info (12023): Found entity 1: registre_decalage File: C:/Users/etudiant/Desktop/verin/registre_decalage.vhd Line: 5
Info (12021): Found 2 design units, including 1 entities, in source file gest_pwm.vhd
    Info (12022): Found design unit 1: Gest_PWM-arch_pwm File: C:/Users/etudiant/Desktop/verin/Gest_PWM.vhd Line: 15
    Info (12023): Found entity 1: Gest_PWM File: C:/Users/etudiant/Desktop/verin/Gest_PWM.vhd Line: 5
Info (12021): Found 2 design units, including 1 entities, in source file sig_1mhz.vhd
    Info (12022): Found design unit 1: Sig_1MHz-arch_div1M File: C:/Users/etudiant/Desktop/verin/Sig_1MHz.vhd Line: 12
    Info (12023): Found entity 1: Sig_1MHz File: C:/Users/etudiant/Desktop/verin/Sig_1MHz.vhd Line: 5
Info (12021): Found 2 design units, including 1 entities, in source file sig_10hz.vhd
    Info (12022): Found design unit 1: Sig_10Hz-arch_div10 File: C:/Users/etudiant/Desktop/verin/Sig_10Hz.vhd Line: 13
    Info (12023): Found entity 1: Sig_10Hz File: C:/Users/etudiant/Desktop/verin/Sig_10Hz.vhd Line: 6
Info (12021): Found 2 design units, including 1 entities, in source file chipselect.vhd
    Info (12022): Found design unit 1: ChipSelect-arch_chipselect File: C:/Users/etudiant/Desktop/verin/ChipSelect.vhd Line: 15
    Info (12023): Found entity 1: ChipSelect File: C:/Users/etudiant/Desktop/verin/ChipSelect.vhd Line: 7
Info (12021): Found 2 design units, including 1 entities, in source file controlebutees.vhd
    Info (12022): Found design unit 1: ControleButees-butee File: C:/Users/etudiant/Desktop/verin/ControleButees.vhd Line: 15
    Info (12023): Found entity 1: ControleButees File: C:/Users/etudiant/Desktop/verin/ControleButees.vhd Line: 5
Info (12127): Elaborating entity "GestionADC" for the top level hierarchy
Warning (10541): VHDL Signal Declaration warning at GestionADC.vhd(13): used implicit default value for signal "start_conv" because signal was never assigned a value or an explicit default value. Use of implicit default value may introduce unintended design optimizations. File: C:/Users/etudiant/Desktop/verin/GestionADC.vhd Line: 13
Info (12128): Elaborating entity "Sig_1MHz" for hierarchy "Sig_1MHz:sig_1MHz_inst" File: C:/Users/etudiant/Desktop/verin/GestionADC.vhd Line: 100
Warning (10492): VHDL Process Statement warning at Sig_1MHz.vhd(21): signal "raz_n" is read inside the Process Statement but isn't in the Process Statement's sensitivity list File: C:/Users/etudiant/Desktop/verin/Sig_1MHz.vhd Line: 21
Warning (10492): VHDL Process Statement warning at Sig_1MHz.vhd(31): signal "tmp" is read inside the Process Statement but isn't in the Process Statement's sensitivity list File: C:/Users/etudiant/Desktop/verin/Sig_1MHz.vhd Line: 31
Info (12128): Elaborating entity "Sig_10Hz" for hierarchy "Sig_10Hz:sig_10Hz_inst" File: C:/Users/etudiant/Desktop/verin/GestionADC.vhd Line: 108
Warning (10492): VHDL Process Statement warning at Sig_10Hz.vhd(21): signal "raz_n" is read inside the Process Statement but isn't in the Process Statement's sensitivity list File: C:/Users/etudiant/Desktop/verin/Sig_10Hz.vhd Line: 21
Warning (10492): VHDL Process Statement warning at Sig_10Hz.vhd(31): signal "tmp" is read inside the Process Statement but isn't in the Process Statement's sensitivity list File: C:/Users/etudiant/Desktop/verin/Sig_10Hz.vhd Line: 31
Info (12128): Elaborating entity "ChipSelect" for hierarchy "ChipSelect:chipselect_inst" File: C:/Users/etudiant/Desktop/verin/GestionADC.vhd Line: 116
Warning (10492): VHDL Process Statement warning at ChipSelect.vhd(25): signal "start_c" is read inside the Process Statement but isn't in the Process Statement's sensitivity list File: C:/Users/etudiant/Desktop/verin/ChipSelect.vhd Line: 25
Warning (10492): VHDL Process Statement warning at ChipSelect.vhd(31): signal "stop" is read inside the Process Statement but isn't in the Process Statement's sensitivity list File: C:/Users/etudiant/Desktop/verin/ChipSelect.vhd Line: 31
Info (12128): Elaborating entity "registre_decalage" for hierarchy "registre_decalage:registre_decalage_inst" File: C:/Users/etudiant/Desktop/verin/GestionADC.vhd Line: 125
Info (12128): Elaborating entity "ControleButees" for hierarchy "ControleButees:controlbutee_inst" File: C:/Users/etudiant/Desktop/verin/GestionADC.vhd Line: 136
Warning (10540): VHDL Signal Declaration warning at ControleButees.vhd(16): used explicit default value for signal "butee_d" because signal was never assigned a value File: C:/Users/etudiant/Desktop/verin/ControleButees.vhd Line: 16
Warning (10540): VHDL Signal Declaration warning at ControleButees.vhd(17): used explicit default value for signal "butee_g" because signal was never assigned a value File: C:/Users/etudiant/Desktop/verin/ControleButees.vhd Line: 17
Warning (10492): VHDL Process Statement warning at ControleButees.vhd(27): signal "butee_g" is read inside the Process Statement but isn't in the Process Statement's sensitivity list File: C:/Users/etudiant/Desktop/verin/ControleButees.vhd Line: 27
Warning (10492): VHDL Process Statement warning at ControleButees.vhd(29): signal "butee_d" is read inside the Process Statement but isn't in the Process Statement's sensitivity list File: C:/Users/etudiant/Desktop/verin/ControleButees.vhd Line: 29
Warning (10492): VHDL Process Statement warning at ControleButees.vhd(32): signal "pwm_in" is read inside the Process Statement but isn't in the Process Statement's sensitivity list File: C:/Users/etudiant/Desktop/verin/ControleButees.vhd Line: 32
Info (12128): Elaborating entity "Gest_PWM" for hierarchy "Gest_PWM:GestPWM_inst" File: C:/Users/etudiant/Desktop/verin/GestionADC.vhd Line: 147
Warning (10540): VHDL Signal Declaration warning at Gest_PWM.vhd(18): used explicit default value for signal "freq" because signal was never assigned a value File: C:/Users/etudiant/Desktop/verin/Gest_PWM.vhd Line: 18
Warning (10540): VHDL Signal Declaration warning at Gest_PWM.vhd(19): used explicit default value for signal "duty" because signal was never assigned a value File: C:/Users/etudiant/Desktop/verin/Gest_PWM.vhd Line: 19
Warning (13024): Output pins are stuck at VCC or GND
    Warning (13410): Pin "start_conv" is stuck at GND File: C:/Users/etudiant/Desktop/verin/GestionADC.vhd Line: 13
Info (286030): Timing-Driven Synthesis is running
Info (16010): Generating hard_block partition "hard_block:auto_generated_inst"
    Info (16011): Adding 0 node(s), including 0 DDIO, 0 PLL, 0 transceiver and 0 LCELL
Info (21057): Implemented 245 device resources after synthesis - the final resource count might be different
    Info (21058): Implemented 5 input pins
    Info (21059): Implemented 19 output pins
    Info (21061): Implemented 221 logic cells
Info: Quartus Prime Analysis & Synthesis was successful. 0 errors, 17 warnings
    Info: Peak virtual memory: 4791 megabytes
    Info: Processing ended: Mon Dec 09 08:47:10 2024
    Info: Elapsed time: 00:00:12
    Info: Total CPU time (on all processors): 00:00:14


