#
# There is insufficient memory for the Java Runtime Environment to continue.
# Native memory allocation (malloc) failed to allocate 1654736 bytes for Chunk::new
# Possible reasons:
#   The system is out of physical RAM or swap space
#   In 32 bit mode, the process size limit was hit
# Possible solutions:
#   Reduce memory load on the system
#   Increase physical memory or swap space
#   Check if swap backing store is full
#   Use 64 bit Java on a 64 bit OS
#   Decrease Java heap size (-Xmx/-Xms)
#   Decrease number of Java threads
#   Decrease Java thread stack sizes (-Xss)
#   Set larger code cache with -XX:ReservedCodeCacheSize=
# This output file may be truncated or incomplete.
#
#  Out of Memory Error (allocation.cpp:388), pid=9448, tid=19216
#
# JRE version: Java(TM) SE Runtime Environment (8.0_05-b13) (build 1.8.0_05-b13)
# Java VM: Java HotSpot(TM) 64-Bit Server VM (25.5-b02 mixed mode windows-amd64 compressed oops)
# Failed to write core dump. Minidumps are not enabled by default on client versions of Windows
#

---------------  T H R E A D  ---------------

Current thread (0x0000000016fc8000):  JavaThread "C2 CompilerThread1" daemon [_thread_in_native, id=19216, stack(0x0000000018620000,0x0000000018720000)]

Stack: [0x0000000018620000,0x0000000018720000]
Native frames: (J=compiled Java code, j=interpreted, Vv=VM code, C=native code)
V  [jvm.dll+0x308dea]
V  [jvm.dll+0x25def1]
V  [jvm.dll+0x25eb0f]
V  [jvm.dll+0x2564e5]
V  [jvm.dll+0xbcfc5]
V  [jvm.dll+0xbd45c]
V  [jvm.dll+0x44d422]
V  [jvm.dll+0x48e13f]
V  [jvm.dll+0x4425d0]
V  [jvm.dll+0x44366b]
V  [jvm.dll+0x427532]
V  [jvm.dll+0x96702]
V  [jvm.dll+0x96ef3]
V  [jvm.dll+0x2232c4]
V  [jvm.dll+0x27baca]
C  [msvcr100.dll+0x21d9f]
C  [msvcr100.dll+0x21e3b]
C  [KERNEL32.DLL+0x17374]
C  [ntdll.dll+0x4cc91]


Current CompileTask:
C2:   3162 1953       4       com.sun.org.apache.xerces.internal.impl.XMLNSDocumentScannerImpl::scanStartElement (1015 bytes)


---------------  P R O C E S S  ---------------

Java Threads: ( => current thread )
  0x00000000190e8000 JavaThread "Thread-1" [_thread_blocked, id=5204, stack(0x0000000019620000,0x0000000019720000)]
  0x000000001883c800 JavaThread "Service Thread" daemon [_thread_blocked, id=11108, stack(0x0000000018c20000,0x0000000018d20000)]
  0x0000000016fca800 JavaThread "C1 CompilerThread2" daemon [_thread_in_native, id=19908, stack(0x0000000018720000,0x0000000018820000)]
=>0x0000000016fc8000 JavaThread "C2 CompilerThread1" daemon [_thread_in_native, id=19216, stack(0x0000000018620000,0x0000000018720000)]
  0x0000000016fc5000 JavaThread "C2 CompilerThread0" daemon [_thread_in_native, id=6392, stack(0x0000000018520000,0x0000000018620000)]
  0x0000000016fc3800 JavaThread "Attach Listener" daemon [_thread_blocked, id=12908, stack(0x0000000018420000,0x0000000018520000)]
  0x0000000016fc2800 JavaThread "Signal Dispatcher" daemon [_thread_blocked, id=10768, stack(0x0000000018320000,0x0000000018420000)]
  0x0000000002536800 JavaThread "Finalizer" daemon [_thread_blocked, id=18500, stack(0x0000000018220000,0x0000000018320000)]
  0x0000000016f87800 JavaThread "Reference Handler" daemon [_thread_blocked, id=3008, stack(0x0000000018120000,0x0000000018220000)]
  0x0000000002443800 JavaThread "main" [_thread_in_Java, id=624, stack(0x0000000002340000,0x0000000002440000)]

Other Threads:
  0x0000000016f85800 VMThread [stack: 0x0000000018020000,0x0000000018120000] [id=1732]
  0x000000001885a800 WatcherThread [stack: 0x0000000018d20000,0x0000000018e20000] [id=15716]

VM state:not at safepoint (normal execution)

VM Mutex/Monitor currently owned by a thread: None

Heap:
 PSYoungGen      total 39424K, used 29204K [0x00000000d6400000, 0x00000000d8f00000, 0x0000000100000000)
  eden space 34816K, 74% used [0x00000000d6400000,0x00000000d7d750f8,0x00000000d8600000)
  from space 4608K, 68% used [0x00000000d8600000,0x00000000d8910000,0x00000000d8a80000)
  to   space 4608K, 0% used [0x00000000d8a80000,0x00000000d8a80000,0x00000000d8f00000)
 ParOldGen       total 127488K, used 16085K [0x0000000082c00000, 0x000000008a880000, 0x00000000d6400000)
  object space 127488K, 12% used [0x0000000082c00000,0x0000000083bb5728,0x000000008a880000)
 Metaspace       used 11595K, capacity 11914K, committed 12032K, reserved 1060864K
  class space    used 1357K, capacity 1427K, committed 1536K, reserved 1048576K

Card table byte_map: [0x0000000011900000,0x0000000011cf0000] byte_map_base: 0x00000000114ea000

Marking Bits: (ParMarkBitMap*) 0x000000005a6513b0
 Begin Bits: [0x0000000012390000, 0x00000000142e0000)
 End Bits:   [0x00000000142e0000, 0x0000000016230000)

Polling page: 0x00000000009e0000

CodeCache: size=245760Kb used=7577Kb max_used=7577Kb free=238182Kb
 bounds [0x0000000002540000, 0x0000000002cb0000, 0x0000000011540000]
 total_blobs=2575 nmethods=2258 adapters=231
 compilation: enabled

Compilation events (10 events):
Event: 3.093 Thread 0x0000000016fc5000 2260 % !   4       com.sun.xml.bind.v2.bytecode.ClassTailor::tailor @ 64 (381 bytes)
Event: 3.095 Thread 0x0000000016fca800 nmethod 2264 0x0000000002c9b950 code [0x0000000002c9bd20, 0x0000000002c9de08]
Event: 3.097 Thread 0x0000000016fca800 2265   !   3       com.sun.xml.bind.v2.ClassFactory::create0 (249 bytes)
Event: 3.101 Thread 0x0000000016fca800 nmethod 2265 0x0000000002c9f1d0 code [0x0000000002c9f6a0, 0x0000000002ca21e8]
Event: 3.104 Thread 0x0000000016fca800 2266       3       java.util.TreeSet::<init> (10 bytes)
Event: 3.104 Thread 0x0000000016fca800 nmethod 2266 0x0000000002c99210 code [0x0000000002c99380, 0x0000000002c995f0]
Event: 3.125 Thread 0x0000000016fca800 2270       3       com.sun.xml.bind.v2.runtime.property.ArrayElementProperty::createItemUnmarshaller (50 bytes)
Event: 3.126 Thread 0x0000000016fca800 nmethod 2270 0x0000000002c98610 code [0x0000000002c987e0, 0x0000000002c98f48]
Event: 3.128 Thread 0x0000000016fca800 2271       3       com.sun.org.apache.xerces.internal.parsers.XML11Configuration::addRecognizedParamsAndSetDefaults (173 bytes)
Event: 3.129 Thread 0x0000000016fca800 nmethod 2271 0x0000000002c93850 code [0x0000000002c93ae0, 0x0000000002c94b28]

GC Heap History (10 events):
Event: 1.337 GC heap before
{Heap before GC invocations=11 (full 0):
 PSYoungGen      total 15360K, used 14542K [0x00000000d6400000, 0x00000000d7500000, 0x0000000100000000)
  eden space 13312K, 100% used [0x00000000d6400000,0x00000000d7100000,0x00000000d7100000)
  from space 2048K, 60% used [0x00000000d7300000,0x00000000d7433a20,0x00000000d7500000)
  to   space 2048K, 0% used [0x00000000d7100000,0x00000000d7100000,0x00000000d7300000)
 ParOldGen       total 127488K, used 2811K [0x0000000082c00000, 0x000000008a880000, 0x00000000d6400000)
  object space 127488K, 2% used [0x0000000082c00000,0x0000000082ebec68,0x000000008a880000)
 Metaspace       used 7904K, capacity 8176K, committed 8448K, reserved 1056768K
  class space    used 872K, capacity 932K, committed 1024K, reserved 1048576K
Event: 1.364 GC heap after
Heap after GC invocations=11 (full 0):
 PSYoungGen      total 15360K, used 2016K [0x00000000d6400000, 0x00000000d8300000, 0x0000000100000000)
  eden space 13312K, 0% used [0x00000000d6400000,0x00000000d6400000,0x00000000d7100000)
  from space 2048K, 98% used [0x00000000d7100000,0x00000000d72f8010,0x00000000d7300000)
  to   space 5120K, 0% used [0x00000000d7e00000,0x00000000d7e00000,0x00000000d8300000)
 ParOldGen       total 127488K, used 9711K [0x0000000082c00000, 0x000000008a880000, 0x00000000d6400000)
  object space 127488K, 7% used [0x0000000082c00000,0x000000008357be90,0x000000008a880000)
 Metaspace       used 7904K, capacity 8176K, committed 8448K, reserved 1056768K
  class space    used 872K, capacity 932K, committed 1024K, reserved 1048576K
}
Event: 1.544 GC heap before
{Heap before GC invocations=12 (full 0):
 PSYoungGen      total 15360K, used 15328K [0x00000000d6400000, 0x00000000d8300000, 0x0000000100000000)
  eden space 13312K, 100% used [0x00000000d6400000,0x00000000d7100000,0x00000000d7100000)
  from space 2048K, 98% used [0x00000000d7100000,0x00000000d72f8010,0x00000000d7300000)
  to   space 5120K, 0% used [0x00000000d7e00000,0x00000000d7e00000,0x00000000d8300000)
 ParOldGen       total 127488K, used 9711K [0x0000000082c00000, 0x000000008a880000, 0x00000000d6400000)
  object space 127488K, 7% used [0x0000000082c00000,0x000000008357be90,0x000000008a880000)
 Metaspace       used 7968K, capacity 8240K, committed 8448K, reserved 1056768K
  class space    used 875K, capacity 932K, committed 1024K, reserved 1048576K
Event: 1.555 GC heap after
Heap after GC invocations=12 (full 0):
 PSYoungGen      total 25600K, used 1888K [0x00000000d6400000, 0x00000000d8200000, 0x0000000100000000)
  eden space 21504K, 0% used [0x00000000d6400000,0x00000000d6400000,0x00000000d7900000)
  from space 4096K, 46% used [0x00000000d7e00000,0x00000000d7fd8000,0x00000000d8200000)
  to   space 4608K, 0% used [0x00000000d7900000,0x00000000d7900000,0x00000000d7d80000)
 ParOldGen       total 127488K, used 11743K [0x0000000082c00000, 0x000000008a880000, 0x00000000d6400000)
  object space 127488K, 9% used [0x0000000082c00000,0x0000000083777ca0,0x000000008a880000)
 Metaspace       used 7968K, capacity 8240K, committed 8448K, reserved 1056768K
  class space    used 875K, capacity 932K, committed 1024K, reserved 1048576K
}
Event: 1.746 GC heap before
{Heap before GC invocations=13 (full 0):
 PSYoungGen      total 25600K, used 23392K [0x00000000d6400000, 0x00000000d8200000, 0x0000000100000000)
  eden space 21504K, 100% used [0x00000000d6400000,0x00000000d7900000,0x00000000d7900000)
  from space 4096K, 46% used [0x00000000d7e00000,0x00000000d7fd8000,0x00000000d8200000)
  to   space 4608K, 0% used [0x00000000d7900000,0x00000000d7900000,0x00000000d7d80000)
 ParOldGen       total 127488K, used 11743K [0x0000000082c00000, 0x000000008a880000, 0x00000000d6400000)
  object space 127488K, 9% used [0x0000000082c00000,0x0000000083777ca0,0x000000008a880000)
 Metaspace       used 8049K, capacity 8240K, committed 8448K, reserved 1056768K
  class space    used 886K, capacity 932K, committed 1024K, reserved 1048576K
Event: 1.759 GC heap after
Heap after GC invocations=13 (full 0):
 PSYoungGen      total 26112K, used 2144K [0x00000000d6400000, 0x00000000d8f00000, 0x0000000100000000)
  eden space 21504K, 0% used [0x00000000d6400000,0x00000000d6400000,0x00000000d7900000)
  from space 4608K, 46% used [0x00000000d7900000,0x00000000d7b18020,0x00000000d7d80000)
  to   space 4608K, 0% used [0x00000000d8a80000,0x00000000d8a80000,0x00000000d8f00000)
 ParOldGen       total 127488K, used 13271K [0x0000000082c00000, 0x000000008a880000, 0x00000000d6400000)
  object space 127488K, 10% used [0x0000000082c00000,0x00000000838f5ca0,0x000000008a880000)
 Metaspace       used 8049K, capacity 8240K, committed 8448K, reserved 1056768K
  class space    used 886K, capacity 932K, committed 1024K, reserved 1048576K
}
Event: 2.150 GC heap before
{Heap before GC invocations=14 (full 0):
 PSYoungGen      total 26112K, used 23648K [0x00000000d6400000, 0x00000000d8f00000, 0x0000000100000000)
  eden space 21504K, 100% used [0x00000000d6400000,0x00000000d7900000,0x00000000d7900000)
  from space 4608K, 46% used [0x00000000d7900000,0x00000000d7b18020,0x00000000d7d80000)
  to   space 4608K, 0% used [0x00000000d8a80000,0x00000000d8a80000,0x00000000d8f00000)
 ParOldGen       total 127488K, used 13271K [0x0000000082c00000, 0x000000008a880000, 0x00000000d6400000)
  object space 127488K, 10% used [0x0000000082c00000,0x00000000838f5ca0,0x000000008a880000)
 Metaspace       used 10898K, capacity 11214K, committed 11392K, reserved 1058816K
  class space    used 1313K, capacity 1385K, committed 1408K, reserved 1048576K
Event: 2.159 GC heap after
Heap after GC invocations=14 (full 0):
 PSYoungGen      total 39424K, used 2737K [0x00000000d6400000, 0x00000000d8f00000, 0x0000000100000000)
  eden space 34816K, 0% used [0x00000000d6400000,0x00000000d6400000,0x00000000d8600000)
  from space 4608K, 59% used [0x00000000d8a80000,0x00000000d8d2c620,0x00000000d8f00000)
  to   space 4608K, 0% used [0x00000000d8600000,0x00000000d8600000,0x00000000d8a80000)
 ParOldGen       total 127488K, used 15233K [0x0000000082c00000, 0x000000008a880000, 0x00000000d6400000)
  object space 127488K, 11% used [0x0000000082c00000,0x0000000083ae0608,0x000000008a880000)
 Metaspace       used 10898K, capacity 11214K, committed 11392K, reserved 1058816K
  class space    used 1313K, capacity 1385K, committed 1408K, reserved 1048576K
}
Event: 2.774 GC heap before
{Heap before GC invocations=15 (full 0):
 PSYoungGen      total 39424K, used 37553K [0x00000000d6400000, 0x00000000d8f00000, 0x0000000100000000)
  eden space 34816K, 100% used [0x00000000d6400000,0x00000000d8600000,0x00000000d8600000)
  from space 4608K, 59% used [0x00000000d8a80000,0x00000000d8d2c620,0x00000000d8f00000)
  to   space 4608K, 0% used [0x00000000d8600000,0x00000000d8600000,0x00000000d8a80000)
 ParOldGen       total 127488K, used 15233K [0x0000000082c00000, 0x000000008a880000, 0x00000000d6400000)
  object space 127488K, 11% used [0x0000000082c00000,0x0000000083ae0608,0x000000008a880000)
 Metaspace       used 11504K, capacity 11850K, committed 12032K, reserved 1060864K
  class space    used 1357K, capacity 1427K, committed 1536K, reserved 1048576K
Event: 2.798 GC heap after
Heap after GC invocations=15 (full 0):
 PSYoungGen      total 39424K, used 3136K [0x00000000d6400000, 0x00000000d8f00000, 0x0000000100000000)
  eden space 34816K, 0% used [0x00000000d6400000,0x00000000d6400000,0x00000000d8600000)
  from space 4608K, 68% used [0x00000000d8600000,0x00000000d8910000,0x00000000d8a80000)
  to   space 4608K, 0% used [0x00000000d8a80000,0x00000000d8a80000,0x00000000d8f00000)
 ParOldGen       total 127488K, used 16085K [0x0000000082c00000, 0x000000008a880000, 0x00000000d6400000)
  object space 127488K, 12% used [0x0000000082c00000,0x0000000083bb5728,0x000000008a880000)
 Metaspace       used 11504K, capacity 11850K, committed 12032K, reserved 1060864K
  class space    used 1357K, capacity 1427K, committed 1536K, reserved 1048576K
}

Deoptimization events (10 events):
Event: 1.988 Thread 0x0000000002443800 Uncommon trap: reason=class_check action=maybe_recompile pc=0x00000000029cc61c method=java.util.HashMap.putVal(ILjava/lang/Object;Ljava/lang/Object;ZZ)Ljava/lang/Object; @ 203
Event: 1.991 Thread 0x0000000002443800 Uncommon trap: reason=range_check action=make_not_entrant pc=0x00000000029e3a60 method=sun.reflect.generics.parser.SignatureParser.current()C @ 34
Event: 2.121 Thread 0x0000000002443800 Uncommon trap: reason=class_check action=maybe_recompile pc=0x00000000029f06e4 method=com.sun.org.apache.xerces.internal.impl.XMLNSDocumentScannerImpl.scanStartElement()Z @ 1005
Event: 2.122 Thread 0x0000000002443800 Uncommon trap: reason=class_check action=maybe_recompile pc=0x00000000029f06e4 method=com.sun.org.apache.xerces.internal.impl.XMLNSDocumentScannerImpl.scanStartElement()Z @ 1005
Event: 2.126 Thread 0x0000000002443800 Uncommon trap: reason=class_check action=maybe_recompile pc=0x00000000029f06e4 method=com.sun.org.apache.xerces.internal.impl.XMLNSDocumentScannerImpl.scanStartElement()Z @ 1005
Event: 2.127 Thread 0x0000000002443800 Uncommon trap: reason=class_check action=maybe_recompile pc=0x00000000029f06e4 method=com.sun.org.apache.xerces.internal.impl.XMLNSDocumentScannerImpl.scanStartElement()Z @ 1005
Event: 2.403 Thread 0x0000000002443800 Uncommon trap: reason=array_check action=maybe_recompile pc=0x0000000002b0c968 method=java.util.AbstractCollection.toArray([Ljava/lang/Object;)[Ljava/lang/Object; @ 119
Event: 2.404 Thread 0x0000000002443800 Uncommon trap: reason=array_check action=maybe_recompile pc=0x0000000002b0c968 method=java.util.AbstractCollection.toArray([Ljava/lang/Object;)[Ljava/lang/Object; @ 119
Event: 2.404 Thread 0x0000000002443800 Uncommon trap: reason=array_check action=maybe_recompile pc=0x0000000002b0c968 method=java.util.AbstractCollection.toArray([Ljava/lang/Object;)[Ljava/lang/Object; @ 119
Event: 2.404 Thread 0x0000000002443800 Uncommon trap: reason=array_check action=maybe_recompile pc=0x0000000002b0c968 method=java.util.AbstractCollection.toArray([Ljava/lang/Object;)[Ljava/lang/Object; @ 119

Internal exceptions (10 events):
Event: 3.077 Thread 0x0000000002443800 Exception <a 'java/security/PrivilegedActionException'> (0x00000000d78a8778) thrown at [D:\re\workspace\8-2-build-windows-amd64-cygwin\jdk8u5\2488\hotspot\src\share\vm\prims\jvm.cpp, line 1248]
Event: 3.079 Thread 0x0000000002443800 Exception <a 'java/security/PrivilegedActionException'> (0x00000000d78b5b50) thrown at [D:\re\workspace\8-2-build-windows-amd64-cygwin\jdk8u5\2488\hotspot\src\share\vm\prims\jvm.cpp, line 1248]
Event: 3.080 Thread 0x0000000002443800 Exception <a 'java/security/PrivilegedActionException'> (0x00000000d78bc540) thrown at [D:\re\workspace\8-2-build-windows-amd64-cygwin\jdk8u5\2488\hotspot\src\share\vm\prims\jvm.cpp, line 1248]
Event: 3.102 Thread 0x0000000002443800 Exception <a 'java/lang/ClassNotFoundException': com/sun/org/glassfish/hk2/osgiresourcelocator/ServiceLoader> (0x00000000d79ed128) thrown at [D:\re\workspace\8-2-build-windows-amd64-cygwin\jdk8u5\2488\hotspot\src\share\vm\classfile\systemDictionary.cpp, li™Wß@
Event: 3.109 Thread 0x0000000002443800 Exception <a 'java/security/PrivilegedActionException'> (0x00000000d7a2ba88) thrown at [D:\re\workspace\8-2-build-windows-amd64-cygwin\jdk8u5\2488\hotspot\src\share\vm\prims\jvm.cpp, line 1248]
Event: 3.110 Thread 0x0000000002443800 Exception <a 'java/security/PrivilegedActionException'> (0x00000000d7a32478) thrown at [D:\re\workspace\8-2-build-windows-amd64-cygwin\jdk8u5\2488\hotspot\src\share\vm\prims\jvm.cpp, line 1248]
Event: 3.111 Thread 0x0000000002443800 Exception <a 'java/security/PrivilegedActionException'> (0x00000000d7a3d410) thrown at [D:\re\workspace\8-2-build-windows-amd64-cygwin\jdk8u5\2488\hotspot\src\share\vm\prims\jvm.cpp, line 1248]
Event: 3.112 Thread 0x0000000002443800 Exception <a 'java/security/PrivilegedActionException'> (0x00000000d7a43e00) thrown at [D:\re\workspace\8-2-build-windows-amd64-cygwin\jdk8u5\2488\hotspot\src\share\vm\prims\jvm.cpp, line 1248]
Event: 3.113 Thread 0x0000000002443800 Exception <a 'java/security/PrivilegedActionException'> (0x00000000d7a511d8) thrown at [D:\re\workspace\8-2-build-windows-amd64-cygwin\jdk8u5\2488\hotspot\src\share\vm\prims\jvm.cpp, line 1248]
Event: 3.113 Thread 0x0000000002443800 Exception <a 'java/security/PrivilegedActionException'> (0x00000000d7a57bc8) thrown at [D:\re\workspace\8-2-build-windows-amd64-cygwin\jdk8u5\2488\hotspot\src\share\vm\prims\jvm.cpp, line 1248]

Events (10 events):
Event: 3.079 loading class java/lang/ObjectFactory
Event: 3.079 loading class java/lang/ObjectFactory done
Event: 3.102 loading class com/sun/org/glassfish/hk2/osgiresourcelocator/ServiceLoader
Event: 3.102 loading class com/sun/org/glassfish/hk2/osgiresourcelocator/ServiceLoader done
Event: 3.108 loading class java/lang/ObjectFactory
Event: 3.108 loading class java/lang/ObjectFactory done
Event: 3.111 loading class java/lang/ObjectFactory
Event: 3.111 loading class java/lang/ObjectFactory done
Event: 3.112 loading class java/lang/ObjectFactory
Event: 3.112 loading class java/lang/ObjectFactory done


Dynamic libraries:
0x00007ff773650000 - 0x00007ff773684000 	D:\quartus\quartus\bin64\jre64\bin\java.exe
0x00007ffd7d450000 - 0x00007ffd7d648000 	C:\WINDOWS\SYSTEM32\ntdll.dll
0x00007ffd7b7a0000 - 0x00007ffd7b862000 	C:\WINDOWS\System32\KERNEL32.DLL
0x00007ffd7aaf0000 - 0x00007ffd7adee000 	C:\WINDOWS\System32\KERNELBASE.dll
0x00007ffd7d350000 - 0x00007ffd7d401000 	C:\WINDOWS\System32\ADVAPI32.dll
0x00007ffd7d240000 - 0x00007ffd7d2de000 	C:\WINDOWS\System32\msvcrt.dll
0x00007ffd7c7c0000 - 0x00007ffd7c85f000 	C:\WINDOWS\System32\sechost.dll
0x00007ffd7b550000 - 0x00007ffd7b673000 	C:\WINDOWS\System32\RPCRT4.dll
0x00007ffd7b390000 - 0x00007ffd7b3b7000 	C:\WINDOWS\System32\bcrypt.dll
0x00007ffd7cfd0000 - 0x00007ffd7d16d000 	C:\WINDOWS\System32\USER32.dll
0x00007ffd7b2f0000 - 0x00007ffd7b312000 	C:\WINDOWS\System32\win32u.dll
0x00007ffd7c0e0000 - 0x00007ffd7c10b000 	C:\WINDOWS\System32\GDI32.dll
0x00007ffd7aef0000 - 0x00007ffd7b007000 	C:\WINDOWS\System32\gdi32full.dll
0x00007ffd7b250000 - 0x00007ffd7b2ed000 	C:\WINDOWS\System32\msvcp_win.dll
0x00007ffd7adf0000 - 0x00007ffd7aef0000 	C:\WINDOWS\System32\ucrtbase.dll
0x00007ffd65070000 - 0x00007ffd6530a000 	C:\WINDOWS\WinSxS\amd64_microsoft.windows.common-controls_6595b64144ccf1df_6.0.19041.4355_none_60b8b9eb71f62e16\COMCTL32.dll
0x00007ffd7c320000 - 0x00007ffd7c34f000 	C:\WINDOWS\System32\IMM32.DLL
0x000000005abf0000 - 0x000000005acc2000 	D:\quartus\quartus\bin64\jre64\bin\msvcr100.dll
0x0000000059ea0000 - 0x000000005a6ca000 	D:\quartus\quartus\bin64\jre64\bin\server\jvm.dll
0x00007ffd7b870000 - 0x00007ffd7b878000 	C:\WINDOWS\System32\PSAPI.DLL
0x00007ffd4e3e0000 - 0x00007ffd4e3e9000 	C:\WINDOWS\SYSTEM32\WSOCK32.dll
0x00007ffd665d0000 - 0x00007ffd665f7000 	C:\WINDOWS\SYSTEM32\WINMM.dll
0x00007ffd7bf40000 - 0x00007ffd7bfab000 	C:\WINDOWS\System32\WS2_32.dll
0x000000005ab60000 - 0x000000005ab6f000 	D:\quartus\quartus\bin64\jre64\bin\verify.dll
0x000000005ab30000 - 0x000000005ab58000 	D:\quartus\quartus\bin64\jre64\bin\java.dll
0x000000005ab10000 - 0x000000005ab26000 	D:\quartus\quartus\bin64\jre64\bin\zip.dll
0x00007ffd7c860000 - 0x00007ffd7cfcd000 	C:\WINDOWS\System32\SHELL32.dll
0x00007ffd78850000 - 0x00007ffd78ff4000 	C:\WINDOWS\SYSTEM32\windows.storage.dll
0x00007ffd7bbe0000 - 0x00007ffd7bf33000 	C:\WINDOWS\System32\combase.dll
0x00007ffd7a450000 - 0x00007ffd7a47e000 	C:\WINDOWS\SYSTEM32\Wldp.dll
0x00007ffd7d170000 - 0x00007ffd7d23d000 	C:\WINDOWS\System32\OLEAUT32.dll
0x00007ffd7c270000 - 0x00007ffd7c31d000 	C:\WINDOWS\System32\SHCORE.dll
0x00007ffd7c110000 - 0x00007ffd7c165000 	C:\WINDOWS\System32\shlwapi.dll
0x00007ffd7aa20000 - 0x00007ffd7aa44000 	C:\WINDOWS\SYSTEM32\profapi.dll
0x00007ffd790d0000 - 0x00007ffd792b4000 	C:\WINDOWS\SYSTEM32\dbghelp.dll
0x00007ffd7b010000 - 0x00007ffd7b092000 	C:\WINDOWS\System32\bcryptPrimitives.dll

VM Arguments:
java_command: com.altera.embeddedsw.commandline.bsp.BspGenerateFilesCommand --bsp-dir . --settings settings.bsp
java_class_path (initial): D:/quartus/nios2eds/sdk2/lib\TableLayout.jar;D:/quartus/nios2eds/sdk2/lib\appframework-1.03.jar;D:/quartus/nios2eds/sdk2/lib\beansbinding-1.2.1.jar;D:/quartus/nios2eds/sdk2/lib\binding-2.0.6.jar;D:/quartus/nios2eds/sdk2/lib\com.altera.embeddedsw.app_lib.jar;D:/quartus/nios2eds/sdk2/lib\com.altera.embeddedsw.bsp.editor.jar;D:/quartus/nios2eds/sdk2/lib\com.altera.embeddedsw.bsp.elements.jar;D:/quartus/nios2eds/sdk2/lib\com.altera.embeddedsw.bsp.jar;D:/quartus/nios2eds/sdk2/lib\com.altera.embeddedsw.bsp.plugin.core.jar;D:/quartus/nios2eds/sdk2/lib\com.altera.embeddedsw.bsp.plugin.hal.jar;D:/quartus/nios2eds/sdk2/lib\com.altera.embeddedsw.bsp.plugin.lwhal.jar;D:/quartus/nios2eds/sdk2/lib\com.altera.embeddedsw.bsp.schema.jar;D:/quartus/nios2eds/sdk2/lib\com.altera.embeddedsw.bsp.scripting.jar;D:/quartus/nios2eds/sdk2/lib\com.altera.embeddedsw.commandline.jar;D:/quartus/nios2eds/sdk2/lib\com.altera.embeddedsw.cpexample.jar;D:/quartus/nios2eds/sdk2/lib\com.altera.embeddedsw.flash.jar;D:/quartus/nios2eds/sdk2/lib\com.altera.embeddedsw.launch.jar;D:/quartus/nios2eds/sdk2/lib\com.altera.embeddedsw.swinfo.jar;D:/quartus/nios2eds/sdk2/lib\com.altera.embeddedsw.utilities.jar;D:/quartus/nios2eds/sdk2/lib\com.altera.entityinterfaces.jar;D:/quartus/nios2eds/sdk2/lib\com.altera.hdlcomponent.jar;D:/quartus/nios2eds/sdk2/lib\com.altera.hdlwriter.jar;D:/quartus/nios2eds/sdk2/lib\com.altera.infrastructure.jar;D:/quartus/nios2eds/sdk2/lib\com.altera.jdbcsqlite.jar;D:/quartus/nios2eds/sdk2/lib\com.altera.jtagsimulator.jar;D:/quartus/nios2eds/sdk2/lib\com.altera.librarian.jar;D:/quartus/nios2eds/sdk2/lib\com.altera.megawizard2.jar;D:/quartus/nios2eds/sdk2/lib\com.altera.minieval2.jar;D:/quartus/nios2eds/sdk2/lib\com.altera.nios2.isa.jar;D:/quartus/nios2eds/sdk2/lib\com.altera.nios2.rtl.trace.jar;D:/quartus/nios2eds/sdk2/lib\com.altera.nios2.trace.jar;D:/quartus/nios2eds/sdk2/lib\com.altera.privateinterfaces.jar;D:/quartus/nios2eds/sdk2/lib\com.altera.qsys.black
Launcher Type: SUN_STANDARD

Environment Variables:
PATH=D:/quartus/quartus\..\nios2eds\bin;D:/quartus/quartus\..\nios2eds\sdk2\bin;D:/quartus/quartus\..\nios2eds\bin\gnu\H-x86_64-mingw32\bin;;D:/quartus/quartus/bin64;D:/quartus/nios2eds/bin/cygpath;D:/quartus/quartus/sopc_builder/model/lib;D:/quartus/quartus/bin32;d:\quartus\quartus\bin64\;C:\Program Files (x86)\Common Files\Oracle\Java\javapath;C:\Program Files\Java\jre1.8.0_291\bin;C:\ispLEVER_Classic2_1\ispcpld\bin;C:\ispLEVER_Classic2_1\ispFPGA\bin\nt;C:\WINDOWS\system32;C:\WINDOWS;C:\WINDOWS\System32\Wbem;C:\WINDOWS\System32\WindowsPowerShell\v1.0\;C:\WINDOWS\System32\OpenSSH\;C:\RessourcesLabsSTM32\Python27;C:\RessourcesLabsSTM32\GNU_Tools_ARM_Embedded\bin;C:\RessourcesLabsSTM32\goil-windows;C:\RessourcesLabsSTM32\trampoline\machines;C:\RessourcesLabsSTM32\en.stsw-link004\bin;C;C;C:\Program Files\Git\cmd;C:\Users\admin\AppData\Local\Microsoft\WindowsApps;C:\Users\admin\AppData\Local\Programs\MiKTeX\miktex\bin\x64\;C:\Users\admin\AppData\Local\GitHubDesktop\bin;D:\Quartus\modelsim_ase\win32aloem;D:\Quartus\modelsim_ae\win32aloem
USERNAME=admin
OS=Windows_NT
PROCESSOR_IDENTIFIER=Intel64 Family 6 Model 122 Stepping 1, GenuineIntel



---------------  S Y S T E M  ---------------

OS: Windows 8.1 , 64 bit Build 9600 

CPU:total 4 (4 cores per cpu, 1 threads per core) family 6 model 122 stepping 1, cmov, cx8, fxsr, mmx, sse, sse2, sse3, ssse3, sse4.1, sse4.2, popcnt, aes, clmul, erms, tsc, tscinvbit

Memory: 4k page, physical 8205196k(911400k free), swap 23833096k(5156k free)

vm_info: Java HotSpot(TM) 64-Bit Server VM (25.5-b02) for windows-amd64 JRE (1.8.0_05-b13), built on Mar 18 2014 01:08:39 by "java_re" with MS VC++ 10.0 (VS2010)

time: Mon Dec 09 11:37:28 2024
elapsed time: 3 seconds

