Classic Timing Analyzer report for compteur
Wed Sep 11 00:05:51 2024
Quartus II Version 9.0 Build 235 06/17/2009 Service Pack 2 SJ Web Edition


---------------------
; Table of Contents ;
---------------------
  1. Legal Notice
  2. Timing Analyzer Summary
  3. Timing Analyzer Settings
  4. Clock Settings Summary
  5. Parallel Compilation
  6. Clock Setup: 'clk_50Mhz'
  7. Clock Hold: 'clk_50Mhz'
  8. tco
  9. Timing Analyzer Messages



----------------
; Legal Notice ;
----------------
Copyright (C) 1991-2009 Altera Corporation
Your use of Altera Corporation's design tools, logic functions 
and other software and tools, and its AMPP partner logic 
functions, and any output files from any of the foregoing 
(including device programming or simulation files), and any 
associated documentation or information are expressly subject 
to the terms and conditions of the Altera Program License 
Subscription Agreement, Altera MegaCore Function License 
Agreement, or other applicable license agreement, including, 
without limitation, that your use is for the sole purpose of 
programming logic devices manufactured by Altera and sold by 
Altera or its authorized distributors.  Please refer to the 
applicable agreement for further details.



+-------------------------------------------------------------------------------------------------------------------------------------------------------------------------------------------------+
; Timing Analyzer Summary                                                                                                                                                                         ;
+------------------------------+------------------------------------------+---------------+----------------------------------+-------------+--------------+------------+-----------+--------------+
; Type                         ; Slack                                    ; Required Time ; Actual Time                      ; From        ; To           ; From Clock ; To Clock  ; Failed Paths ;
+------------------------------+------------------------------------------+---------------+----------------------------------+-------------+--------------+------------+-----------+--------------+
; Worst-case tco               ; N/A                                      ; None          ; 13.917 ns                        ; \p2:data[0] ; dout[0]      ; clk_50Mhz  ; --        ; 0            ;
; Clock Setup: 'clk_50Mhz'     ; N/A                                      ; None          ; 166.11 MHz ( period = 6.020 ns ) ; \p1:temp[0] ; \p1:temp[22] ; clk_50Mhz  ; clk_50Mhz ; 0            ;
; Clock Hold: 'clk_50Mhz'      ; Not operational: Clock Skew > Data Delay ; None          ; N/A                              ; clk_1s      ; \p2:data[0]  ; clk_50Mhz  ; clk_50Mhz ; 4            ;
; Total number of failed paths ;                                          ;               ;                                  ;             ;              ;            ;           ; 4            ;
+------------------------------+------------------------------------------+---------------+----------------------------------+-------------+--------------+------------+-----------+--------------+


+--------------------------------------------------------------------------------------------------------------------+
; Timing Analyzer Settings                                                                                           ;
+---------------------------------------------------------------------+--------------------+------+----+-------------+
; Option                                                              ; Setting            ; From ; To ; Entity Name ;
+---------------------------------------------------------------------+--------------------+------+----+-------------+
; Device Name                                                         ; EP2C35F672C6       ;      ;    ;             ;
; Timing Models                                                       ; Final              ;      ;    ;             ;
; Default hold multicycle                                             ; Same as Multicycle ;      ;    ;             ;
; Cut paths between unrelated clock domains                           ; On                 ;      ;    ;             ;
; Cut off read during write signal paths                              ; On                 ;      ;    ;             ;
; Cut off feedback from I/O pins                                      ; On                 ;      ;    ;             ;
; Report Combined Fast/Slow Timing                                    ; Off                ;      ;    ;             ;
; Ignore Clock Settings                                               ; Off                ;      ;    ;             ;
; Analyze latches as synchronous elements                             ; On                 ;      ;    ;             ;
; Enable Recovery/Removal analysis                                    ; Off                ;      ;    ;             ;
; Enable Clock Latency                                                ; Off                ;      ;    ;             ;
; Use TimeQuest Timing Analyzer                                       ; Off                ;      ;    ;             ;
; Minimum Core Junction Temperature                                   ; 0                  ;      ;    ;             ;
; Maximum Core Junction Temperature                                   ; 85                 ;      ;    ;             ;
; Number of source nodes to report per destination node               ; 10                 ;      ;    ;             ;
; Number of destination nodes to report                               ; 10                 ;      ;    ;             ;
; Number of paths to report                                           ; 200                ;      ;    ;             ;
; Report Minimum Timing Checks                                        ; Off                ;      ;    ;             ;
; Use Fast Timing Models                                              ; Off                ;      ;    ;             ;
; Report IO Paths Separately                                          ; Off                ;      ;    ;             ;
; Perform Multicorner Analysis                                        ; On                 ;      ;    ;             ;
; Reports the worst-case path for each clock domain and analysis      ; Off                ;      ;    ;             ;
; Removes common clock path pessimism (CCPP) during slack computation ; Off                ;      ;    ;             ;
; Output I/O Timing Endpoint                                          ; Near End           ;      ;    ;             ;
+---------------------------------------------------------------------+--------------------+------+----+-------------+


+------------------------------------------------------------------------------------------------------------------------------------------------------------------------------------+
; Clock Settings Summary                                                                                                                                                             ;
+-----------------+--------------------+----------+------------------+---------------+--------------+----------+-----------------------+---------------------+--------+--------------+
; Clock Node Name ; Clock Setting Name ; Type     ; Fmax Requirement ; Early Latency ; Late Latency ; Based on ; Multiply Base Fmax by ; Divide Base Fmax by ; Offset ; Phase offset ;
+-----------------+--------------------+----------+------------------+---------------+--------------+----------+-----------------------+---------------------+--------+--------------+
; clk_50Mhz       ;                    ; User Pin ; None             ; 0.000 ns      ; 0.000 ns     ; --       ; N/A                   ; N/A                 ; N/A    ;              ;
+-----------------+--------------------+----------+------------------+---------------+--------------+----------+-----------------------+---------------------+--------+--------------+


Parallel compilation was disabled, but you have multiple processors available. Enable parallel compilation to reduce compilation time.
+-------------------------------------+
; Parallel Compilation                ;
+----------------------------+--------+
; Processors                 ; Number ;
+----------------------------+--------+
; Number detected on machine ; 4      ;
; Maximum allowed            ; 1      ;
+----------------------------+--------+


+------------------------------------------------------------------------------------------------------------------------------------------------------------------------------------------------------------------------------------------+
; Clock Setup: 'clk_50Mhz'                                                                                                                                                                                                                 ;
+-----------------------------------------+-----------------------------------------------------+--------------+--------------+------------+-----------+-----------------------------+---------------------------+-------------------------+
; Slack                                   ; Actual fmax (period)                                ; From         ; To           ; From Clock ; To Clock  ; Required Setup Relationship ; Required Longest P2P Time ; Actual Longest P2P Time ;
+-----------------------------------------+-----------------------------------------------------+--------------+--------------+------------+-----------+-----------------------------+---------------------------+-------------------------+
; N/A                                     ; 166.11 MHz ( period = 6.020 ns )                    ; \p1:temp[0]  ; \p1:temp[22] ; clk_50Mhz  ; clk_50Mhz ; None                        ; None                      ; 5.810 ns                ;
; N/A                                     ; 166.14 MHz ( period = 6.019 ns )                    ; \p1:temp[0]  ; \p1:temp[23] ; clk_50Mhz  ; clk_50Mhz ; None                        ; None                      ; 5.809 ns                ;
; N/A                                     ; 166.17 MHz ( period = 6.018 ns )                    ; \p1:temp[0]  ; \p1:temp[25] ; clk_50Mhz  ; clk_50Mhz ; None                        ; None                      ; 5.808 ns                ;
; N/A                                     ; 166.17 MHz ( period = 6.018 ns )                    ; \p1:temp[0]  ; \p1:temp[13] ; clk_50Mhz  ; clk_50Mhz ; None                        ; None                      ; 5.808 ns                ;
; N/A                                     ; 166.20 MHz ( period = 6.017 ns )                    ; \p1:temp[0]  ; \p1:temp[7]  ; clk_50Mhz  ; clk_50Mhz ; None                        ; None                      ; 5.807 ns                ;
; N/A                                     ; 166.22 MHz ( period = 6.016 ns )                    ; \p1:temp[0]  ; \p1:temp[21] ; clk_50Mhz  ; clk_50Mhz ; None                        ; None                      ; 5.806 ns                ;
; N/A                                     ; 166.33 MHz ( period = 6.012 ns )                    ; \p1:temp[0]  ; \p1:temp[17] ; clk_50Mhz  ; clk_50Mhz ; None                        ; None                      ; 5.802 ns                ;
; N/A                                     ; 166.33 MHz ( period = 6.012 ns )                    ; \p1:temp[0]  ; \p1:temp[20] ; clk_50Mhz  ; clk_50Mhz ; None                        ; None                      ; 5.802 ns                ;
; N/A                                     ; 166.36 MHz ( period = 6.011 ns )                    ; \p1:temp[0]  ; \p1:temp[19] ; clk_50Mhz  ; clk_50Mhz ; None                        ; None                      ; 5.801 ns                ;
; N/A                                     ; 166.36 MHz ( period = 6.011 ns )                    ; \p1:temp[0]  ; \p1:temp[15] ; clk_50Mhz  ; clk_50Mhz ; None                        ; None                      ; 5.801 ns                ;
; N/A                                     ; 166.36 MHz ( period = 6.011 ns )                    ; \p1:temp[0]  ; \p1:temp[14] ; clk_50Mhz  ; clk_50Mhz ; None                        ; None                      ; 5.801 ns                ;
; N/A                                     ; 169.09 MHz ( period = 5.914 ns )                    ; \p1:temp[1]  ; \p1:temp[22] ; clk_50Mhz  ; clk_50Mhz ; None                        ; None                      ; 5.704 ns                ;
; N/A                                     ; 169.12 MHz ( period = 5.913 ns )                    ; \p1:temp[1]  ; \p1:temp[23] ; clk_50Mhz  ; clk_50Mhz ; None                        ; None                      ; 5.703 ns                ;
; N/A                                     ; 169.15 MHz ( period = 5.912 ns )                    ; \p1:temp[1]  ; \p1:temp[25] ; clk_50Mhz  ; clk_50Mhz ; None                        ; None                      ; 5.702 ns                ;
; N/A                                     ; 169.15 MHz ( period = 5.912 ns )                    ; \p1:temp[1]  ; \p1:temp[13] ; clk_50Mhz  ; clk_50Mhz ; None                        ; None                      ; 5.702 ns                ;
; N/A                                     ; 169.18 MHz ( period = 5.911 ns )                    ; \p1:temp[1]  ; \p1:temp[7]  ; clk_50Mhz  ; clk_50Mhz ; None                        ; None                      ; 5.701 ns                ;
; N/A                                     ; 169.20 MHz ( period = 5.910 ns )                    ; \p1:temp[1]  ; \p1:temp[21] ; clk_50Mhz  ; clk_50Mhz ; None                        ; None                      ; 5.700 ns                ;
; N/A                                     ; 169.32 MHz ( period = 5.906 ns )                    ; \p1:temp[1]  ; \p1:temp[17] ; clk_50Mhz  ; clk_50Mhz ; None                        ; None                      ; 5.696 ns                ;
; N/A                                     ; 169.32 MHz ( period = 5.906 ns )                    ; \p1:temp[1]  ; \p1:temp[20] ; clk_50Mhz  ; clk_50Mhz ; None                        ; None                      ; 5.696 ns                ;
; N/A                                     ; 169.35 MHz ( period = 5.905 ns )                    ; \p1:temp[1]  ; \p1:temp[19] ; clk_50Mhz  ; clk_50Mhz ; None                        ; None                      ; 5.695 ns                ;
; N/A                                     ; 169.35 MHz ( period = 5.905 ns )                    ; \p1:temp[1]  ; \p1:temp[15] ; clk_50Mhz  ; clk_50Mhz ; None                        ; None                      ; 5.695 ns                ;
; N/A                                     ; 169.35 MHz ( period = 5.905 ns )                    ; \p1:temp[1]  ; \p1:temp[14] ; clk_50Mhz  ; clk_50Mhz ; None                        ; None                      ; 5.695 ns                ;
; N/A                                     ; 170.10 MHz ( period = 5.879 ns )                    ; \p1:temp[2]  ; \p1:temp[22] ; clk_50Mhz  ; clk_50Mhz ; None                        ; None                      ; 5.669 ns                ;
; N/A                                     ; 170.13 MHz ( period = 5.878 ns )                    ; \p1:temp[2]  ; \p1:temp[23] ; clk_50Mhz  ; clk_50Mhz ; None                        ; None                      ; 5.668 ns                ;
; N/A                                     ; 170.15 MHz ( period = 5.877 ns )                    ; \p1:temp[2]  ; \p1:temp[25] ; clk_50Mhz  ; clk_50Mhz ; None                        ; None                      ; 5.667 ns                ;
; N/A                                     ; 170.15 MHz ( period = 5.877 ns )                    ; \p1:temp[2]  ; \p1:temp[13] ; clk_50Mhz  ; clk_50Mhz ; None                        ; None                      ; 5.667 ns                ;
; N/A                                     ; 170.18 MHz ( period = 5.876 ns )                    ; \p1:temp[2]  ; \p1:temp[7]  ; clk_50Mhz  ; clk_50Mhz ; None                        ; None                      ; 5.666 ns                ;
; N/A                                     ; 170.21 MHz ( period = 5.875 ns )                    ; \p1:temp[2]  ; \p1:temp[21] ; clk_50Mhz  ; clk_50Mhz ; None                        ; None                      ; 5.665 ns                ;
; N/A                                     ; 170.33 MHz ( period = 5.871 ns )                    ; \p1:temp[2]  ; \p1:temp[17] ; clk_50Mhz  ; clk_50Mhz ; None                        ; None                      ; 5.661 ns                ;
; N/A                                     ; 170.33 MHz ( period = 5.871 ns )                    ; \p1:temp[2]  ; \p1:temp[20] ; clk_50Mhz  ; clk_50Mhz ; None                        ; None                      ; 5.661 ns                ;
; N/A                                     ; 170.36 MHz ( period = 5.870 ns )                    ; \p1:temp[2]  ; \p1:temp[19] ; clk_50Mhz  ; clk_50Mhz ; None                        ; None                      ; 5.660 ns                ;
; N/A                                     ; 170.36 MHz ( period = 5.870 ns )                    ; \p1:temp[2]  ; \p1:temp[15] ; clk_50Mhz  ; clk_50Mhz ; None                        ; None                      ; 5.660 ns                ;
; N/A                                     ; 170.36 MHz ( period = 5.870 ns )                    ; \p1:temp[2]  ; \p1:temp[14] ; clk_50Mhz  ; clk_50Mhz ; None                        ; None                      ; 5.660 ns                ;
; N/A                                     ; 170.53 MHz ( period = 5.864 ns )                    ; \p1:temp[7]  ; \p1:temp[22] ; clk_50Mhz  ; clk_50Mhz ; None                        ; None                      ; 5.650 ns                ;
; N/A                                     ; 170.56 MHz ( period = 5.863 ns )                    ; \p1:temp[7]  ; \p1:temp[23] ; clk_50Mhz  ; clk_50Mhz ; None                        ; None                      ; 5.649 ns                ;
; N/A                                     ; 170.59 MHz ( period = 5.862 ns )                    ; \p1:temp[7]  ; \p1:temp[25] ; clk_50Mhz  ; clk_50Mhz ; None                        ; None                      ; 5.648 ns                ;
; N/A                                     ; 170.59 MHz ( period = 5.862 ns )                    ; \p1:temp[7]  ; \p1:temp[13] ; clk_50Mhz  ; clk_50Mhz ; None                        ; None                      ; 5.648 ns                ;
; N/A                                     ; 170.62 MHz ( period = 5.861 ns )                    ; \p1:temp[7]  ; \p1:temp[7]  ; clk_50Mhz  ; clk_50Mhz ; None                        ; None                      ; 5.647 ns                ;
; N/A                                     ; 170.65 MHz ( period = 5.860 ns )                    ; \p1:temp[7]  ; \p1:temp[21] ; clk_50Mhz  ; clk_50Mhz ; None                        ; None                      ; 5.646 ns                ;
; N/A                                     ; 170.77 MHz ( period = 5.856 ns )                    ; \p1:temp[7]  ; \p1:temp[17] ; clk_50Mhz  ; clk_50Mhz ; None                        ; None                      ; 5.642 ns                ;
; N/A                                     ; 170.77 MHz ( period = 5.856 ns )                    ; \p1:temp[7]  ; \p1:temp[20] ; clk_50Mhz  ; clk_50Mhz ; None                        ; None                      ; 5.642 ns                ;
; N/A                                     ; 170.79 MHz ( period = 5.855 ns )                    ; \p1:temp[7]  ; \p1:temp[19] ; clk_50Mhz  ; clk_50Mhz ; None                        ; None                      ; 5.641 ns                ;
; N/A                                     ; 170.79 MHz ( period = 5.855 ns )                    ; \p1:temp[7]  ; \p1:temp[15] ; clk_50Mhz  ; clk_50Mhz ; None                        ; None                      ; 5.641 ns                ;
; N/A                                     ; 170.79 MHz ( period = 5.855 ns )                    ; \p1:temp[7]  ; \p1:temp[14] ; clk_50Mhz  ; clk_50Mhz ; None                        ; None                      ; 5.641 ns                ;
; N/A                                     ; 172.18 MHz ( period = 5.808 ns )                    ; \p1:temp[3]  ; \p1:temp[22] ; clk_50Mhz  ; clk_50Mhz ; None                        ; None                      ; 5.598 ns                ;
; N/A                                     ; 172.21 MHz ( period = 5.807 ns )                    ; \p1:temp[3]  ; \p1:temp[23] ; clk_50Mhz  ; clk_50Mhz ; None                        ; None                      ; 5.597 ns                ;
; N/A                                     ; 172.24 MHz ( period = 5.806 ns )                    ; \p1:temp[3]  ; \p1:temp[25] ; clk_50Mhz  ; clk_50Mhz ; None                        ; None                      ; 5.596 ns                ;
; N/A                                     ; 172.24 MHz ( period = 5.806 ns )                    ; \p1:temp[3]  ; \p1:temp[13] ; clk_50Mhz  ; clk_50Mhz ; None                        ; None                      ; 5.596 ns                ;
; N/A                                     ; 172.27 MHz ( period = 5.805 ns )                    ; \p1:temp[3]  ; \p1:temp[7]  ; clk_50Mhz  ; clk_50Mhz ; None                        ; None                      ; 5.595 ns                ;
; N/A                                     ; 172.29 MHz ( period = 5.804 ns )                    ; \p1:temp[3]  ; \p1:temp[21] ; clk_50Mhz  ; clk_50Mhz ; None                        ; None                      ; 5.594 ns                ;
; N/A                                     ; 172.41 MHz ( period = 5.800 ns )                    ; \p1:temp[3]  ; \p1:temp[17] ; clk_50Mhz  ; clk_50Mhz ; None                        ; None                      ; 5.590 ns                ;
; N/A                                     ; 172.41 MHz ( period = 5.800 ns )                    ; \p1:temp[3]  ; \p1:temp[20] ; clk_50Mhz  ; clk_50Mhz ; None                        ; None                      ; 5.590 ns                ;
; N/A                                     ; 172.44 MHz ( period = 5.799 ns )                    ; \p1:temp[3]  ; \p1:temp[19] ; clk_50Mhz  ; clk_50Mhz ; None                        ; None                      ; 5.589 ns                ;
; N/A                                     ; 172.44 MHz ( period = 5.799 ns )                    ; \p1:temp[3]  ; \p1:temp[15] ; clk_50Mhz  ; clk_50Mhz ; None                        ; None                      ; 5.589 ns                ;
; N/A                                     ; 172.44 MHz ( period = 5.799 ns )                    ; \p1:temp[3]  ; \p1:temp[14] ; clk_50Mhz  ; clk_50Mhz ; None                        ; None                      ; 5.589 ns                ;
; N/A                                     ; 175.28 MHz ( period = 5.705 ns )                    ; \p1:temp[4]  ; \p1:temp[22] ; clk_50Mhz  ; clk_50Mhz ; None                        ; None                      ; 5.495 ns                ;
; N/A                                     ; 175.32 MHz ( period = 5.704 ns )                    ; \p1:temp[4]  ; \p1:temp[23] ; clk_50Mhz  ; clk_50Mhz ; None                        ; None                      ; 5.494 ns                ;
; N/A                                     ; 175.35 MHz ( period = 5.703 ns )                    ; \p1:temp[4]  ; \p1:temp[25] ; clk_50Mhz  ; clk_50Mhz ; None                        ; None                      ; 5.493 ns                ;
; N/A                                     ; 175.35 MHz ( period = 5.703 ns )                    ; \p1:temp[4]  ; \p1:temp[13] ; clk_50Mhz  ; clk_50Mhz ; None                        ; None                      ; 5.493 ns                ;
; N/A                                     ; 175.38 MHz ( period = 5.702 ns )                    ; \p1:temp[4]  ; \p1:temp[7]  ; clk_50Mhz  ; clk_50Mhz ; None                        ; None                      ; 5.492 ns                ;
; N/A                                     ; 175.41 MHz ( period = 5.701 ns )                    ; \p1:temp[4]  ; \p1:temp[21] ; clk_50Mhz  ; clk_50Mhz ; None                        ; None                      ; 5.491 ns                ;
; N/A                                     ; 175.53 MHz ( period = 5.697 ns )                    ; \p1:temp[4]  ; \p1:temp[17] ; clk_50Mhz  ; clk_50Mhz ; None                        ; None                      ; 5.487 ns                ;
; N/A                                     ; 175.53 MHz ( period = 5.697 ns )                    ; \p1:temp[4]  ; \p1:temp[20] ; clk_50Mhz  ; clk_50Mhz ; None                        ; None                      ; 5.487 ns                ;
; N/A                                     ; 175.56 MHz ( period = 5.696 ns )                    ; \p1:temp[4]  ; \p1:temp[19] ; clk_50Mhz  ; clk_50Mhz ; None                        ; None                      ; 5.486 ns                ;
; N/A                                     ; 175.56 MHz ( period = 5.696 ns )                    ; \p1:temp[4]  ; \p1:temp[15] ; clk_50Mhz  ; clk_50Mhz ; None                        ; None                      ; 5.486 ns                ;
; N/A                                     ; 175.56 MHz ( period = 5.696 ns )                    ; \p1:temp[4]  ; \p1:temp[14] ; clk_50Mhz  ; clk_50Mhz ; None                        ; None                      ; 5.486 ns                ;
; N/A                                     ; 179.50 MHz ( period = 5.571 ns )                    ; \p1:temp[5]  ; \p1:temp[22] ; clk_50Mhz  ; clk_50Mhz ; None                        ; None                      ; 5.361 ns                ;
; N/A                                     ; 179.53 MHz ( period = 5.570 ns )                    ; \p1:temp[5]  ; \p1:temp[23] ; clk_50Mhz  ; clk_50Mhz ; None                        ; None                      ; 5.360 ns                ;
; N/A                                     ; 179.57 MHz ( period = 5.569 ns )                    ; \p1:temp[5]  ; \p1:temp[25] ; clk_50Mhz  ; clk_50Mhz ; None                        ; None                      ; 5.359 ns                ;
; N/A                                     ; 179.57 MHz ( period = 5.569 ns )                    ; \p1:temp[5]  ; \p1:temp[13] ; clk_50Mhz  ; clk_50Mhz ; None                        ; None                      ; 5.359 ns                ;
; N/A                                     ; 179.60 MHz ( period = 5.568 ns )                    ; \p1:temp[5]  ; \p1:temp[7]  ; clk_50Mhz  ; clk_50Mhz ; None                        ; None                      ; 5.358 ns                ;
; N/A                                     ; 179.63 MHz ( period = 5.567 ns )                    ; \p1:temp[5]  ; \p1:temp[21] ; clk_50Mhz  ; clk_50Mhz ; None                        ; None                      ; 5.357 ns                ;
; N/A                                     ; 179.76 MHz ( period = 5.563 ns )                    ; \p1:temp[5]  ; \p1:temp[17] ; clk_50Mhz  ; clk_50Mhz ; None                        ; None                      ; 5.353 ns                ;
; N/A                                     ; 179.76 MHz ( period = 5.563 ns )                    ; \p1:temp[5]  ; \p1:temp[20] ; clk_50Mhz  ; clk_50Mhz ; None                        ; None                      ; 5.353 ns                ;
; N/A                                     ; 179.79 MHz ( period = 5.562 ns )                    ; \p1:temp[5]  ; \p1:temp[19] ; clk_50Mhz  ; clk_50Mhz ; None                        ; None                      ; 5.352 ns                ;
; N/A                                     ; 179.79 MHz ( period = 5.562 ns )                    ; \p1:temp[5]  ; \p1:temp[15] ; clk_50Mhz  ; clk_50Mhz ; None                        ; None                      ; 5.352 ns                ;
; N/A                                     ; 179.79 MHz ( period = 5.562 ns )                    ; \p1:temp[5]  ; \p1:temp[14] ; clk_50Mhz  ; clk_50Mhz ; None                        ; None                      ; 5.352 ns                ;
; N/A                                     ; 179.86 MHz ( period = 5.560 ns )                    ; \p1:temp[12] ; \p1:temp[22] ; clk_50Mhz  ; clk_50Mhz ; None                        ; None                      ; 5.346 ns                ;
; N/A                                     ; 179.89 MHz ( period = 5.559 ns )                    ; \p1:temp[12] ; \p1:temp[23] ; clk_50Mhz  ; clk_50Mhz ; None                        ; None                      ; 5.345 ns                ;
; N/A                                     ; 179.92 MHz ( period = 5.558 ns )                    ; \p1:temp[12] ; \p1:temp[25] ; clk_50Mhz  ; clk_50Mhz ; None                        ; None                      ; 5.344 ns                ;
; N/A                                     ; 179.92 MHz ( period = 5.558 ns )                    ; \p1:temp[12] ; \p1:temp[13] ; clk_50Mhz  ; clk_50Mhz ; None                        ; None                      ; 5.344 ns                ;
; N/A                                     ; 179.95 MHz ( period = 5.557 ns )                    ; \p1:temp[12] ; \p1:temp[7]  ; clk_50Mhz  ; clk_50Mhz ; None                        ; None                      ; 5.343 ns                ;
; N/A                                     ; 179.99 MHz ( period = 5.556 ns )                    ; \p1:temp[12] ; \p1:temp[21] ; clk_50Mhz  ; clk_50Mhz ; None                        ; None                      ; 5.342 ns                ;
; N/A                                     ; 180.12 MHz ( period = 5.552 ns )                    ; \p1:temp[12] ; \p1:temp[17] ; clk_50Mhz  ; clk_50Mhz ; None                        ; None                      ; 5.338 ns                ;
; N/A                                     ; 180.12 MHz ( period = 5.552 ns )                    ; \p1:temp[12] ; \p1:temp[20] ; clk_50Mhz  ; clk_50Mhz ; None                        ; None                      ; 5.338 ns                ;
; N/A                                     ; 180.15 MHz ( period = 5.551 ns )                    ; \p1:temp[12] ; \p1:temp[19] ; clk_50Mhz  ; clk_50Mhz ; None                        ; None                      ; 5.337 ns                ;
; N/A                                     ; 180.15 MHz ( period = 5.551 ns )                    ; \p1:temp[12] ; \p1:temp[15] ; clk_50Mhz  ; clk_50Mhz ; None                        ; None                      ; 5.337 ns                ;
; N/A                                     ; 180.15 MHz ( period = 5.551 ns )                    ; \p1:temp[12] ; \p1:temp[14] ; clk_50Mhz  ; clk_50Mhz ; None                        ; None                      ; 5.337 ns                ;
; N/A                                     ; 182.95 MHz ( period = 5.466 ns )                    ; \p1:temp[6]  ; \p1:temp[22] ; clk_50Mhz  ; clk_50Mhz ; None                        ; None                      ; 5.256 ns                ;
; N/A                                     ; 182.98 MHz ( period = 5.465 ns )                    ; \p1:temp[6]  ; \p1:temp[23] ; clk_50Mhz  ; clk_50Mhz ; None                        ; None                      ; 5.255 ns                ;
; N/A                                     ; 183.02 MHz ( period = 5.464 ns )                    ; \p1:temp[6]  ; \p1:temp[25] ; clk_50Mhz  ; clk_50Mhz ; None                        ; None                      ; 5.254 ns                ;
; N/A                                     ; 183.02 MHz ( period = 5.464 ns )                    ; \p1:temp[6]  ; \p1:temp[13] ; clk_50Mhz  ; clk_50Mhz ; None                        ; None                      ; 5.254 ns                ;
; N/A                                     ; 183.05 MHz ( period = 5.463 ns )                    ; \p1:temp[6]  ; \p1:temp[7]  ; clk_50Mhz  ; clk_50Mhz ; None                        ; None                      ; 5.253 ns                ;
; N/A                                     ; 183.08 MHz ( period = 5.462 ns )                    ; \p1:temp[6]  ; \p1:temp[21] ; clk_50Mhz  ; clk_50Mhz ; None                        ; None                      ; 5.252 ns                ;
; N/A                                     ; 183.22 MHz ( period = 5.458 ns )                    ; \p1:temp[6]  ; \p1:temp[17] ; clk_50Mhz  ; clk_50Mhz ; None                        ; None                      ; 5.248 ns                ;
; N/A                                     ; 183.22 MHz ( period = 5.458 ns )                    ; \p1:temp[6]  ; \p1:temp[20] ; clk_50Mhz  ; clk_50Mhz ; None                        ; None                      ; 5.248 ns                ;
; N/A                                     ; 183.22 MHz ( period = 5.458 ns )                    ; \p1:temp[0]  ; \p1:temp[12] ; clk_50Mhz  ; clk_50Mhz ; None                        ; None                      ; 5.248 ns                ;
; N/A                                     ; 183.25 MHz ( period = 5.457 ns )                    ; \p1:temp[6]  ; \p1:temp[19] ; clk_50Mhz  ; clk_50Mhz ; None                        ; None                      ; 5.247 ns                ;
; N/A                                     ; 183.25 MHz ( period = 5.457 ns )                    ; \p1:temp[6]  ; \p1:temp[15] ; clk_50Mhz  ; clk_50Mhz ; None                        ; None                      ; 5.247 ns                ;
; N/A                                     ; 183.25 MHz ( period = 5.457 ns )                    ; \p1:temp[6]  ; \p1:temp[14] ; clk_50Mhz  ; clk_50Mhz ; None                        ; None                      ; 5.247 ns                ;
; N/A                                     ; 185.25 MHz ( period = 5.398 ns )                    ; \p1:temp[10] ; \p1:temp[22] ; clk_50Mhz  ; clk_50Mhz ; None                        ; None                      ; 5.188 ns                ;
; N/A                                     ; 185.29 MHz ( period = 5.397 ns )                    ; \p1:temp[10] ; \p1:temp[23] ; clk_50Mhz  ; clk_50Mhz ; None                        ; None                      ; 5.187 ns                ;
; N/A                                     ; 185.32 MHz ( period = 5.396 ns )                    ; \p1:temp[10] ; \p1:temp[25] ; clk_50Mhz  ; clk_50Mhz ; None                        ; None                      ; 5.186 ns                ;
; N/A                                     ; 185.32 MHz ( period = 5.396 ns )                    ; \p1:temp[10] ; \p1:temp[13] ; clk_50Mhz  ; clk_50Mhz ; None                        ; None                      ; 5.186 ns                ;
; N/A                                     ; 185.36 MHz ( period = 5.395 ns )                    ; \p1:temp[10] ; \p1:temp[7]  ; clk_50Mhz  ; clk_50Mhz ; None                        ; None                      ; 5.185 ns                ;
; N/A                                     ; 185.39 MHz ( period = 5.394 ns )                    ; \p1:temp[10] ; \p1:temp[21] ; clk_50Mhz  ; clk_50Mhz ; None                        ; None                      ; 5.184 ns                ;
; N/A                                     ; 185.53 MHz ( period = 5.390 ns )                    ; \p1:temp[10] ; \p1:temp[17] ; clk_50Mhz  ; clk_50Mhz ; None                        ; None                      ; 5.180 ns                ;
; N/A                                     ; 185.53 MHz ( period = 5.390 ns )                    ; \p1:temp[10] ; \p1:temp[20] ; clk_50Mhz  ; clk_50Mhz ; None                        ; None                      ; 5.180 ns                ;
; N/A                                     ; 185.56 MHz ( period = 5.389 ns )                    ; \p1:temp[10] ; \p1:temp[19] ; clk_50Mhz  ; clk_50Mhz ; None                        ; None                      ; 5.179 ns                ;
; N/A                                     ; 185.56 MHz ( period = 5.389 ns )                    ; \p1:temp[10] ; \p1:temp[15] ; clk_50Mhz  ; clk_50Mhz ; None                        ; None                      ; 5.179 ns                ;
; N/A                                     ; 185.56 MHz ( period = 5.389 ns )                    ; \p1:temp[10] ; \p1:temp[14] ; clk_50Mhz  ; clk_50Mhz ; None                        ; None                      ; 5.179 ns                ;
; N/A                                     ; 186.85 MHz ( period = 5.352 ns )                    ; \p1:temp[1]  ; \p1:temp[12] ; clk_50Mhz  ; clk_50Mhz ; None                        ; None                      ; 5.142 ns                ;
; N/A                                     ; 187.79 MHz ( period = 5.325 ns )                    ; \p1:temp[8]  ; \p1:temp[22] ; clk_50Mhz  ; clk_50Mhz ; None                        ; None                      ; 5.115 ns                ;
; N/A                                     ; 187.83 MHz ( period = 5.324 ns )                    ; \p1:temp[8]  ; \p1:temp[23] ; clk_50Mhz  ; clk_50Mhz ; None                        ; None                      ; 5.114 ns                ;
; N/A                                     ; 187.86 MHz ( period = 5.323 ns )                    ; \p1:temp[8]  ; \p1:temp[25] ; clk_50Mhz  ; clk_50Mhz ; None                        ; None                      ; 5.113 ns                ;
; N/A                                     ; 187.86 MHz ( period = 5.323 ns )                    ; \p1:temp[8]  ; \p1:temp[13] ; clk_50Mhz  ; clk_50Mhz ; None                        ; None                      ; 5.113 ns                ;
; N/A                                     ; 187.90 MHz ( period = 5.322 ns )                    ; \p1:temp[8]  ; \p1:temp[7]  ; clk_50Mhz  ; clk_50Mhz ; None                        ; None                      ; 5.112 ns                ;
; N/A                                     ; 187.93 MHz ( period = 5.321 ns )                    ; \p1:temp[8]  ; \p1:temp[21] ; clk_50Mhz  ; clk_50Mhz ; None                        ; None                      ; 5.111 ns                ;
; N/A                                     ; 188.08 MHz ( period = 5.317 ns )                    ; \p1:temp[8]  ; \p1:temp[17] ; clk_50Mhz  ; clk_50Mhz ; None                        ; None                      ; 5.107 ns                ;
; N/A                                     ; 188.08 MHz ( period = 5.317 ns )                    ; \p1:temp[8]  ; \p1:temp[20] ; clk_50Mhz  ; clk_50Mhz ; None                        ; None                      ; 5.107 ns                ;
; N/A                                     ; 188.08 MHz ( period = 5.317 ns )                    ; \p1:temp[2]  ; \p1:temp[12] ; clk_50Mhz  ; clk_50Mhz ; None                        ; None                      ; 5.107 ns                ;
; N/A                                     ; 188.11 MHz ( period = 5.316 ns )                    ; \p1:temp[8]  ; \p1:temp[19] ; clk_50Mhz  ; clk_50Mhz ; None                        ; None                      ; 5.106 ns                ;
; N/A                                     ; 188.11 MHz ( period = 5.316 ns )                    ; \p1:temp[8]  ; \p1:temp[15] ; clk_50Mhz  ; clk_50Mhz ; None                        ; None                      ; 5.106 ns                ;
; N/A                                     ; 188.11 MHz ( period = 5.316 ns )                    ; \p1:temp[8]  ; \p1:temp[14] ; clk_50Mhz  ; clk_50Mhz ; None                        ; None                      ; 5.106 ns                ;
; N/A                                     ; 188.61 MHz ( period = 5.302 ns )                    ; \p1:temp[7]  ; \p1:temp[12] ; clk_50Mhz  ; clk_50Mhz ; None                        ; None                      ; 5.088 ns                ;
; N/A                                     ; 189.04 MHz ( period = 5.290 ns )                    ; \p1:temp[9]  ; \p1:temp[22] ; clk_50Mhz  ; clk_50Mhz ; None                        ; None                      ; 5.080 ns                ;
; N/A                                     ; 189.07 MHz ( period = 5.289 ns )                    ; \p1:temp[9]  ; \p1:temp[23] ; clk_50Mhz  ; clk_50Mhz ; None                        ; None                      ; 5.079 ns                ;
; N/A                                     ; 189.11 MHz ( period = 5.288 ns )                    ; \p1:temp[9]  ; \p1:temp[25] ; clk_50Mhz  ; clk_50Mhz ; None                        ; None                      ; 5.078 ns                ;
; N/A                                     ; 189.11 MHz ( period = 5.288 ns )                    ; \p1:temp[9]  ; \p1:temp[13] ; clk_50Mhz  ; clk_50Mhz ; None                        ; None                      ; 5.078 ns                ;
; N/A                                     ; 189.14 MHz ( period = 5.287 ns )                    ; \p1:temp[9]  ; \p1:temp[7]  ; clk_50Mhz  ; clk_50Mhz ; None                        ; None                      ; 5.077 ns                ;
; N/A                                     ; 189.18 MHz ( period = 5.286 ns )                    ; \p1:temp[9]  ; \p1:temp[21] ; clk_50Mhz  ; clk_50Mhz ; None                        ; None                      ; 5.076 ns                ;
; N/A                                     ; 189.32 MHz ( period = 5.282 ns )                    ; \p1:temp[9]  ; \p1:temp[17] ; clk_50Mhz  ; clk_50Mhz ; None                        ; None                      ; 5.072 ns                ;
; N/A                                     ; 189.32 MHz ( period = 5.282 ns )                    ; \p1:temp[9]  ; \p1:temp[20] ; clk_50Mhz  ; clk_50Mhz ; None                        ; None                      ; 5.072 ns                ;
; N/A                                     ; 189.36 MHz ( period = 5.281 ns )                    ; \p1:temp[9]  ; \p1:temp[19] ; clk_50Mhz  ; clk_50Mhz ; None                        ; None                      ; 5.071 ns                ;
; N/A                                     ; 189.36 MHz ( period = 5.281 ns )                    ; \p1:temp[9]  ; \p1:temp[15] ; clk_50Mhz  ; clk_50Mhz ; None                        ; None                      ; 5.071 ns                ;
; N/A                                     ; 189.36 MHz ( period = 5.281 ns )                    ; \p1:temp[9]  ; \p1:temp[14] ; clk_50Mhz  ; clk_50Mhz ; None                        ; None                      ; 5.071 ns                ;
; N/A                                     ; 190.62 MHz ( period = 5.246 ns )                    ; \p1:temp[3]  ; \p1:temp[12] ; clk_50Mhz  ; clk_50Mhz ; None                        ; None                      ; 5.036 ns                ;
; N/A                                     ; 194.44 MHz ( period = 5.143 ns )                    ; \p1:temp[4]  ; \p1:temp[12] ; clk_50Mhz  ; clk_50Mhz ; None                        ; None                      ; 4.933 ns                ;
; N/A                                     ; 195.66 MHz ( period = 5.111 ns )                    ; \p1:temp[11] ; \p1:temp[22] ; clk_50Mhz  ; clk_50Mhz ; None                        ; None                      ; 4.901 ns                ;
; N/A                                     ; 195.69 MHz ( period = 5.110 ns )                    ; \p1:temp[11] ; \p1:temp[23] ; clk_50Mhz  ; clk_50Mhz ; None                        ; None                      ; 4.900 ns                ;
; N/A                                     ; 195.73 MHz ( period = 5.109 ns )                    ; \p1:temp[11] ; \p1:temp[25] ; clk_50Mhz  ; clk_50Mhz ; None                        ; None                      ; 4.899 ns                ;
; N/A                                     ; 195.73 MHz ( period = 5.109 ns )                    ; \p1:temp[11] ; \p1:temp[13] ; clk_50Mhz  ; clk_50Mhz ; None                        ; None                      ; 4.899 ns                ;
; N/A                                     ; 195.77 MHz ( period = 5.108 ns )                    ; \p1:temp[11] ; \p1:temp[7]  ; clk_50Mhz  ; clk_50Mhz ; None                        ; None                      ; 4.898 ns                ;
; N/A                                     ; 195.81 MHz ( period = 5.107 ns )                    ; \p1:temp[11] ; \p1:temp[21] ; clk_50Mhz  ; clk_50Mhz ; None                        ; None                      ; 4.897 ns                ;
; N/A                                     ; 195.96 MHz ( period = 5.103 ns )                    ; \p1:temp[11] ; \p1:temp[17] ; clk_50Mhz  ; clk_50Mhz ; None                        ; None                      ; 4.893 ns                ;
; N/A                                     ; 195.96 MHz ( period = 5.103 ns )                    ; \p1:temp[11] ; \p1:temp[20] ; clk_50Mhz  ; clk_50Mhz ; None                        ; None                      ; 4.893 ns                ;
; N/A                                     ; 196.00 MHz ( period = 5.102 ns )                    ; \p1:temp[11] ; \p1:temp[19] ; clk_50Mhz  ; clk_50Mhz ; None                        ; None                      ; 4.892 ns                ;
; N/A                                     ; 196.00 MHz ( period = 5.102 ns )                    ; \p1:temp[11] ; \p1:temp[15] ; clk_50Mhz  ; clk_50Mhz ; None                        ; None                      ; 4.892 ns                ;
; N/A                                     ; 196.00 MHz ( period = 5.102 ns )                    ; \p1:temp[11] ; \p1:temp[14] ; clk_50Mhz  ; clk_50Mhz ; None                        ; None                      ; 4.892 ns                ;
; N/A                                     ; 196.62 MHz ( period = 5.086 ns )                    ; \p1:temp[13] ; \p1:temp[22] ; clk_50Mhz  ; clk_50Mhz ; None                        ; None                      ; 4.872 ns                ;
; N/A                                     ; 196.66 MHz ( period = 5.085 ns )                    ; \p1:temp[13] ; \p1:temp[23] ; clk_50Mhz  ; clk_50Mhz ; None                        ; None                      ; 4.871 ns                ;
; N/A                                     ; 196.70 MHz ( period = 5.084 ns )                    ; \p1:temp[13] ; \p1:temp[25] ; clk_50Mhz  ; clk_50Mhz ; None                        ; None                      ; 4.870 ns                ;
; N/A                                     ; 196.70 MHz ( period = 5.084 ns )                    ; \p1:temp[13] ; \p1:temp[13] ; clk_50Mhz  ; clk_50Mhz ; None                        ; None                      ; 4.870 ns                ;
; N/A                                     ; 196.73 MHz ( period = 5.083 ns )                    ; \p1:temp[13] ; \p1:temp[7]  ; clk_50Mhz  ; clk_50Mhz ; None                        ; None                      ; 4.869 ns                ;
; N/A                                     ; 196.77 MHz ( period = 5.082 ns )                    ; \p1:temp[13] ; \p1:temp[21] ; clk_50Mhz  ; clk_50Mhz ; None                        ; None                      ; 4.868 ns                ;
; N/A                                     ; 196.93 MHz ( period = 5.078 ns )                    ; \p1:temp[13] ; \p1:temp[17] ; clk_50Mhz  ; clk_50Mhz ; None                        ; None                      ; 4.864 ns                ;
; N/A                                     ; 196.93 MHz ( period = 5.078 ns )                    ; \p1:temp[13] ; \p1:temp[20] ; clk_50Mhz  ; clk_50Mhz ; None                        ; None                      ; 4.864 ns                ;
; N/A                                     ; 196.97 MHz ( period = 5.077 ns )                    ; \p1:temp[13] ; \p1:temp[19] ; clk_50Mhz  ; clk_50Mhz ; None                        ; None                      ; 4.863 ns                ;
; N/A                                     ; 196.97 MHz ( period = 5.077 ns )                    ; \p1:temp[13] ; \p1:temp[15] ; clk_50Mhz  ; clk_50Mhz ; None                        ; None                      ; 4.863 ns                ;
; N/A                                     ; 196.97 MHz ( period = 5.077 ns )                    ; \p1:temp[13] ; \p1:temp[14] ; clk_50Mhz  ; clk_50Mhz ; None                        ; None                      ; 4.863 ns                ;
; N/A                                     ; 198.06 MHz ( period = 5.049 ns )                    ; \p1:temp[14] ; \p1:temp[22] ; clk_50Mhz  ; clk_50Mhz ; None                        ; None                      ; 4.835 ns                ;
; N/A                                     ; 198.10 MHz ( period = 5.048 ns )                    ; \p1:temp[14] ; \p1:temp[23] ; clk_50Mhz  ; clk_50Mhz ; None                        ; None                      ; 4.834 ns                ;
; N/A                                     ; 198.14 MHz ( period = 5.047 ns )                    ; \p1:temp[14] ; \p1:temp[25] ; clk_50Mhz  ; clk_50Mhz ; None                        ; None                      ; 4.833 ns                ;
; N/A                                     ; 198.14 MHz ( period = 5.047 ns )                    ; \p1:temp[14] ; \p1:temp[13] ; clk_50Mhz  ; clk_50Mhz ; None                        ; None                      ; 4.833 ns                ;
; N/A                                     ; 198.18 MHz ( period = 5.046 ns )                    ; \p1:temp[14] ; \p1:temp[7]  ; clk_50Mhz  ; clk_50Mhz ; None                        ; None                      ; 4.832 ns                ;
; N/A                                     ; 198.22 MHz ( period = 5.045 ns )                    ; \p1:temp[14] ; \p1:temp[21] ; clk_50Mhz  ; clk_50Mhz ; None                        ; None                      ; 4.831 ns                ;
; N/A                                     ; 198.37 MHz ( period = 5.041 ns )                    ; \p1:temp[14] ; \p1:temp[17] ; clk_50Mhz  ; clk_50Mhz ; None                        ; None                      ; 4.827 ns                ;
; N/A                                     ; 198.37 MHz ( period = 5.041 ns )                    ; \p1:temp[14] ; \p1:temp[20] ; clk_50Mhz  ; clk_50Mhz ; None                        ; None                      ; 4.827 ns                ;
; N/A                                     ; 198.41 MHz ( period = 5.040 ns )                    ; \p1:temp[14] ; \p1:temp[19] ; clk_50Mhz  ; clk_50Mhz ; None                        ; None                      ; 4.826 ns                ;
; N/A                                     ; 198.41 MHz ( period = 5.040 ns )                    ; \p1:temp[14] ; \p1:temp[15] ; clk_50Mhz  ; clk_50Mhz ; None                        ; None                      ; 4.826 ns                ;
; N/A                                     ; 198.41 MHz ( period = 5.040 ns )                    ; \p1:temp[14] ; \p1:temp[14] ; clk_50Mhz  ; clk_50Mhz ; None                        ; None                      ; 4.826 ns                ;
; N/A                                     ; 199.64 MHz ( period = 5.009 ns )                    ; \p1:temp[5]  ; \p1:temp[12] ; clk_50Mhz  ; clk_50Mhz ; None                        ; None                      ; 4.799 ns                ;
; N/A                                     ; 202.06 MHz ( period = 4.949 ns )                    ; \p1:temp[15] ; \p1:temp[22] ; clk_50Mhz  ; clk_50Mhz ; None                        ; None                      ; 4.735 ns                ;
; N/A                                     ; 202.10 MHz ( period = 4.948 ns )                    ; \p1:temp[15] ; \p1:temp[23] ; clk_50Mhz  ; clk_50Mhz ; None                        ; None                      ; 4.734 ns                ;
; N/A                                     ; 202.14 MHz ( period = 4.947 ns )                    ; \p1:temp[15] ; \p1:temp[25] ; clk_50Mhz  ; clk_50Mhz ; None                        ; None                      ; 4.733 ns                ;
; N/A                                     ; 202.14 MHz ( period = 4.947 ns )                    ; \p1:temp[15] ; \p1:temp[13] ; clk_50Mhz  ; clk_50Mhz ; None                        ; None                      ; 4.733 ns                ;
; N/A                                     ; 202.18 MHz ( period = 4.946 ns )                    ; \p1:temp[15] ; \p1:temp[7]  ; clk_50Mhz  ; clk_50Mhz ; None                        ; None                      ; 4.732 ns                ;
; N/A                                     ; 202.22 MHz ( period = 4.945 ns )                    ; \p1:temp[15] ; \p1:temp[21] ; clk_50Mhz  ; clk_50Mhz ; None                        ; None                      ; 4.731 ns                ;
; N/A                                     ; 202.39 MHz ( period = 4.941 ns )                    ; \p1:temp[15] ; \p1:temp[17] ; clk_50Mhz  ; clk_50Mhz ; None                        ; None                      ; 4.727 ns                ;
; N/A                                     ; 202.39 MHz ( period = 4.941 ns )                    ; \p1:temp[15] ; \p1:temp[20] ; clk_50Mhz  ; clk_50Mhz ; None                        ; None                      ; 4.727 ns                ;
; N/A                                     ; 202.43 MHz ( period = 4.940 ns )                    ; \p1:temp[15] ; \p1:temp[19] ; clk_50Mhz  ; clk_50Mhz ; None                        ; None                      ; 4.726 ns                ;
; N/A                                     ; 202.43 MHz ( period = 4.940 ns )                    ; \p1:temp[15] ; \p1:temp[15] ; clk_50Mhz  ; clk_50Mhz ; None                        ; None                      ; 4.726 ns                ;
; N/A                                     ; 202.43 MHz ( period = 4.940 ns )                    ; \p1:temp[15] ; \p1:temp[14] ; clk_50Mhz  ; clk_50Mhz ; None                        ; None                      ; 4.726 ns                ;
; N/A                                     ; 203.87 MHz ( period = 4.905 ns )                    ; \p1:temp[12] ; \p1:temp[12] ; clk_50Mhz  ; clk_50Mhz ; None                        ; None                      ; 4.691 ns                ;
; N/A                                     ; 203.92 MHz ( period = 4.904 ns )                    ; \p1:temp[6]  ; \p1:temp[12] ; clk_50Mhz  ; clk_50Mhz ; None                        ; None                      ; 4.694 ns                ;
; N/A                                     ; 206.78 MHz ( period = 4.836 ns )                    ; \p1:temp[10] ; \p1:temp[12] ; clk_50Mhz  ; clk_50Mhz ; None                        ; None                      ; 4.626 ns                ;
; N/A                                     ; 209.78 MHz ( period = 4.767 ns )                    ; \p1:temp[17] ; \p1:temp[22] ; clk_50Mhz  ; clk_50Mhz ; None                        ; None                      ; 4.553 ns                ;
; N/A                                     ; 209.82 MHz ( period = 4.766 ns )                    ; \p1:temp[17] ; \p1:temp[23] ; clk_50Mhz  ; clk_50Mhz ; None                        ; None                      ; 4.552 ns                ;
; N/A                                     ; 209.86 MHz ( period = 4.765 ns )                    ; \p1:temp[17] ; \p1:temp[25] ; clk_50Mhz  ; clk_50Mhz ; None                        ; None                      ; 4.551 ns                ;
; N/A                                     ; 209.86 MHz ( period = 4.765 ns )                    ; \p1:temp[17] ; \p1:temp[13] ; clk_50Mhz  ; clk_50Mhz ; None                        ; None                      ; 4.551 ns                ;
; N/A                                     ; 209.91 MHz ( period = 4.764 ns )                    ; \p1:temp[17] ; \p1:temp[7]  ; clk_50Mhz  ; clk_50Mhz ; None                        ; None                      ; 4.550 ns                ;
; N/A                                     ; 209.95 MHz ( period = 4.763 ns )                    ; \p1:temp[17] ; \p1:temp[21] ; clk_50Mhz  ; clk_50Mhz ; None                        ; None                      ; 4.549 ns                ;
; N/A                                     ; 209.95 MHz ( period = 4.763 ns )                    ; \p1:temp[8]  ; \p1:temp[12] ; clk_50Mhz  ; clk_50Mhz ; None                        ; None                      ; 4.553 ns                ;
; N/A                                     ; 210.13 MHz ( period = 4.759 ns )                    ; \p1:temp[17] ; \p1:temp[17] ; clk_50Mhz  ; clk_50Mhz ; None                        ; None                      ; 4.545 ns                ;
; N/A                                     ; 210.13 MHz ( period = 4.759 ns )                    ; \p1:temp[17] ; \p1:temp[20] ; clk_50Mhz  ; clk_50Mhz ; None                        ; None                      ; 4.545 ns                ;
; N/A                                     ; 210.17 MHz ( period = 4.758 ns )                    ; \p1:temp[17] ; \p1:temp[19] ; clk_50Mhz  ; clk_50Mhz ; None                        ; None                      ; 4.544 ns                ;
; N/A                                     ; 210.17 MHz ( period = 4.758 ns )                    ; \p1:temp[17] ; \p1:temp[15] ; clk_50Mhz  ; clk_50Mhz ; None                        ; None                      ; 4.544 ns                ;
; N/A                                     ; 210.17 MHz ( period = 4.758 ns )                    ; \p1:temp[17] ; \p1:temp[14] ; clk_50Mhz  ; clk_50Mhz ; None                        ; None                      ; 4.544 ns                ;
; N/A                                     ; 211.51 MHz ( period = 4.728 ns )                    ; \p1:temp[9]  ; \p1:temp[12] ; clk_50Mhz  ; clk_50Mhz ; None                        ; None                      ; 4.518 ns                ;
; N/A                                     ; 211.82 MHz ( period = 4.721 ns )                    ; \p1:temp[16] ; \p1:temp[22] ; clk_50Mhz  ; clk_50Mhz ; None                        ; None                      ; 4.508 ns                ;
; Timing analysis restricted to 200 rows. ; To change the limit use Settings (Assignments menu) ;              ;              ;            ;           ;                             ;                           ;                         ;
+-----------------------------------------+-----------------------------------------------------+--------------+--------------+------------+-----------+-----------------------------+---------------------------+-------------------------+


+-------------------------------------------------------------------------------------------------------------------------------------------------------------------------------+
; Clock Hold: 'clk_50Mhz'                                                                                                                                                       ;
+------------------------------------------+--------+-------------+------------+-----------+----------------------------+----------------------------+--------------------------+
; Minimum Slack                            ; From   ; To          ; From Clock ; To Clock  ; Required Hold Relationship ; Required Shortest P2P Time ; Actual Shortest P2P Time ;
+------------------------------------------+--------+-------------+------------+-----------+----------------------------+----------------------------+--------------------------+
; Not operational: Clock Skew > Data Delay ; clk_1s ; \p2:data[0] ; clk_50Mhz  ; clk_50Mhz ; None                       ; None                       ; 1.656 ns                 ;
; Not operational: Clock Skew > Data Delay ; clk_1s ; \p2:data[1] ; clk_50Mhz  ; clk_50Mhz ; None                       ; None                       ; 2.769 ns                 ;
; Not operational: Clock Skew > Data Delay ; clk_1s ; \p2:data[2] ; clk_50Mhz  ; clk_50Mhz ; None                       ; None                       ; 2.769 ns                 ;
; Not operational: Clock Skew > Data Delay ; clk_1s ; \p2:data[3] ; clk_50Mhz  ; clk_50Mhz ; None                       ; None                       ; 2.769 ns                 ;
+------------------------------------------+--------+-------------+------------+-----------+----------------------------+----------------------------+--------------------------+


+------------------------------------------------------------------------------+
; tco                                                                          ;
+-------+--------------+------------+-------------+---------------+------------+
; Slack ; Required tco ; Actual tco ; From        ; To            ; From Clock ;
+-------+--------------+------------+-------------+---------------+------------+
; N/A   ; None         ; 13.917 ns  ; \p2:data[0] ; dout[0]       ; clk_50Mhz  ;
; N/A   ; None         ; 13.188 ns  ; \p2:data[0] ; dout_7_seg[0] ; clk_50Mhz  ;
; N/A   ; None         ; 13.172 ns  ; \p2:data[0] ; dout_7_seg[2] ; clk_50Mhz  ;
; N/A   ; None         ; 13.143 ns  ; \p2:data[0] ; dout_7_seg[1] ; clk_50Mhz  ;
; N/A   ; None         ; 12.962 ns  ; \p2:data[0] ; dout_7_seg[6] ; clk_50Mhz  ;
; N/A   ; None         ; 12.934 ns  ; \p2:data[0] ; dout_7_seg[3] ; clk_50Mhz  ;
; N/A   ; None         ; 12.919 ns  ; \p2:data[0] ; dout_7_seg[5] ; clk_50Mhz  ;
; N/A   ; None         ; 12.918 ns  ; \p2:data[0] ; dout_7_seg[4] ; clk_50Mhz  ;
; N/A   ; None         ; 12.417 ns  ; \p2:data[1] ; dout[1]       ; clk_50Mhz  ;
; N/A   ; None         ; 12.218 ns  ; \p2:data[3] ; dout[3]       ; clk_50Mhz  ;
; N/A   ; None         ; 12.218 ns  ; \p2:data[2] ; dout[2]       ; clk_50Mhz  ;
; N/A   ; None         ; 11.636 ns  ; \p2:data[3] ; dout_7_seg[0] ; clk_50Mhz  ;
; N/A   ; None         ; 11.621 ns  ; \p2:data[3] ; dout_7_seg[2] ; clk_50Mhz  ;
; N/A   ; None         ; 11.606 ns  ; \p2:data[3] ; dout_7_seg[1] ; clk_50Mhz  ;
; N/A   ; None         ; 11.602 ns  ; \p2:data[2] ; dout_7_seg[0] ; clk_50Mhz  ;
; N/A   ; None         ; 11.586 ns  ; \p2:data[2] ; dout_7_seg[2] ; clk_50Mhz  ;
; N/A   ; None         ; 11.571 ns  ; \p2:data[1] ; dout_7_seg[0] ; clk_50Mhz  ;
; N/A   ; None         ; 11.557 ns  ; \p2:data[2] ; dout_7_seg[1] ; clk_50Mhz  ;
; N/A   ; None         ; 11.555 ns  ; \p2:data[1] ; dout_7_seg[2] ; clk_50Mhz  ;
; N/A   ; None         ; 11.528 ns  ; \p2:data[1] ; dout_7_seg[1] ; clk_50Mhz  ;
; N/A   ; None         ; 11.411 ns  ; \p2:data[3] ; dout_7_seg[6] ; clk_50Mhz  ;
; N/A   ; None         ; 11.382 ns  ; \p2:data[3] ; dout_7_seg[3] ; clk_50Mhz  ;
; N/A   ; None         ; 11.378 ns  ; \p2:data[3] ; dout_7_seg[4] ; clk_50Mhz  ;
; N/A   ; None         ; 11.377 ns  ; \p2:data[2] ; dout_7_seg[6] ; clk_50Mhz  ;
; N/A   ; None         ; 11.368 ns  ; \p2:data[3] ; dout_7_seg[5] ; clk_50Mhz  ;
; N/A   ; None         ; 11.348 ns  ; \p2:data[2] ; dout_7_seg[3] ; clk_50Mhz  ;
; N/A   ; None         ; 11.347 ns  ; \p2:data[1] ; dout_7_seg[6] ; clk_50Mhz  ;
; N/A   ; None         ; 11.335 ns  ; \p2:data[2] ; dout_7_seg[4] ; clk_50Mhz  ;
; N/A   ; None         ; 11.334 ns  ; \p2:data[2] ; dout_7_seg[5] ; clk_50Mhz  ;
; N/A   ; None         ; 11.317 ns  ; \p2:data[1] ; dout_7_seg[3] ; clk_50Mhz  ;
; N/A   ; None         ; 11.303 ns  ; \p2:data[1] ; dout_7_seg[5] ; clk_50Mhz  ;
; N/A   ; None         ; 11.301 ns  ; \p2:data[1] ; dout_7_seg[4] ; clk_50Mhz  ;
+-------+--------------+------------+-------------+---------------+------------+


+--------------------------+
; Timing Analyzer Messages ;
+--------------------------+
Info: *******************************************************************
Info: Running Quartus II Classic Timing Analyzer
    Info: Version 9.0 Build 235 06/17/2009 Service Pack 2 SJ Web Edition
    Info: Processing started: Wed Sep 11 00:05:50 2024
Info: Command: quartus_tan --read_settings_files=off --write_settings_files=off compteur -c compteur --timing_analysis_only
Warning: Found pins functioning as undefined clocks and/or memory enables
    Info: Assuming node "clk_50Mhz" is an undefined clock
Warning: Found 1 node(s) in clock paths which may be acting as ripple and/or gated clocks -- node(s) analyzed as buffer(s) resulting in clock skew
    Info: Detected ripple clock "clk_1s" as buffer
Info: Clock "clk_50Mhz" has Internal fmax of 166.11 MHz between source register "\p1:temp[0]" and destination register "\p1:temp[22]" (period= 6.02 ns)
    Info: + Longest register to register delay is 5.810 ns
        Info: 1: + IC(0.000 ns) + CELL(0.000 ns) = 0.000 ns; Loc. = LCFF_X34_Y22_N7; Fanout = 2; REG Node = '\p1:temp[0]'
        Info: 2: + IC(0.325 ns) + CELL(0.414 ns) = 0.739 ns; Loc. = LCCOMB_X34_Y22_N6; Fanout = 2; COMB Node = 'Add0~1'
        Info: 3: + IC(0.000 ns) + CELL(0.071 ns) = 0.810 ns; Loc. = LCCOMB_X34_Y22_N8; Fanout = 2; COMB Node = 'Add0~3'
        Info: 4: + IC(0.000 ns) + CELL(0.071 ns) = 0.881 ns; Loc. = LCCOMB_X34_Y22_N10; Fanout = 2; COMB Node = 'Add0~5'
        Info: 5: + IC(0.000 ns) + CELL(0.071 ns) = 0.952 ns; Loc. = LCCOMB_X34_Y22_N12; Fanout = 2; COMB Node = 'Add0~7'
        Info: 6: + IC(0.000 ns) + CELL(0.159 ns) = 1.111 ns; Loc. = LCCOMB_X34_Y22_N14; Fanout = 2; COMB Node = 'Add0~9'
        Info: 7: + IC(0.000 ns) + CELL(0.071 ns) = 1.182 ns; Loc. = LCCOMB_X34_Y22_N16; Fanout = 2; COMB Node = 'Add0~11'
        Info: 8: + IC(0.000 ns) + CELL(0.071 ns) = 1.253 ns; Loc. = LCCOMB_X34_Y22_N18; Fanout = 2; COMB Node = 'Add0~13'
        Info: 9: + IC(0.000 ns) + CELL(0.071 ns) = 1.324 ns; Loc. = LCCOMB_X34_Y22_N20; Fanout = 2; COMB Node = 'Add0~15'
        Info: 10: + IC(0.000 ns) + CELL(0.071 ns) = 1.395 ns; Loc. = LCCOMB_X34_Y22_N22; Fanout = 2; COMB Node = 'Add0~17'
        Info: 11: + IC(0.000 ns) + CELL(0.071 ns) = 1.466 ns; Loc. = LCCOMB_X34_Y22_N24; Fanout = 2; COMB Node = 'Add0~19'
        Info: 12: + IC(0.000 ns) + CELL(0.071 ns) = 1.537 ns; Loc. = LCCOMB_X34_Y22_N26; Fanout = 2; COMB Node = 'Add0~21'
        Info: 13: + IC(0.000 ns) + CELL(0.071 ns) = 1.608 ns; Loc. = LCCOMB_X34_Y22_N28; Fanout = 2; COMB Node = 'Add0~23'
        Info: 14: + IC(0.000 ns) + CELL(0.146 ns) = 1.754 ns; Loc. = LCCOMB_X34_Y22_N30; Fanout = 2; COMB Node = 'Add0~25'
        Info: 15: + IC(0.000 ns) + CELL(0.071 ns) = 1.825 ns; Loc. = LCCOMB_X34_Y21_N0; Fanout = 2; COMB Node = 'Add0~27'
        Info: 16: + IC(0.000 ns) + CELL(0.071 ns) = 1.896 ns; Loc. = LCCOMB_X34_Y21_N2; Fanout = 2; COMB Node = 'Add0~29'
        Info: 17: + IC(0.000 ns) + CELL(0.071 ns) = 1.967 ns; Loc. = LCCOMB_X34_Y21_N4; Fanout = 2; COMB Node = 'Add0~31'
        Info: 18: + IC(0.000 ns) + CELL(0.071 ns) = 2.038 ns; Loc. = LCCOMB_X34_Y21_N6; Fanout = 2; COMB Node = 'Add0~33'
        Info: 19: + IC(0.000 ns) + CELL(0.410 ns) = 2.448 ns; Loc. = LCCOMB_X34_Y21_N8; Fanout = 2; COMB Node = 'Add0~34'
        Info: 20: + IC(0.676 ns) + CELL(0.275 ns) = 3.399 ns; Loc. = LCCOMB_X35_Y21_N18; Fanout = 2; COMB Node = 'Equal0~5'
        Info: 21: + IC(0.947 ns) + CELL(0.410 ns) = 4.756 ns; Loc. = LCCOMB_X34_Y22_N0; Fanout = 12; COMB Node = 'Equal0~8'
        Info: 22: + IC(0.820 ns) + CELL(0.150 ns) = 5.726 ns; Loc. = LCCOMB_X35_Y21_N0; Fanout = 1; COMB Node = 'temp~36'
        Info: 23: + IC(0.000 ns) + CELL(0.084 ns) = 5.810 ns; Loc. = LCFF_X35_Y21_N1; Fanout = 2; REG Node = '\p1:temp[22]'
        Info: Total cell delay = 3.042 ns ( 52.36 % )
        Info: Total interconnect delay = 2.768 ns ( 47.64 % )
    Info: - Smallest clock skew is 0.004 ns
        Info: + Shortest clock path from clock "clk_50Mhz" to destination register is 2.666 ns
            Info: 1: + IC(0.000 ns) + CELL(0.999 ns) = 0.999 ns; Loc. = PIN_N2; Fanout = 2; CLK Node = 'clk_50Mhz'
            Info: 2: + IC(0.118 ns) + CELL(0.000 ns) = 1.117 ns; Loc. = CLKCTRL_G2; Fanout = 26; COMB Node = 'clk_50Mhz~clkctrl'
            Info: 3: + IC(1.012 ns) + CELL(0.537 ns) = 2.666 ns; Loc. = LCFF_X35_Y21_N1; Fanout = 2; REG Node = '\p1:temp[22]'
            Info: Total cell delay = 1.536 ns ( 57.61 % )
            Info: Total interconnect delay = 1.130 ns ( 42.39 % )
        Info: - Longest clock path from clock "clk_50Mhz" to source register is 2.662 ns
            Info: 1: + IC(0.000 ns) + CELL(0.999 ns) = 0.999 ns; Loc. = PIN_N2; Fanout = 2; CLK Node = 'clk_50Mhz'
            Info: 2: + IC(0.118 ns) + CELL(0.000 ns) = 1.117 ns; Loc. = CLKCTRL_G2; Fanout = 26; COMB Node = 'clk_50Mhz~clkctrl'
            Info: 3: + IC(1.008 ns) + CELL(0.537 ns) = 2.662 ns; Loc. = LCFF_X34_Y22_N7; Fanout = 2; REG Node = '\p1:temp[0]'
            Info: Total cell delay = 1.536 ns ( 57.70 % )
            Info: Total interconnect delay = 1.126 ns ( 42.30 % )
    Info: + Micro clock to output delay of source is 0.250 ns
    Info: + Micro setup delay of destination is -0.036 ns
Warning: Circuit may not operate. Detected 4 non-operational path(s) clocked by clock "clk_50Mhz" with clock skew larger than data delay. See Compilation Report for details.
Info: Found hold time violation between source  pin or register "clk_1s" and destination pin or register "\p2:data[0]" for clock "clk_50Mhz" (Hold time is 1.847 ns)
    Info: + Largest clock skew is 3.487 ns
        Info: + Longest clock path from clock "clk_50Mhz" to destination register is 6.534 ns
            Info: 1: + IC(0.000 ns) + CELL(0.999 ns) = 0.999 ns; Loc. = PIN_N2; Fanout = 2; CLK Node = 'clk_50Mhz'
            Info: 2: + IC(1.511 ns) + CELL(0.787 ns) = 3.297 ns; Loc. = LCFF_X34_Y22_N1; Fanout = 5; REG Node = 'clk_1s'
            Info: 3: + IC(1.702 ns) + CELL(0.000 ns) = 4.999 ns; Loc. = CLKCTRL_G15; Fanout = 4; COMB Node = 'clk_1s~clkctrl'
            Info: 4: + IC(0.998 ns) + CELL(0.537 ns) = 6.534 ns; Loc. = LCFF_X35_Y21_N17; Fanout = 12; REG Node = '\p2:data[0]'
            Info: Total cell delay = 2.323 ns ( 35.55 % )
            Info: Total interconnect delay = 4.211 ns ( 64.45 % )
        Info: - Shortest clock path from clock "clk_50Mhz" to source register is 3.047 ns
            Info: 1: + IC(0.000 ns) + CELL(0.999 ns) = 0.999 ns; Loc. = PIN_N2; Fanout = 2; CLK Node = 'clk_50Mhz'
            Info: 2: + IC(1.511 ns) + CELL(0.537 ns) = 3.047 ns; Loc. = LCFF_X34_Y22_N1; Fanout = 5; REG Node = 'clk_1s'
            Info: Total cell delay = 1.536 ns ( 50.41 % )
            Info: Total interconnect delay = 1.511 ns ( 49.59 % )
    Info: - Micro clock to output delay of source is 0.250 ns
    Info: - Shortest register to register delay is 1.656 ns
        Info: 1: + IC(0.000 ns) + CELL(0.000 ns) = 0.000 ns; Loc. = LCFF_X34_Y22_N1; Fanout = 5; REG Node = 'clk_1s'
        Info: 2: + IC(0.996 ns) + CELL(0.660 ns) = 1.656 ns; Loc. = LCFF_X35_Y21_N17; Fanout = 12; REG Node = '\p2:data[0]'
        Info: Total cell delay = 0.660 ns ( 39.86 % )
        Info: Total interconnect delay = 0.996 ns ( 60.14 % )
    Info: + Micro hold delay of destination is 0.266 ns
Info: tco from clock "clk_50Mhz" to destination pin "dout[0]" through register "\p2:data[0]" is 13.917 ns
    Info: + Longest clock path from clock "clk_50Mhz" to source register is 6.534 ns
        Info: 1: + IC(0.000 ns) + CELL(0.999 ns) = 0.999 ns; Loc. = PIN_N2; Fanout = 2; CLK Node = 'clk_50Mhz'
        Info: 2: + IC(1.511 ns) + CELL(0.787 ns) = 3.297 ns; Loc. = LCFF_X34_Y22_N1; Fanout = 5; REG Node = 'clk_1s'
        Info: 3: + IC(1.702 ns) + CELL(0.000 ns) = 4.999 ns; Loc. = CLKCTRL_G15; Fanout = 4; COMB Node = 'clk_1s~clkctrl'
        Info: 4: + IC(0.998 ns) + CELL(0.537 ns) = 6.534 ns; Loc. = LCFF_X35_Y21_N17; Fanout = 12; REG Node = '\p2:data[0]'
        Info: Total cell delay = 2.323 ns ( 35.55 % )
        Info: Total interconnect delay = 4.211 ns ( 64.45 % )
    Info: + Micro clock to output delay of source is 0.250 ns
    Info: + Longest register to pin delay is 7.133 ns
        Info: 1: + IC(0.000 ns) + CELL(0.000 ns) = 0.000 ns; Loc. = LCFF_X35_Y21_N17; Fanout = 12; REG Node = '\p2:data[0]'
        Info: 2: + IC(4.315 ns) + CELL(2.818 ns) = 7.133 ns; Loc. = PIN_AE23; Fanout = 0; PIN Node = 'dout[0]'
        Info: Total cell delay = 2.818 ns ( 39.51 % )
        Info: Total interconnect delay = 4.315 ns ( 60.49 % )
Info: Quartus II Classic Timing Analyzer was successful. 0 errors, 3 warnings
    Info: Peak virtual memory: 179 megabytes
    Info: Processing ended: Wed Sep 11 00:05:51 2024
    Info: Elapsed time: 00:00:01
    Info: Total CPU time (on all processors): 00:00:00


