#
# There is insufficient memory for the Java Runtime Environment to continue.
# Native memory allocation (malloc) failed to allocate 824496 bytes for Chunk::new
# Possible reasons:
#   The system is out of physical RAM or swap space
#   In 32 bit mode, the process size limit was hit
# Possible solutions:
#   Reduce memory load on the system
#   Increase physical memory or swap space
#   Check if swap backing store is full
#   Use 64 bit Java on a 64 bit OS
#   Decrease Java heap size (-Xmx/-Xms)
#   Decrease number of Java threads
#   Decrease Java thread stack sizes (-Xss)
#   Set larger code cache with -XX:ReservedCodeCacheSize=
# This output file may be truncated or incomplete.
#
#  Out of Memory Error (allocation.cpp:388), pid=13504, tid=11920
#
# JRE version: Java(TM) SE Runtime Environment (8.0_05-b13) (build 1.8.0_05-b13)
# Java VM: Java HotSpot(TM) 64-Bit Server VM (25.5-b02 mixed mode windows-amd64 compressed oops)
# Failed to write core dump. Minidumps are not enabled by default on client versions of Windows
#

---------------  T H R E A D  ---------------

Current thread (0x0000000017336000):  JavaThread "C2 CompilerThread1" daemon [_thread_in_native, id=11920, stack(0x0000000018980000,0x0000000018a80000)]

Stack: [0x0000000018980000,0x0000000018a80000]
Native frames: (J=compiled Java code, j=interpreted, Vv=VM code, C=native code)
V  [jvm.dll+0x308dea]
V  [jvm.dll+0x25def1]
V  [jvm.dll+0x25eb0f]
V  [jvm.dll+0x2564e5]
V  [jvm.dll+0xbcfc5]
V  [jvm.dll+0xbd45c]
V  [jvm.dll+0x468bac]
V  [jvm.dll+0x43638b]
V  [jvm.dll+0x44111e]
V  [jvm.dll+0x4436a9]
V  [jvm.dll+0x427532]
V  [jvm.dll+0x96702]
V  [jvm.dll+0x96ef3]
V  [jvm.dll+0x2232c4]
V  [jvm.dll+0x27baca]
C  [msvcr100.dll+0x21d9f]
C  [msvcr100.dll+0x21e3b]
C  [KERNEL32.DLL+0x17374]
C  [ntdll.dll+0x4cc91]


Current CompileTask:
C2:   3794 1461   !   4       sun.font.TrueTypeFont::getTableBuffer (199 bytes)


---------------  P R O C E S S  ---------------

Java Threads: ( => current thread )
  0x0000000019a80800 JavaThread "TimerQueue" daemon [_thread_blocked, id=10140, stack(0x0000000021f40000,0x0000000022040000)]
  0x0000000019745000 JavaThread "Image Fetcher 0" daemon [_thread_blocked, id=7068, stack(0x0000000020c80000,0x0000000020d80000)]
  0x00000000196ab800 JavaThread "AWT-EventQueue-0" [_thread_in_native, id=952, stack(0x000000001c0b0000,0x000000001c1b0000)]
  0x0000000018f6a000 JavaThread "AWT-Windows" daemon [_thread_in_native, id=15368, stack(0x0000000019cf0000,0x0000000019df0000)]
  0x0000000018f69800 JavaThread "AWT-Shutdown" [_thread_blocked, id=19384, stack(0x0000000019bf0000,0x0000000019cf0000)]
  0x0000000018f7e000 JavaThread "Java2D Disposer" daemon [_thread_blocked, id=13544, stack(0x0000000019af0000,0x0000000019bf0000)]
  0x000000001738d800 JavaThread "Service Thread" daemon [_thread_blocked, id=12452, stack(0x0000000018f80000,0x0000000019080000)]
  0x0000000017339800 JavaThread "C1 CompilerThread2" daemon [_thread_blocked, id=7796, stack(0x0000000018a80000,0x0000000018b80000)]
=>0x0000000017336000 JavaThread "C2 CompilerThread1" daemon [_thread_in_native, id=11920, stack(0x0000000018980000,0x0000000018a80000)]
  0x0000000017333000 JavaThread "C2 CompilerThread0" daemon [_thread_blocked, id=18624, stack(0x0000000018880000,0x0000000018980000)]
  0x0000000017331800 JavaThread "Attach Listener" daemon [_thread_blocked, id=928, stack(0x0000000018780000,0x0000000018880000)]
  0x0000000017330000 JavaThread "Signal Dispatcher" daemon [_thread_blocked, id=784, stack(0x0000000018680000,0x0000000018780000)]
  0x00000000028a5000 JavaThread "Finalizer" daemon [_thread_blocked, id=14772, stack(0x0000000018580000,0x0000000018680000)]
  0x00000000172f8000 JavaThread "Reference Handler" daemon [_thread_blocked, id=9568, stack(0x0000000018480000,0x0000000018580000)]
  0x00000000027b3800 JavaThread "main" [_thread_blocked, id=11444, stack(0x00000000025b0000,0x00000000026b0000)]

Other Threads:
  0x00000000172f6000 VMThread [stack: 0x0000000018380000,0x0000000018480000] [id=2452]
  0x0000000018bb2000 WatcherThread [stack: 0x0000000019080000,0x0000000019180000] [id=248]

VM state:not at safepoint (normal execution)

VM Mutex/Monitor currently owned by a thread: None

Heap:
 PSYoungGen      total 12800K, used 5773K [0x00000000d6400000, 0x00000000d7900000, 0x0000000100000000)
  eden space 10752K, 42% used [0x00000000d6400000,0x00000000d687f4b8,0x00000000d6e80000)
  from space 2048K, 57% used [0x00000000d6e80000,0x00000000d6fa4010,0x00000000d7080000)
  to   space 2048K, 0% used [0x00000000d7700000,0x00000000d7700000,0x00000000d7900000)
 ParOldGen       total 127488K, used 4812K [0x0000000082c00000, 0x000000008a880000, 0x00000000d6400000)
  object space 127488K, 3% used [0x0000000082c00000,0x00000000830b3080,0x000000008a880000)
 Metaspace       used 16776K, capacity 16974K, committed 17408K, reserved 1064960K
  class space    used 2377K, capacity 2438K, committed 2560K, reserved 1048576K

Card table byte_map: [0x0000000011c70000,0x0000000012060000] byte_map_base: 0x000000001185a000

Marking Bits: (ParMarkBitMap*) 0x000000005a6513b0
 Begin Bits: [0x0000000012700000, 0x0000000014650000)
 End Bits:   [0x0000000014650000, 0x00000000165a0000)

Polling page: 0x0000000000d20000

CodeCache: size=245760Kb used=5437Kb max_used=5437Kb free=240322Kb
 bounds [0x00000000028b0000, 0x0000000002e10000, 0x00000000118b0000]
 total_blobs=2107 nmethods=1579 adapters=442
 compilation: enabled

Compilation events (10 events):
Event: 3.706 Thread 0x0000000017339800 1576       3       sun.misc.URLClassPath$JarLoader$2::getContentLength (9 bytes)
Event: 3.706 Thread 0x0000000017339800 nmethod 1576 0x0000000002df54d0 code [0x0000000002df5640, 0x0000000002df5810]
Event: 3.706 Thread 0x0000000017339800 1577   !   3       java.util.jar.JarFile$JarFileEntry::getCodeSigners (78 bytes)
Event: 3.707 Thread 0x0000000017339800 nmethod 1577 0x0000000002dff750 code [0x0000000002dff920, 0x0000000002dffef8]
Event: 3.707 Thread 0x0000000017339800 1578       3       java.util.jar.JarFile::access$200 (5 bytes)
Event: 3.707 Thread 0x0000000017339800 nmethod 1578 0x0000000002e00150 code [0x0000000002e002c0, 0x0000000002e00428]
Event: 3.727 Thread 0x0000000017339800 1579       3       sun.net.www.protocol.file.Handler::hostsEqual (69 bytes)
Event: 3.728 Thread 0x0000000017339800 nmethod 1579 0x0000000002e00910 code [0x0000000002e00ac0, 0x0000000002e01208]
Event: 3.728 Thread 0x0000000017339800 1580       3       java.security.CodeSource::matchCerts (254 bytes)
Event: 3.730 Thread 0x0000000017339800 nmethod 1580 0x0000000002e01390 code [0x0000000002e015a0, 0x0000000002e020f8]

GC Heap History (10 events):
Event: 0.917 GC heap before
{Heap before GC invocations=9 (full 0):
 PSYoungGen      total 5632K, used 5075K [0x00000000d6400000, 0x00000000d6b00000, 0x0000000100000000)
  eden space 4096K, 100% used [0x00000000d6400000,0x00000000d6800000,0x00000000d6800000)
  from space 1536K, 63% used [0x00000000d6980000,0x00000000d6a74c70,0x00000000d6b00000)
  to   space 1536K, 0% used [0x00000000d6800000,0x00000000d6800000,0x00000000d6980000)
 ParOldGen       total 127488K, used 1128K [0x0000000082c00000, 0x000000008a880000, 0x00000000d6400000)
  object space 127488K, 0% used [0x0000000082c00000,0x0000000082d1a178,0x000000008a880000)
 Metaspace       used 7775K, capacity 7884K, committed 8064K, reserved 1056768K
  class space    used 857K, capacity 890K, committed 896K, reserved 1048576K
Event: 0.923 GC heap after
Heap after GC invocations=9 (full 0):
 PSYoungGen      total 5632K, used 1525K [0x00000000d6400000, 0x00000000d6e80000, 0x0000000100000000)
  eden space 4096K, 0% used [0x00000000d6400000,0x00000000d6400000,0x00000000d6800000)
  from space 1536K, 99% used [0x00000000d6800000,0x00000000d697d738,0x00000000d6980000)
  to   space 2048K, 0% used [0x00000000d6c80000,0x00000000d6c80000,0x00000000d6e80000)
 ParOldGen       total 127488K, used 1510K [0x0000000082c00000, 0x000000008a880000, 0x00000000d6400000)
  object space 127488K, 1% used [0x0000000082c00000,0x0000000082d79bd8,0x000000008a880000)
 Metaspace       used 7775K, capacity 7884K, committed 8064K, reserved 1056768K
  class space    used 857K, capacity 890K, committed 896K, reserved 1048576K
}
Event: 1.209 GC heap before
{Heap before GC invocations=10 (full 0):
 PSYoungGen      total 5632K, used 5621K [0x00000000d6400000, 0x00000000d6e80000, 0x0000000100000000)
  eden space 4096K, 100% used [0x00000000d6400000,0x00000000d6800000,0x00000000d6800000)
  from space 1536K, 99% used [0x00000000d6800000,0x00000000d697d738,0x00000000d6980000)
  to   space 2048K, 0% used [0x00000000d6c80000,0x00000000d6c80000,0x00000000d6e80000)
 ParOldGen       total 127488K, used 1510K [0x0000000082c00000, 0x000000008a880000, 0x00000000d6400000)
  object space 127488K, 1% used [0x0000000082c00000,0x0000000082d79bd8,0x000000008a880000)
 Metaspace       used 10651K, capacity 10750K, committed 10880K, reserved 1058816K
  class space    used 1337K, capacity 1374K, committed 1408K, reserved 1048576K
Event: 1.214 GC heap after
Heap after GC invocations=10 (full 0):
 PSYoungGen      total 8704K, used 1330K [0x00000000d6400000, 0x00000000d6e80000, 0x0000000100000000)
  eden space 6656K, 0% used [0x00000000d6400000,0x00000000d6400000,0x00000000d6a80000)
  from space 2048K, 64% used [0x00000000d6c80000,0x00000000d6dcca98,0x00000000d6e80000)
  to   space 2048K, 0% used [0x00000000d6a80000,0x00000000d6a80000,0x00000000d6c80000)
 ParOldGen       total 127488K, used 2094K [0x0000000082c00000, 0x000000008a880000, 0x00000000d6400000)
  object space 127488K, 1% used [0x0000000082c00000,0x0000000082e0bbd8,0x000000008a880000)
 Metaspace       used 10651K, capacity 10750K, committed 10880K, reserved 1058816K
  class space    used 1337K, capacity 1374K, committed 1408K, reserved 1048576K
}
Event: 1.552 GC heap before
{Heap before GC invocations=11 (full 0):
 PSYoungGen      total 8704K, used 7986K [0x00000000d6400000, 0x00000000d6e80000, 0x0000000100000000)
  eden space 6656K, 100% used [0x00000000d6400000,0x00000000d6a80000,0x00000000d6a80000)
  from space 2048K, 64% used [0x00000000d6c80000,0x00000000d6dcca98,0x00000000d6e80000)
  to   space 2048K, 0% used [0x00000000d6a80000,0x00000000d6a80000,0x00000000d6c80000)
 ParOldGen       total 127488K, used 2094K [0x0000000082c00000, 0x000000008a880000, 0x00000000d6400000)
  object space 127488K, 1% used [0x0000000082c00000,0x0000000082e0bbd8,0x000000008a880000)
 Metaspace       used 14327K, capacity 14518K, committed 14720K, reserved 1062912K
  class space    used 1995K, capacity 2050K, committed 2176K, reserved 1048576K
Event: 1.557 GC heap after
Heap after GC invocations=11 (full 0):
 PSYoungGen      total 8704K, used 1354K [0x00000000d6400000, 0x00000000d7280000, 0x0000000100000000)
  eden space 6656K, 0% used [0x00000000d6400000,0x00000000d6400000,0x00000000d6a80000)
  from space 2048K, 66% used [0x00000000d6a80000,0x00000000d6bd2880,0x00000000d6c80000)
  to   space 2048K, 0% used [0x00000000d7080000,0x00000000d7080000,0x00000000d7280000)
 ParOldGen       total 127488K, used 2926K [0x0000000082c00000, 0x000000008a880000, 0x00000000d6400000)
  object space 127488K, 2% used [0x0000000082c00000,0x0000000082edbbd8,0x000000008a880000)
 Metaspace       used 14327K, capacity 14518K, committed 14720K, reserved 1062912K
  class space    used 1995K, capacity 2050K, committed 2176K, reserved 1048576K
}
Event: 1.905 GC heap before
{Heap before GC invocations=12 (full 0):
 PSYoungGen      total 8704K, used 8008K [0x00000000d6400000, 0x00000000d7280000, 0x0000000100000000)
  eden space 6656K, 99% used [0x00000000d6400000,0x00000000d6a7f918,0x00000000d6a80000)
  from space 2048K, 66% used [0x00000000d6a80000,0x00000000d6bd2880,0x00000000d6c80000)
  to   space 2048K, 0% used [0x00000000d7080000,0x00000000d7080000,0x00000000d7280000)
 ParOldGen       total 127488K, used 2926K [0x0000000082c00000, 0x000000008a880000, 0x00000000d6400000)
  object space 127488K, 2% used [0x0000000082c00000,0x0000000082edbbd8,0x000000008a880000)
 Metaspace       used 16287K, capacity 16430K, committed 16768K, reserved 1062912K
  class space    used 2308K, capacity 2342K, committed 2432K, reserved 1048576K
Event: 1.910 GC heap after
Heap after GC invocations=12 (full 0):
 PSYoungGen      total 12800K, used 1301K [0x00000000d6400000, 0x00000000d7280000, 0x0000000100000000)
  eden space 10752K, 0% used [0x00000000d6400000,0x00000000d6400000,0x00000000d6e80000)
  from space 2048K, 63% used [0x00000000d7080000,0x00000000d71c5488,0x00000000d7280000)
  to   space 2048K, 0% used [0x00000000d6e80000,0x00000000d6e80000,0x00000000d7080000)
 ParOldGen       total 127488K, used 3848K [0x0000000082c00000, 0x000000008a880000, 0x00000000d6400000)
  object space 127488K, 3% used [0x0000000082c00000,0x0000000082fc2060,0x000000008a880000)
 Metaspace       used 16287K, capacity 16430K, committed 16768K, reserved 1062912K
  class space    used 2308K, capacity 2342K, committed 2432K, reserved 1048576K
}
Event: 3.552 GC heap before
{Heap before GC invocations=13 (full 0):
 PSYoungGen      total 12800K, used 12053K [0x00000000d6400000, 0x00000000d7280000, 0x0000000100000000)
  eden space 10752K, 100% used [0x00000000d6400000,0x00000000d6e80000,0x00000000d6e80000)
  from space 2048K, 63% used [0x00000000d7080000,0x00000000d71c5488,0x00000000d7280000)
  to   space 2048K, 0% used [0x00000000d6e80000,0x00000000d6e80000,0x00000000d7080000)
 ParOldGen       total 127488K, used 3848K [0x0000000082c00000, 0x000000008a880000, 0x00000000d6400000)
  object space 127488K, 3% used [0x0000000082c00000,0x0000000082fc2060,0x000000008a880000)
 Metaspace       used 16379K, capacity 16590K, committed 16768K, reserved 1062912K
  class space    used 2311K, capacity 2374K, committed 2432K, reserved 1048576K
Event: 3.558 GC heap after
Heap after GC invocations=13 (full 0):
 PSYoungGen      total 12800K, used 1168K [0x00000000d6400000, 0x00000000d7900000, 0x0000000100000000)
  eden space 10752K, 0% used [0x00000000d6400000,0x00000000d6400000,0x00000000d6e80000)
  from space 2048K, 57% used [0x00000000d6e80000,0x00000000d6fa4010,0x00000000d7080000)
  to   space 2048K, 0% used [0x00000000d7700000,0x00000000d7700000,0x00000000d7900000)
 ParOldGen       total 127488K, used 4812K [0x0000000082c00000, 0x000000008a880000, 0x00000000d6400000)
  object space 127488K, 3% used [0x0000000082c00000,0x00000000830b3080,0x000000008a880000)
 Metaspace       used 16379K, capacity 16590K, committed 16768K, reserved 1062912K
  class space    used 2311K, capacity 2374K, committed 2432K, reserved 1048576K
}

Deoptimization events (10 events):
Event: 1.603 Thread 0x00000000196ab800 Uncommon trap: reason=class_check action=maybe_recompile pc=0x0000000002a50ba8 method=java.lang.String.equals(Ljava/lang/Object;)Z @ 8
Event: 1.603 Thread 0x00000000196ab800 Uncommon trap: reason=class_check action=maybe_recompile pc=0x0000000002a50ba8 method=java.lang.String.equals(Ljava/lang/Object;)Z @ 8
Event: 1.603 Thread 0x00000000196ab800 Uncommon trap: reason=class_check action=maybe_recompile pc=0x0000000002a50ba8 method=java.lang.String.equals(Ljava/lang/Object;)Z @ 8
Event: 1.621 Thread 0x00000000196ab800 Uncommon trap: reason=class_check action=maybe_recompile pc=0x0000000002c90ac0 method=java.util.HashMap.putVal(ILjava/lang/Object;Ljava/lang/Object;ZZ)Ljava/lang/Object; @ 253
Event: 1.720 Thread 0x0000000018f6a000 Uncommon trap: reason=class_check action=maybe_recompile pc=0x0000000002c972cc method=java.util.HashMap.putVal(ILjava/lang/Object;Ljava/lang/Object;ZZ)Ljava/lang/Object; @ 203
Event: 1.720 Thread 0x0000000018f6a000 Uncommon trap: reason=bimorphic action=maybe_recompile pc=0x0000000002c972fc method=java.util.HashMap.putVal(ILjava/lang/Object;Ljava/lang/Object;ZZ)Ljava/lang/Object; @ 91
Event: 1.720 Thread 0x0000000018f6a000 Uncommon trap: reason=class_check action=maybe_recompile pc=0x0000000002c972cc method=java.util.HashMap.putVal(ILjava/lang/Object;Ljava/lang/Object;ZZ)Ljava/lang/Object; @ 203
Event: 1.720 Thread 0x0000000018f6a000 Uncommon trap: reason=class_check action=maybe_recompile pc=0x0000000002c972cc method=java.util.HashMap.putVal(ILjava/lang/Object;Ljava/lang/Object;ZZ)Ljava/lang/Object; @ 203
Event: 1.720 Thread 0x0000000018f6a000 Uncommon trap: reason=bimorphic action=maybe_recompile pc=0x0000000002c90bb0 method=java.util.HashMap.putVal(ILjava/lang/Object;Ljava/lang/Object;ZZ)Ljava/lang/Object; @ 91
Event: 3.475 Thread 0x00000000196ab800 Uncommon trap: reason=unloaded action=reinterpret pc=0x0000000002d1e97c method=java.lang.CharacterData.of(I)Ljava/lang/CharacterData; @ 96

Internal exceptions (10 events):
Event: 3.721 Thread 0x00000000027b3800 Exception <a 'java/security/PrivilegedActionException'> (0x00000000d655c0d0) thrown at [D:\re\workspace\8-2-build-windows-amd64-cygwin\jdk8u5\2488\hotspot\src\share\vm\prims\jvm.cpp, line 1248]
Event: 3.721 Thread 0x00000000027b3800 Exception <a 'java/security/PrivilegedActionException'> (0x00000000d683e150) thrown at [D:\re\workspace\8-2-build-windows-amd64-cygwin\jdk8u5\2488\hotspot\src\share\vm\prims\jvm.cpp, line 1248]
Event: 3.722 Thread 0x00000000027b3800 Exception <a 'java/security/PrivilegedActionException'> (0x00000000d6841f20) thrown at [D:\re\workspace\8-2-build-windows-amd64-cygwin\jdk8u5\2488\hotspot\src\share\vm\prims\jvm.cpp, line 1248]
Event: 3.722 Thread 0x00000000027b3800 Exception <a 'java/security/PrivilegedActionException'> (0x00000000d6849e48) thrown at [D:\re\workspace\8-2-build-windows-amd64-cygwin\jdk8u5\2488\hotspot\src\share\vm\prims\jvm.cpp, line 1248]
Event: 3.723 Thread 0x00000000027b3800 Exception <a 'java/security/PrivilegedActionException'> (0x00000000d684edb8) thrown at [D:\re\workspace\8-2-build-windows-amd64-cygwin\jdk8u5\2488\hotspot\src\share\vm\prims\jvm.cpp, line 1248]
Event: 3.723 Thread 0x00000000027b3800 Exception <a 'java/security/PrivilegedActionException'> (0x00000000d6854348) thrown at [D:\re\workspace\8-2-build-windows-amd64-cygwin\jdk8u5\2488\hotspot\src\share\vm\prims\jvm.cpp, line 1248]
Event: 3.726 Thread 0x00000000027b3800 Exception <a 'java/security/PrivilegedActionException'> (0x00000000d6858da0) thrown at [D:\re\workspace\8-2-build-windows-amd64-cygwin\jdk8u5\2488\hotspot\src\share\vm\prims\jvm.cpp, line 1248]
Event: 3.726 Thread 0x00000000027b3800 Exception <a 'java/security/PrivilegedActionException'> (0x00000000d685c9d8) thrown at [D:\re\workspace\8-2-build-windows-amd64-cygwin\jdk8u5\2488\hotspot\src\share\vm\prims\jvm.cpp, line 1248]
Event: 3.727 Thread 0x00000000027b3800 Exception <a 'java/security/PrivilegedActionException'> (0x00000000d6861218) thrown at [D:\re\workspace\8-2-build-windows-amd64-cygwin\jdk8u5\2488\hotspot\src\share\vm\prims\jvm.cpp, line 1248]
Event: 3.728 Thread 0x00000000027b3800 Exception <a 'java/security/PrivilegedActionException'> (0x00000000d6864f90) thrown at [D:\re\workspace\8-2-build-windows-amd64-cygwin\jdk8u5\2488\hotspot\src\share\vm\prims\jvm.cpp, line 1248]

Events (10 events):
Event: 3.727 loading class com/altera/ui/app/base/BasicEditor$3
Event: 3.727 loading class com/altera/ui/app/base/BasicEditor$3 done
Event: 3.728 loading class com/altera/embeddedsw/bsp/editor/tools/file/OpenBspTask
Event: 3.728 loading class com/altera/embeddedsw/bsp/editor/tools/file/OpenBspTask done
Event: 3.730 loading class java/util/concurrent/Semaphore
Event: 3.730 loading class java/util/concurrent/Semaphore done
Event: 3.730 loading class java/util/concurrent/Semaphore$NonfairSync
Event: 3.730 loading class java/util/concurrent/Semaphore$Sync
Event: 3.731 loading class java/util/concurrent/Semaphore$Sync done
Event: 3.731 loading class java/util/concurrent/Semaphore$NonfairSync done


Dynamic libraries:
0x00007ff773650000 - 0x00007ff773684000 	D:\quartus\quartus\bin64\jre64\bin\java.exe
0x00007ffd7d450000 - 0x00007ffd7d648000 	C:\WINDOWS\SYSTEM32\ntdll.dll
0x00007ffd7b7a0000 - 0x00007ffd7b862000 	C:\WINDOWS\System32\KERNEL32.DLL
0x00007ffd7aaf0000 - 0x00007ffd7adee000 	C:\WINDOWS\System32\KERNELBASE.dll
0x00007ffd7d350000 - 0x00007ffd7d401000 	C:\WINDOWS\System32\ADVAPI32.dll
0x00007ffd7d240000 - 0x00007ffd7d2de000 	C:\WINDOWS\System32\msvcrt.dll
0x00007ffd7c7c0000 - 0x00007ffd7c85f000 	C:\WINDOWS\System32\sechost.dll
0x00007ffd7b550000 - 0x00007ffd7b673000 	C:\WINDOWS\System32\RPCRT4.dll
0x00007ffd7b390000 - 0x00007ffd7b3b7000 	C:\WINDOWS\System32\bcrypt.dll
0x00007ffd7cfd0000 - 0x00007ffd7d16d000 	C:\WINDOWS\System32\USER32.dll
0x00007ffd7b2f0000 - 0x00007ffd7b312000 	C:\WINDOWS\System32\win32u.dll
0x00007ffd7c0e0000 - 0x00007ffd7c10b000 	C:\WINDOWS\System32\GDI32.dll
0x00007ffd7aef0000 - 0x00007ffd7b007000 	C:\WINDOWS\System32\gdi32full.dll
0x00007ffd7b250000 - 0x00007ffd7b2ed000 	C:\WINDOWS\System32\msvcp_win.dll
0x00007ffd7adf0000 - 0x00007ffd7aef0000 	C:\WINDOWS\System32\ucrtbase.dll
0x00007ffd65070000 - 0x00007ffd6530a000 	C:\WINDOWS\WinSxS\amd64_microsoft.windows.common-controls_6595b64144ccf1df_6.0.19041.4355_none_60b8b9eb71f62e16\COMCTL32.dll
0x00007ffd7c320000 - 0x00007ffd7c34f000 	C:\WINDOWS\System32\IMM32.DLL
0x000000005abf0000 - 0x000000005acc2000 	D:\quartus\quartus\bin64\jre64\bin\msvcr100.dll
0x0000000059ea0000 - 0x000000005a6ca000 	D:\quartus\quartus\bin64\jre64\bin\server\jvm.dll
0x00007ffd7b870000 - 0x00007ffd7b878000 	C:\WINDOWS\System32\PSAPI.DLL
0x00007ffd4e3e0000 - 0x00007ffd4e3e9000 	C:\WINDOWS\SYSTEM32\WSOCK32.dll
0x00007ffd665d0000 - 0x00007ffd665f7000 	C:\WINDOWS\SYSTEM32\WINMM.dll
0x00007ffd7bf40000 - 0x00007ffd7bfab000 	C:\WINDOWS\System32\WS2_32.dll
0x000000005ab60000 - 0x000000005ab6f000 	D:\quartus\quartus\bin64\jre64\bin\verify.dll
0x000000005ab30000 - 0x000000005ab58000 	D:\quartus\quartus\bin64\jre64\bin\java.dll
0x000000005ab10000 - 0x000000005ab26000 	D:\quartus\quartus\bin64\jre64\bin\zip.dll
0x00007ffd7c860000 - 0x00007ffd7cfcd000 	C:\WINDOWS\System32\SHELL32.dll
0x00007ffd78850000 - 0x00007ffd78ff4000 	C:\WINDOWS\SYSTEM32\windows.storage.dll
0x00007ffd7bbe0000 - 0x00007ffd7bf33000 	C:\WINDOWS\System32\combase.dll
0x00007ffd7a450000 - 0x00007ffd7a47e000 	C:\WINDOWS\SYSTEM32\Wldp.dll
0x00007ffd7d170000 - 0x00007ffd7d23d000 	C:\WINDOWS\System32\OLEAUT32.dll
0x00007ffd7c270000 - 0x00007ffd7c31d000 	C:\WINDOWS\System32\SHCORE.dll
0x00007ffd7c110000 - 0x00007ffd7c165000 	C:\WINDOWS\System32\shlwapi.dll
0x00007ffd7aa20000 - 0x00007ffd7aa44000 	C:\WINDOWS\SYSTEM32\profapi.dll
0x000000005a970000 - 0x000000005ab06000 	D:\Quartus\quartus\bin64\jre64\bin\awt.dll
0x00007ffd76990000 - 0x00007ffd76a24000 	C:\WINDOWS\SYSTEM32\apphelp.dll
0x00007ffd77c30000 - 0x00007ffd77cce000 	C:\WINDOWS\system32\uxtheme.dll
0x00007ffd7b680000 - 0x00007ffd7b795000 	C:\WINDOWS\System32\MSCTF.dll
0x00007ffd7bfb0000 - 0x00007ffd7c0db000 	C:\WINDOWS\System32\ole32.dll
0x00007ffd79340000 - 0x00007ffd79352000 	C:\WINDOWS\SYSTEM32\kernel.appcore.dll
0x00007ffd7b010000 - 0x00007ffd7b092000 	C:\WINDOWS\System32\bcryptPrimitives.dll
0x00007ffd78370000 - 0x00007ffd7839f000 	C:\WINDOWS\system32\DWMAPI.DLL
0x00007ffd3eb90000 - 0x00007ffd3ed61000 	C:\WINDOWS\system32\d3d9.dll
0x00007ffd37d40000 - 0x00007ffd37eef000 	C:\WINDOWS\System32\DriverStore\FileRepository\iigd_dch.inf_amd64_51f685305808e3a5\igdumdim64.dll
0x00007ffcfc1b0000 - 0x00007ffcff253000 	C:\WINDOWS\System32\DriverStore\FileRepository\iigd_dch.inf_amd64_51f685305808e3a5\igd9dxva64.dll
0x00007ffd7c350000 - 0x00007ffd7c7be000 	C:\WINDOWS\System32\SETUPAPI.dll
0x00007ffd7b200000 - 0x00007ffd7b24e000 	C:\WINDOWS\System32\cfgmgr32.dll
0x00007ffd6e980000 - 0x00007ffd6ed89000 	C:\WINDOWS\System32\DriverStore\FileRepository\iigd_dch.inf_amd64_51f685305808e3a5\igdgmm64.dll
0x00007ffd561d0000 - 0x00007ffd561f7000 	C:\WINDOWS\System32\DriverStore\FileRepository\iigd_dch.inf_amd64_51f685305808e3a5\igdinfo64.dll
0x00007ffd6b190000 - 0x00007ffd6e924000 	C:\WINDOWS\System32\DriverStore\FileRepository\iigd_dch.inf_amd64_51f685305808e3a5\igc64.dll
0x00007ffd6f7f0000 - 0x00007ffd6f82b000 	C:\WINDOWS\SYSTEM32\dxcore.dll
0x000000005a8e0000 - 0x000000005a927000 	D:\Quartus\quartus\bin64\jre64\bin\fontmanager.dll
0x000000005a950000 - 0x000000005a96a000 	D:\Quartus\quartus\bin64\jre64\bin\net.dll
0x00007ffd7a1b0000 - 0x00007ffd7a21a000 	C:\WINDOWS\system32\mswsock.dll
0x000000005a930000 - 0x000000005a941000 	D:\Quartus\quartus\bin64\jre64\bin\nio.dll
0x00007ffd5f940000 - 0x00007ffd5f9f0000 	C:\WINDOWS\WinSxS\amd64_microsoft.windows.common-controls_6595b64144ccf1df_5.82.19041.4355_none_792ecafd2442822f\comctl32.dll
0x000000005a890000 - 0x000000005a8d1000 	D:\Quartus\quartus\bin64\jre64\bin\t2k.dll
0x00007ffd7ba50000 - 0x00007ffd7baf9000 	C:\WINDOWS\System32\clbcatq.dll
0x00007ffd77640000 - 0x00007ffd777f4000 	C:\WINDOWS\SYSTEM32\WindowsCodecs.dll
0x00007ffd64930000 - 0x00007ffd6496e000 	C:\WINDOWS\system32\dataexchange.dll
0x00007ffd75290000 - 0x00007ffd754f3000 	C:\WINDOWS\system32\d3d11.dll
0x00007ffd75500000 - 0x00007ffd756e4000 	C:\WINDOWS\system32\dcomp.dll
0x00007ffd79380000 - 0x00007ffd79476000 	C:\WINDOWS\system32\dxgi.dll
0x00007ffd71e50000 - 0x00007ffd72053000 	C:\WINDOWS\system32\twinapi.appcore.dll
0x00007ffd68fc0000 - 0x00007ffd690b9000 	C:\WINDOWS\SYSTEM32\textinputframework.dll
0x00007ffd762c0000 - 0x00007ffd763b2000 	C:\WINDOWS\System32\CoreMessaging.dll
0x00007ffd75f60000 - 0x00007ffd762bb000 	C:\WINDOWS\System32\CoreUIComponents.dll
0x00007ffd79d20000 - 0x00007ffd79d53000 	C:\WINDOWS\SYSTEM32\ntmarta.dll
0x00007ffd770c0000 - 0x00007ffd77217000 	C:\WINDOWS\SYSTEM32\wintypes.dll
0x00007ffd790d0000 - 0x00007ffd792b4000 	C:\WINDOWS\SYSTEM32\dbghelp.dll

VM Arguments:
java_command: com.altera.embeddedsw.bsp.editor.BspEditorApp --settings D:\Quartus\Mon_SOPC\software\gestion_anemo_bsp\settings.bsp
java_class_path (initial): D:/quartus/nios2eds/sdk2/lib\TableLayout.jar;D:/quartus/nios2eds/sdk2/lib\appframework-1.03.jar;D:/quartus/nios2eds/sdk2/lib\beansbinding-1.2.1.jar;D:/quartus/nios2eds/sdk2/lib\binding-2.0.6.jar;D:/quartus/nios2eds/sdk2/lib\com.altera.embeddedsw.app_lib.jar;D:/quartus/nios2eds/sdk2/lib\com.altera.embeddedsw.bsp.editor.jar;D:/quartus/nios2eds/sdk2/lib\com.altera.embeddedsw.bsp.elements.jar;D:/quartus/nios2eds/sdk2/lib\com.altera.embeddedsw.bsp.jar;D:/quartus/nios2eds/sdk2/lib\com.altera.embeddedsw.bsp.plugin.core.jar;D:/quartus/nios2eds/sdk2/lib\com.altera.embeddedsw.bsp.plugin.hal.jar;D:/quartus/nios2eds/sdk2/lib\com.altera.embeddedsw.bsp.plugin.lwhal.jar;D:/quartus/nios2eds/sdk2/lib\com.altera.embeddedsw.bsp.schema.jar;D:/quartus/nios2eds/sdk2/lib\com.altera.embeddedsw.bsp.scripting.jar;D:/quartus/nios2eds/sdk2/lib\com.altera.embeddedsw.commandline.jar;D:/quartus/nios2eds/sdk2/lib\com.altera.embeddedsw.cpexample.jar;D:/quartus/nios2eds/sdk2/lib\com.altera.embeddedsw.flash.jar;D:/quartus/nios2eds/sdk2/lib\com.altera.embeddedsw.launch.jar;D:/quartus/nios2eds/sdk2/lib\com.altera.embeddedsw.swinfo.jar;D:/quartus/nios2eds/sdk2/lib\com.altera.embeddedsw.utilities.jar;D:/quartus/nios2eds/sdk2/lib\com.altera.entityinterfaces.jar;D:/quartus/nios2eds/sdk2/lib\com.altera.hdlcomponent.jar;D:/quartus/nios2eds/sdk2/lib\com.altera.hdlwriter.jar;D:/quartus/nios2eds/sdk2/lib\com.altera.infrastructure.jar;D:/quartus/nios2eds/sdk2/lib\com.altera.jdbcsqlite.jar;D:/quartus/nios2eds/sdk2/lib\com.altera.jtagsimulator.jar;D:/quartus/nios2eds/sdk2/lib\com.altera.librarian.jar;D:/quartus/nios2eds/sdk2/lib\com.altera.megawizard2.jar;D:/quartus/nios2eds/sdk2/lib\com.altera.minieval2.jar;D:/quartus/nios2eds/sdk2/lib\com.altera.nios2.isa.jar;D:/quartus/nios2eds/sdk2/lib\com.altera.nios2.rtl.trace.jar;D:/quartus/nios2eds/sdk2/lib\com.altera.nios2.trace.jar;D:/quartus/nios2eds/sdk2/lib\com.altera.privateinterfaces.jar;D:/quartus/nios2eds/sdk2/lib\com.altera.qsys.black
Launcher Type: SUN_STANDARD

Environment Variables:
PATH=D:/quartus/quartus\..\nios2eds\bin;D:/quartus/quartus\..\nios2eds\sdk2\bin;D:/quartus/quartus\..\nios2eds\bin\gnu\H-x86_64-mingw32\bin;;D:/quartus/quartus/bin64;D:/quartus/nios2eds/bin/cygpath;D:/quartus/quartus/sopc_builder/model/lib;D:/quartus/quartus/bin32;d:\quartus\quartus\bin64\;C:\Program Files (x86)\Common Files\Oracle\Java\javapath;C:\Program Files\Java\jre1.8.0_291\bin;C:\ispLEVER_Classic2_1\ispcpld\bin;C:\ispLEVER_Classic2_1\ispFPGA\bin\nt;C:\WINDOWS\system32;C:\WINDOWS;C:\WINDOWS\System32\Wbem;C:\WINDOWS\System32\WindowsPowerShell\v1.0\;C:\WINDOWS\System32\OpenSSH\;C:\RessourcesLabsSTM32\Python27;C:\RessourcesLabsSTM32\GNU_Tools_ARM_Embedded\bin;C:\RessourcesLabsSTM32\goil-windows;C:\RessourcesLabsSTM32\trampoline\machines;C:\RessourcesLabsSTM32\en.stsw-link004\bin;C;C;C:\Program Files\Git\cmd;C:\Users\admin\AppData\Local\Microsoft\WindowsApps;C:\Users\admin\AppData\Local\Programs\MiKTeX\miktex\bin\x64\;C:\Users\admin\AppData\Local\GitHubDesktop\bin;D:\Quartus\modelsim_ase\win32aloem;D:\Quartus\modelsim_ae\win32aloem
USERNAME=admin
OS=Windows_NT
PROCESSOR_IDENTIFIER=Intel64 Family 6 Model 122 Stepping 1, GenuineIntel



---------------  S Y S T E M  ---------------

OS: Windows 8.1 , 64 bit Build 9600 

CPU:total 4 (4 cores per cpu, 1 threads per core) family 6 model 122 stepping 1, cmov, cx8, fxsr, mmx, sse, sse2, sse3, ssse3, sse4.1, sse4.2, popcnt, aes, clmul, erms, tsc, tscinvbit

Memory: 4k page, physical 8205196k(924940k free), swap 23833096k(1160k free)

vm_info: Java HotSpot(TM) 64-Bit Server VM (25.5-b02) for windows-amd64 JRE (1.8.0_05-b13), built on Mar 18 2014 01:08:39 by "java_re" with MS VC++ 10.0 (VS2010)

time: Mon Dec 09 10:31:23 2024
elapsed time: 3 seconds

