#
# There is insufficient memory for the Java Runtime Environment to continue.
# Native memory allocation (malloc) failed to allocate 1530496 bytes for Chunk::new
# Possible reasons:
#   The system is out of physical RAM or swap space
#   In 32 bit mode, the process size limit was hit
# Possible solutions:
#   Reduce memory load on the system
#   Increase physical memory or swap space
#   Check if swap backing store is full
#   Use 64 bit Java on a 64 bit OS
#   Decrease Java heap size (-Xmx/-Xms)
#   Decrease number of Java threads
#   Decrease Java thread stack sizes (-Xss)
#   Set larger code cache with -XX:ReservedCodeCacheSize=
# This output file may be truncated or incomplete.
#
#  Out of Memory Error (allocation.cpp:388), pid=228, tid=19544
#
# JRE version: Java(TM) SE Runtime Environment (8.0_05-b13) (build 1.8.0_05-b13)
# Java VM: Java HotSpot(TM) 64-Bit Server VM (25.5-b02 mixed mode windows-amd64 compressed oops)
# Failed to write core dump. Minidumps are not enabled by default on client versions of Windows
#

---------------  T H R E A D  ---------------

Current thread (0x00000000172f3000):  JavaThread "C2 CompilerThread0" daemon [_thread_in_native, id=19544, stack(0x0000000018840000,0x0000000018940000)]

Stack: [0x0000000018840000,0x0000000018940000]
Native frames: (J=compiled Java code, j=interpreted, Vv=VM code, C=native code)
V  [jvm.dll+0x308dea]
V  [jvm.dll+0x25def1]
V  [jvm.dll+0x25eb0f]
V  [jvm.dll+0x2564e5]
V  [jvm.dll+0xbcfc5]
V  [jvm.dll+0xbd45c]
V  [jvm.dll+0x44d422]
V  [jvm.dll+0x48e13f]
V  [jvm.dll+0x4422eb]
V  [jvm.dll+0x44366b]
V  [jvm.dll+0x427532]
V  [jvm.dll+0x96702]
V  [jvm.dll+0x96ef3]
V  [jvm.dll+0x2232c4]
V  [jvm.dll+0x27baca]
C  [msvcr100.dll+0x21d9f]
C  [msvcr100.dll+0x21e3b]
C  [KERNEL32.DLL+0x17374]
C  [ntdll.dll+0x4cc91]


Current CompileTask:
C2:   3541 2082       4       com.sun.org.apache.xerces.internal.impl.XMLNSDocumentScannerImpl::scanStartElement (1015 bytes)


---------------  P R O C E S S  ---------------

Java Threads: ( => current thread )
  0x000000001b67c000 
[error occurred during error reporting (printing all threads), id 0xc0000005]

VM state:at safepoint (normal execution)

VM Mutex/Monitor currently owned by a thread:  ([mutex/lock_event])
[0x0000000002740b50] Threads_lock - owner thread: 0x00000000172b6000
[0x0000000002740550] Heap_lock - owner thread: 0x0000000017305800
[0x0000000002742d60] MethodData_lock - owner thread: 0x0000000017305800

Heap:
 PSYoungGen      total 27648K, used 384K [0x00000000d6400000, 0x00000000d8880000, 0x0000000100000000)
  eden space 20480K, 0% used [0x00000000d6400000,0x00000000d6400000,0x00000000d7800000)
  from space 7168K, 5% used [0x00000000d7800000,0x00000000d7860000,0x00000000d7f00000)
  to   space 4608K, 0% used [0x00000000d7f00000,0x00000000d7f00000,0x00000000d8380000)
 ParOldGen       total 127488K, used 22366K [0x0000000082c00000, 0x000000008a880000, 0x00000000d6400000)
  object space 127488K, 17% used [0x0000000082c00000,0x00000000841d7a10,0x000000008a880000)
 Metaspace       used 20845K, capacity 21102K, committed 21296K, reserved 1067008K
  class space    used 2851K, capacity 2936K, committed 2944K, reserved 1048576K

Card table byte_map: [0x0000000011c00000,0x0000000011ff0000] byte_map_base: 0x00000000117ea000

Marking Bits: (ParMarkBitMap*) 0x000000005a6513b0
 Begin Bits: [0x0000000012690000, 0x00000000145e0000)
 End Bits:   [0x00000000145e0000, 0x0000000016530000)

Polling page: 0x0000000000cf0000

CodeCache: size=245760Kb used=7273Kb max_used=7273Kb free=238486Kb
 bounds [0x0000000002840000, 0x0000000002f70000, 0x0000000011840000]
 total_blobs=2749 nmethods=2184 adapters=479
 compilation: enabled

Compilation events (10 events):
Event: 3.453 Thread 0x0000000017305800 nmethod 2192 0x0000000002f5c8d0 code [0x0000000002f5cb20, 0x0000000002f5d7e8]
Event: 3.453 Thread 0x0000000017305800 2200       3       java.util.ArrayList::subListRangeCheck (110 bytes)
Event: 3.454 Thread 0x0000000017305800 nmethod 2200 0x0000000002f5dcd0 code [0x0000000002f5dfe0, 0x0000000002f5f7c8]
Event: 3.454 Thread 0x0000000017305800 2201       3       java.util.ArrayList$SubList::<init> (46 bytes)
Event: 3.454 Thread 0x0000000017305800 nmethod 2201 0x0000000002f57890 code [0x0000000002f57a00, 0x0000000002f57cb0]
Event: 3.454 Thread 0x0000000017305800 2202       3       java.util.ArrayList$SubList$1::<init> (47 bytes)
Event: 3.454 Thread 0x0000000017305800 nmethod 2202 0x0000000002f57410 code [0x0000000002f57580, 0x0000000002f57770]
Event: 3.454 Thread 0x0000000017305800 2193       3       com.altera.sopclibrary.conan.Catalog::addItem (25 bytes)
Event: 3.455 Thread 0x0000000017305800 nmethod 2193 0x0000000002f60250 code [0x0000000002f603e0, 0x0000000002f60688]
Event: 3.458 Thread 0x0000000017305800 2204       3       java.lang.Enum::hashCode (5 bytes)

GC Heap History (10 events):
Event: 2.255 GC heap after
Heap after GC invocations=13 (full 0):
 PSYoungGen      total 12800K, used 1152K [0x00000000d6400000, 0x00000000d7900000, 0x0000000100000000)
  eden space 10752K, 0% used [0x00000000d6400000,0x00000000d6400000,0x00000000d6e80000)
  from space 2048K, 56% used [0x00000000d6e80000,0x00000000d6fa0000,0x00000000d7080000)
  to   space 2048K, 0% used [0x00000000d7700000,0x00000000d7700000,0x00000000d7900000)
 ParOldGen       total 127488K, used 4883K [0x0000000082c00000, 0x000000008a880000, 0x00000000d6400000)
  object space 127488K, 3% used [0x0000000082c00000,0x00000000830c4ee0,0x000000008a880000)
 Metaspace       used 16366K, capacity 16590K, committed 16768K, reserved 1062912K
  class space    used 2311K, capacity 2374K, committed 2432K, reserved 1048576K
}
Event: 2.823 GC heap before
{Heap before GC invocations=14 (full 0):
 PSYoungGen      total 12800K, used 11904K [0x00000000d6400000, 0x00000000d7900000, 0x0000000100000000)
  eden space 10752K, 100% used [0x00000000d6400000,0x00000000d6e80000,0x00000000d6e80000)
  from space 2048K, 56% used [0x00000000d6e80000,0x00000000d6fa0000,0x00000000d7080000)
  to   space 2048K, 0% used [0x00000000d7700000,0x00000000d7700000,0x00000000d7900000)
 ParOldGen       total 127488K, used 4883K [0x0000000082c00000, 0x000000008a880000, 0x00000000d6400000)
  object space 127488K, 3% used [0x0000000082c00000,0x00000000830c4ee0,0x000000008a880000)
 Metaspace       used 18334K, capacity 18522K, committed 18816K, reserved 1064960K
  class space    used 2576K, capacity 2632K, committed 2688K, reserved 1048576K
Event: 2.835 GC heap after
Heap after GC invocations=14 (full 0):
 PSYoungGen      total 16384K, used 2039K [0x00000000d6400000, 0x00000000d7f00000, 0x0000000100000000)
  eden space 14336K, 0% used [0x00000000d6400000,0x00000000d6400000,0x00000000d7200000)
  from space 2048K, 99% used [0x00000000d7700000,0x00000000d78fdeb8,0x00000000d7900000)
  to   space 5120K, 0% used [0x00000000d7200000,0x00000000d7200000,0x00000000d7700000)
 ParOldGen       total 127488K, used 11749K [0x0000000082c00000, 0x000000008a880000, 0x00000000d6400000)
  object space 127488K, 9% used [0x0000000082c00000,0x00000000837794f8,0x000000008a880000)
 Metaspace       used 18334K, capacity 18522K, committed 18816K, reserved 1064960K
  class space    used 2576K, capacity 2632K, committed 2688K, reserved 1048576K
}
Event: 3.095 GC heap before
{Heap before GC invocations=15 (full 0):
 PSYoungGen      total 16384K, used 16375K [0x00000000d6400000, 0x00000000d7f00000, 0x0000000100000000)
  eden space 14336K, 100% used [0x00000000d6400000,0x00000000d7200000,0x00000000d7200000)
  from space 2048K, 99% used [0x00000000d7700000,0x00000000d78fdeb8,0x00000000d7900000)
  to   space 5120K, 0% used [0x00000000d7200000,0x00000000d7200000,0x00000000d7700000)
 ParOldGen       total 127488K, used 11749K [0x0000000082c00000, 0x000000008a880000, 0x00000000d6400000)
  object space 127488K, 9% used [0x0000000082c00000,0x00000000837794f8,0x000000008a880000)
 Metaspace       used 20214K, capacity 20462K, committed 20864K, reserved 1067008K
  class space    used 2797K, capacity 2872K, committed 2944K, reserved 1048576K
Event: 3.101 GC heap after
Heap after GC invocations=15 (full 0):
 PSYoungGen      total 19456K, used 2025K [0x00000000d6400000, 0x00000000d8380000, 0x0000000100000000)
  eden space 14336K, 0% used [0x00000000d6400000,0x00000000d6400000,0x00000000d7200000)
  from space 5120K, 39% used [0x00000000d7200000,0x00000000d73fa7a8,0x00000000d7700000)
  to   space 4608K, 0% used [0x00000000d7f00000,0x00000000d7f00000,0x00000000d8380000)
 ParOldGen       total 127488K, used 13467K [0x0000000082c00000, 0x000000008a880000, 0x00000000d6400000)
  object space 127488K, 10% used [0x0000000082c00000,0x0000000083926fe0,0x000000008a880000)
 Metaspace       used 20214K, capacity 20462K, committed 20864K, reserved 1067008K
  class space    used 2797K, capacity 2872K, committed 2944K, reserved 1048576K
}
Event: 3.405 GC heap before
{Heap before GC invocations=16 (full 0):
 PSYoungGen      total 19456K, used 16361K [0x00000000d6400000, 0x00000000d8380000, 0x0000000100000000)
  eden space 14336K, 99% used [0x00000000d6400000,0x00000000d71fff90,0x00000000d7200000)
  from space 5120K, 39% used [0x00000000d7200000,0x00000000d73fa7a8,0x00000000d7700000)
  to   space 4608K, 0% used [0x00000000d7f00000,0x00000000d7f00000,0x00000000d8380000)
 ParOldGen       total 127488K, used 13467K [0x0000000082c00000, 0x000000008a880000, 0x00000000d6400000)
  object space 127488K, 10% used [0x0000000082c00000,0x0000000083926fe0,0x000000008a880000)
 Metaspace       used 20826K, capacity 21102K, committed 21296K, reserved 1067008K
  class space    used 2851K, capacity 2936K, committed 2944K, reserved 1048576K
Event: 3.421 GC heap after
Heap after GC invocations=16 (full 0):
 PSYoungGen      total 25088K, used 4576K [0x00000000d6400000, 0x00000000d8880000, 0x0000000100000000)
  eden space 20480K, 0% used [0x00000000d6400000,0x00000000d6400000,0x00000000d7800000)
  from space 4608K, 99% used [0x00000000d7f00000,0x00000000d8378010,0x00000000d8380000)
  to   space 7168K, 0% used [0x00000000d7800000,0x00000000d7800000,0x00000000d7f00000)
 ParOldGen       total 127488K, used 17764K [0x0000000082c00000, 0x000000008a880000, 0x00000000d6400000)
  object space 127488K, 13% used [0x0000000082c00000,0x0000000083d591f8,0x000000008a880000)
 Metaspace       used 20826K, capacity 21102K, committed 21296K, reserved 1067008K
  class space    used 2851K, capacity 2936K, committed 2944K, reserved 1048576K
}
Event: 3.458 GC heap before
{Heap before GC invocations=17 (full 0):
 PSYoungGen      total 25088K, used 7000K [0x00000000d6400000, 0x00000000d8880000, 0x0000000100000000)
  eden space 20480K, 11% used [0x00000000d6400000,0x00000000d665e230,0x00000000d7800000)
  from space 4608K, 99% used [0x00000000d7f00000,0x00000000d8378010,0x00000000d8380000)
  to   space 7168K, 0% used [0x00000000d7800000,0x00000000d7800000,0x00000000d7f00000)
 ParOldGen       total 127488K, used 17764K [0x0000000082c00000, 0x000000008a880000, 0x00000000d6400000)
  object space 127488K, 13% used [0x0000000082c00000,0x0000000083d591f8,0x000000008a880000)
 Metaspace       used 20845K, capacity 21102K, committed 21296K, reserved 1067008K
  class space    used 2851K, capacity 2936K, committed 2944K, reserved 1048576K
Event: 3.471 GC heap after
Heap after GC invocations=17 (full 0):
 PSYoungGen      total 27648K, used 384K [0x00000000d6400000, 0x00000000d8880000, 0x0000000100000000)
  eden space 20480K, 0% used [0x00000000d6400000,0x00000000d6400000,0x00000000d7800000)
  from space 7168K, 5% used [0x00000000d7800000,0x00000000d7860000,0x00000000d7f00000)
  to   space 4608K, 0% used [0x00000000d7f00000,0x00000000d7f00000,0x00000000d8380000)
 ParOldGen       total 127488K, used 22366K [0x0000000082c00000, 0x000000008a880000, 0x00000000d6400000)
  object space 127488K, 17% used [0x0000000082c00000,0x00000000841d7a10,0x000000008a880000)
 Metaspace       used 20845K, capacity 21102K, committed 21296K, reserved 1067008K
  class space    used 2851K, capacity 2936K, committed 2944K, reserved 1048576K
}
Event: 3.471 GC heap before
{Heap before GC invocations=18 (full 1):
 PSYoungGen      total 27648K, used 384K [0x00000000d6400000, 0x00000000d8880000, 0x0000000100000000)
  eden space 20480K, 0% used [0x00000000d6400000,0x00000000d6400000,0x00000000d7800000)
  from space 7168K, 5% used [0x00000000d7800000,0x00000000d7860000,0x00000000d7f00000)
  to   space 4608K, 0% used [0x00000000d7f00000,0x00000000d7f00000,0x00000000d8380000)
 ParOldGen       total 127488K, used 22366K [0x0000000082c00000, 0x000000008a880000, 0x00000000d6400000)
  object space 127488K, 17% used [0x0000000082c00000,0x00000000841d7a10,0x000000008a880000)
 Metaspace       used 20845K, capacity 21102K, committed 21296K, reserved 1067008K
  class space    used 2851K, capacity 2936K, committed 2944K, reserved 1048576K

Deoptimization events (10 events):
Event: 1.735 Thread 0x000000001934b000 Uncommon trap: reason=bimorphic action=maybe_recompile pc=0x0000000002bff1bc method=java.util.HashMap.putVal(ILjava/lang/Object;Ljava/lang/Object;ZZ)Ljava/lang/Object; @ 91
Event: 1.735 Thread 0x000000001934b000 Uncommon trap: reason=class_check action=maybe_recompile pc=0x0000000002bff18c method=java.util.HashMap.putVal(ILjava/lang/Object;Ljava/lang/Object;ZZ)Ljava/lang/Object; @ 203
Event: 1.736 Thread 0x000000001934b000 Uncommon trap: reason=class_check action=maybe_recompile pc=0x0000000002bff18c method=java.util.HashMap.putVal(ILjava/lang/Object;Ljava/lang/Object;ZZ)Ljava/lang/Object; @ 203
Event: 1.736 Thread 0x000000001934b000 Uncommon trap: reason=bimorphic action=maybe_recompile pc=0x0000000002c01f30 method=java.util.HashMap.putVal(ILjava/lang/Object;Ljava/lang/Object;ZZ)Ljava/lang/Object; @ 91
Event: 2.166 Thread 0x000000001968c800 Uncommon trap: reason=unloaded action=reinterpret pc=0x0000000002c96e7c method=java.lang.CharacterData.of(I)Ljava/lang/CharacterData; @ 96
Event: 2.591 Thread 0x0000000019a71800 Uncommon trap: reason=null_check action=make_not_entrant pc=0x0000000002d3baec method=java.lang.StringCoding.deref(Ljava/lang/ThreadLocal;)Ljava/lang/Object; @ 4
Event: 2.595 Thread 0x000000001968c800 Uncommon trap: reason=null_check action=make_not_entrant pc=0x0000000002c7c118 method=java.awt.Component.isLightweight()Z @ 4
Event: 2.699 Thread 0x000000001968c800 Uncommon trap: reason=unreached action=reinterpret pc=0x0000000002b1f634 method=java.util.HashMap.getNode(ILjava/lang/Object;)Ljava/util/HashMap$Node; @ 53
Event: 2.971 Thread 0x000000001b49f000 Uncommon trap: reason=bimorphic action=maybe_recompile pc=0x0000000002abccac method=java.util.regex.Pattern$CharProperty.match(Ljava/util/regex/Matcher;ILjava/lang/CharSequence;)Z @ 37
Event: 2.978 Thread 0x000000001b49f000 Uncommon trap: reason=bimorphic action=maybe_recompile pc=0x0000000002abccac method=java.util.regex.Pattern$CharProperty.match(Ljava/util/regex/Matcher;ILjava/lang/CharSequence;)Z @ 37

Internal exceptions (10 events):
Event: 3.439 Thread 0x000000001b49f000 Exception <a 'java/lang/ClassNotFoundException': > (0x00000000d64d2240) thrown at [D:\re\workspace\8-2-build-windows-amd64-cygwin\jdk8u5\2488\hotspot\src\share\vm\prims\jni.cpp, line 742]
Event: 3.439 Thread 0x000000001b49f000 Exception <a 'java/lang/ClassNotFoundException': > (0x00000000d64d50b8) thrown at [D:\re\workspace\8-2-build-windows-amd64-cygwin\jdk8u5\2488\hotspot\src\share\vm\prims\jni.cpp, line 742]
Event: 3.439 Thread 0x000000001b49f000 Exception <a 'java/lang/ClassNotFoundException': > (0x00000000d64d7eb0) thrown at [D:\re\workspace\8-2-build-windows-amd64-cygwin\jdk8u5\2488\hotspot\src\share\vm\prims\jni.cpp, line 742]
Event: 3.439 Thread 0x000000001b49f000 Exception <a 'java/lang/ClassNotFoundException': > (0x00000000d64dac90) thrown at [D:\re\workspace\8-2-build-windows-amd64-cygwin\jdk8u5\2488\hotspot\src\share\vm\prims\jni.cpp, line 742]
Event: 3.439 Thread 0x000000001b49f000 Exception <a 'java/lang/ClassNotFoundException': > (0x00000000d64ddac0) thrown at [D:\re\workspace\8-2-build-windows-amd64-cygwin\jdk8u5\2488\hotspot\src\share\vm\prims\jni.cpp, line 742]
Event: 3.440 Thread 0x000000001b49f000 Exception <a 'java/lang/ClassNotFoundException': > (0x00000000d64e0888) thrown at [D:\re\workspace\8-2-build-windows-amd64-cygwin\jdk8u5\2488\hotspot\src\share\vm\prims\jni.cpp, line 742]
Event: 3.452 Thread 0x000000001b49f000 Exception <a 'java/lang/ClassNotFoundException': > (0x00000000d65de540) thrown at [D:\re\workspace\8-2-build-windows-amd64-cygwin\jdk8u5\2488\hotspot\src\share\vm\prims\jni.cpp, line 742]
Event: 3.452 Thread 0x000000001b49f000 Exception <a 'java/lang/ClassNotFoundException': > (0x00000000d65e7458) thrown at [D:\re\workspace\8-2-build-windows-amd64-cygwin\jdk8u5\2488\hotspot\src\share\vm\prims\jni.cpp, line 742]
Event: 3.453 Thread 0x000000001b49f000 Exception <a 'java/lang/ClassNotFoundException': > (0x00000000d65f0320) thrown at [D:\re\workspace\8-2-build-windows-amd64-cygwin\jdk8u5\2488\hotspot\src\share\vm\prims\jni.cpp, line 742]
Event: 3.453 Thread 0x000000001b49f000 Exception <a 'java/security/PrivilegedActionException'> (0x00000000d65f8850) thrown at [D:\re\workspace\8-2-build-windows-amd64-cygwin\jdk8u5\2488\hotspot\src\share\vm\prims\jvm.cpp, line 1248]

Events (10 events):
Event: 3.394 loading class com/altera/entityinterfaces/IConnectionKit done
Event: 3.395 loading class com/altera/entityinterfaces/IMutableConnectionPoint
Event: 3.395 loading class com/altera/entityinterfaces/IMutableConnectionPoint done
Event: 3.405 Executing VM operation: ParallelGCFailedAllocation
Event: 3.421 Executing VM operation: ParallelGCFailedAllocation done
Event: 3.428 Thread 0x000000001b49f000 DEOPT PACKING pc=0x0000000002f22800 sp=0x0000000023efe060
Event: 3.428 Thread 0x000000001b49f000 DEOPT UNPACKING pc=0x0000000002887204 sp=0x0000000023efdd98 mode 0
Event: 3.453 loading class com/altera/sopcmodel/util/CatalogCard$1
Event: 3.453 loading class com/altera/sopcmodel/util/CatalogCard$1 done
Event: 3.458 Executing VM operation: CollectForMetadataAllocation


Dynamic libraries:
0x00007ff773650000 - 0x00007ff773684000 	D:\quartus\quartus\bin64\jre64\bin\java.exe
0x00007ffd7d450000 - 0x00007ffd7d648000 	C:\WINDOWS\SYSTEM32\ntdll.dll
0x00007ffd7b7a0000 - 0x00007ffd7b862000 	C:\WINDOWS\System32\KERNEL32.DLL
0x00007ffd7aaf0000 - 0x00007ffd7adee000 	C:\WINDOWS\System32\KERNELBASE.dll
0x00007ffd7d350000 - 0x00007ffd7d401000 	C:\WINDOWS\System32\ADVAPI32.dll
0x00007ffd7d240000 - 0x00007ffd7d2de000 	C:\WINDOWS\System32\msvcrt.dll
0x00007ffd7c7c0000 - 0x00007ffd7c85f000 	C:\WINDOWS\System32\sechost.dll
0x00007ffd7b550000 - 0x00007ffd7b673000 	C:\WINDOWS\System32\RPCRT4.dll
0x00007ffd7b390000 - 0x00007ffd7b3b7000 	C:\WINDOWS\System32\bcrypt.dll
0x00007ffd7cfd0000 - 0x00007ffd7d16d000 	C:\WINDOWS\System32\USER32.dll
0x00007ffd7b2f0000 - 0x00007ffd7b312000 	C:\WINDOWS\System32\win32u.dll
0x00007ffd7c0e0000 - 0x00007ffd7c10b000 	C:\WINDOWS\System32\GDI32.dll
0x00007ffd7aef0000 - 0x00007ffd7b007000 	C:\WINDOWS\System32\gdi32full.dll
0x00007ffd7b250000 - 0x00007ffd7b2ed000 	C:\WINDOWS\System32\msvcp_win.dll
0x00007ffd7adf0000 - 0x00007ffd7aef0000 	C:\WINDOWS\System32\ucrtbase.dll
0x00007ffd65070000 - 0x00007ffd6530a000 	C:\WINDOWS\WinSxS\amd64_microsoft.windows.common-controls_6595b64144ccf1df_6.0.19041.4355_none_60b8b9eb71f62e16\COMCTL32.dll
0x00007ffd7c320000 - 0x00007ffd7c34f000 	C:\WINDOWS\System32\IMM32.DLL
0x000000005abf0000 - 0x000000005acc2000 	D:\quartus\quartus\bin64\jre64\bin\msvcr100.dll
0x0000000059ea0000 - 0x000000005a6ca000 	D:\quartus\quartus\bin64\jre64\bin\server\jvm.dll
0x00007ffd7b870000 - 0x00007ffd7b878000 	C:\WINDOWS\System32\PSAPI.DLL
0x00007ffd4e3e0000 - 0x00007ffd4e3e9000 	C:\WINDOWS\SYSTEM32\WSOCK32.dll
0x00007ffd7bf40000 - 0x00007ffd7bfab000 	C:\WINDOWS\System32\WS2_32.dll
0x00007ffd665d0000 - 0x00007ffd665f7000 	C:\WINDOWS\SYSTEM32\WINMM.dll
0x000000005ab60000 - 0x000000005ab6f000 	D:\quartus\quartus\bin64\jre64\bin\verify.dll
0x000000005ab30000 - 0x000000005ab58000 	D:\quartus\quartus\bin64\jre64\bin\java.dll
0x000000005ab10000 - 0x000000005ab26000 	D:\quartus\quartus\bin64\jre64\bin\zip.dll
0x00007ffd7c860000 - 0x00007ffd7cfcd000 	C:\WINDOWS\System32\SHELL32.dll
0x00007ffd78850000 - 0x00007ffd78ff4000 	C:\WINDOWS\SYSTEM32\windows.storage.dll
0x00007ffd7bbe0000 - 0x00007ffd7bf33000 	C:\WINDOWS\System32\combase.dll
0x00007ffd7a450000 - 0x00007ffd7a47e000 	C:\WINDOWS\SYSTEM32\Wldp.dll
0x00007ffd7d170000 - 0x00007ffd7d23d000 	C:\WINDOWS\System32\OLEAUT32.dll
0x00007ffd7c270000 - 0x00007ffd7c31d000 	C:\WINDOWS\System32\SHCORE.dll
0x00007ffd7c110000 - 0x00007ffd7c165000 	C:\WINDOWS\System32\shlwapi.dll
0x00007ffd7aa20000 - 0x00007ffd7aa44000 	C:\WINDOWS\SYSTEM32\profapi.dll
0x000000005a970000 - 0x000000005ab06000 	D:\Quartus\quartus\bin64\jre64\bin\awt.dll
0x00007ffd76990000 - 0x00007ffd76a24000 	C:\WINDOWS\SYSTEM32\apphelp.dll
0x00007ffd77c30000 - 0x00007ffd77cce000 	C:\WINDOWS\system32\uxtheme.dll
0x00007ffd7b680000 - 0x00007ffd7b795000 	C:\WINDOWS\System32\MSCTF.dll
0x00007ffd7bfb0000 - 0x00007ffd7c0db000 	C:\WINDOWS\System32\ole32.dll
0x00007ffd79340000 - 0x00007ffd79352000 	C:\WINDOWS\SYSTEM32\kernel.appcore.dll
0x00007ffd7b010000 - 0x00007ffd7b092000 	C:\WINDOWS\System32\bcryptPrimitives.dll
0x00007ffd78370000 - 0x00007ffd7839f000 	C:\WINDOWS\system32\DWMAPI.DLL
0x00007ffd3eb90000 - 0x00007ffd3ed61000 	C:\WINDOWS\system32\d3d9.dll
0x00007ffd37d40000 - 0x00007ffd37eef000 	C:\WINDOWS\System32\DriverStore\FileRepository\iigd_dch.inf_amd64_51f685305808e3a5\igdumdim64.dll
0x00007ffcfc1b0000 - 0x00007ffcff253000 	C:\WINDOWS\System32\DriverStore\FileRepository\iigd_dch.inf_amd64_51f685305808e3a5\igd9dxva64.dll
0x00007ffd7c350000 - 0x00007ffd7c7be000 	C:\WINDOWS\System32\SETUPAPI.dll
0x00007ffd7b200000 - 0x00007ffd7b24e000 	C:\WINDOWS\System32\cfgmgr32.dll
0x00007ffd6e980000 - 0x00007ffd6ed89000 	C:\WINDOWS\System32\DriverStore\FileRepository\iigd_dch.inf_amd64_51f685305808e3a5\igdgmm64.dll
0x00007ffd561d0000 - 0x00007ffd561f7000 	C:\WINDOWS\System32\DriverStore\FileRepository\iigd_dch.inf_amd64_51f685305808e3a5\igdinfo64.dll
0x00007ffd6b190000 - 0x00007ffd6e924000 	C:\WINDOWS\System32\DriverStore\FileRepository\iigd_dch.inf_amd64_51f685305808e3a5\igc64.dll
0x00007ffd6f7f0000 - 0x00007ffd6f82b000 	C:\WINDOWS\SYSTEM32\dxcore.dll
0x000000005a8e0000 - 0x000000005a927000 	D:\Quartus\quartus\bin64\jre64\bin\fontmanager.dll
0x000000005a950000 - 0x000000005a96a000 	D:\Quartus\quartus\bin64\jre64\bin\net.dll
0x00007ffd7a1b0000 - 0x00007ffd7a21a000 	C:\WINDOWS\system32\mswsock.dll
0x000000005a930000 - 0x000000005a941000 	D:\Quartus\quartus\bin64\jre64\bin\nio.dll
0x00007ffd5f940000 - 0x00007ffd5f9f0000 	C:\WINDOWS\WinSxS\amd64_microsoft.windows.common-controls_6595b64144ccf1df_5.82.19041.4355_none_792ecafd2442822f\comctl32.dll
0x000000005a890000 - 0x000000005a8d1000 	D:\Quartus\quartus\bin64\jre64\bin\t2k.dll
0x00007ffd7ba50000 - 0x00007ffd7baf9000 	C:\WINDOWS\System32\clbcatq.dll
0x00007ffd77640000 - 0x00007ffd777f4000 	C:\WINDOWS\SYSTEM32\WindowsCodecs.dll
0x00007ffd64930000 - 0x00007ffd6496e000 	C:\WINDOWS\system32\dataexchange.dll
0x00007ffd75290000 - 0x00007ffd754f3000 	C:\WINDOWS\system32\d3d11.dll
0x00007ffd75500000 - 0x00007ffd756e4000 	C:\WINDOWS\system32\dcomp.dll
0x00007ffd79380000 - 0x00007ffd79476000 	C:\WINDOWS\system32\dxgi.dll
0x00007ffd71e50000 - 0x00007ffd72053000 	C:\WINDOWS\system32\twinapi.appcore.dll
0x00007ffd68fc0000 - 0x00007ffd690b9000 	C:\WINDOWS\SYSTEM32\textinputframework.dll
0x00007ffd75f60000 - 0x00007ffd762bb000 	C:\WINDOWS\System32\CoreUIComponents.dll
0x00007ffd762c0000 - 0x00007ffd763b2000 	C:\WINDOWS\System32\CoreMessaging.dll
0x00007ffd79d20000 - 0x00007ffd79d53000 	C:\WINDOWS\SYSTEM32\ntmarta.dll
0x00007ffd770c0000 - 0x00007ffd77217000 	C:\WINDOWS\SYSTEM32\wintypes.dll
0x00007ffd790d0000 - 0x00007ffd792b4000 	C:\WINDOWS\SYSTEM32\dbghelp.dll

VM Arguments:
java_command: com.altera.embeddedsw.bsp.editor.BspEditorApp --settings D:\Quartus\Mon_SOPC\software\gestion_anemo_bsp\settings.bsp
java_class_path (initial): D:/quartus/nios2eds/sdk2/lib\TableLayout.jar;D:/quartus/nios2eds/sdk2/lib\appframework-1.03.jar;D:/quartus/nios2eds/sdk2/lib\beansbinding-1.2.1.jar;D:/quartus/nios2eds/sdk2/lib\binding-2.0.6.jar;D:/quartus/nios2eds/sdk2/lib\com.altera.embeddedsw.app_lib.jar;D:/quartus/nios2eds/sdk2/lib\com.altera.embeddedsw.bsp.editor.jar;D:/quartus/nios2eds/sdk2/lib\com.altera.embeddedsw.bsp.elements.jar;D:/quartus/nios2eds/sdk2/lib\com.altera.embeddedsw.bsp.jar;D:/quartus/nios2eds/sdk2/lib\com.altera.embeddedsw.bsp.plugin.core.jar;D:/quartus/nios2eds/sdk2/lib\com.altera.embeddedsw.bsp.plugin.hal.jar;D:/quartus/nios2eds/sdk2/lib\com.altera.embeddedsw.bsp.plugin.lwhal.jar;D:/quartus/nios2eds/sdk2/lib\com.altera.embeddedsw.bsp.schema.jar;D:/quartus/nios2eds/sdk2/lib\com.altera.embeddedsw.bsp.scripting.jar;D:/quartus/nios2eds/sdk2/lib\com.altera.embeddedsw.commandline.jar;D:/quartus/nios2eds/sdk2/lib\com.altera.embeddedsw.cpexample.jar;D:/quartus/nios2eds/sdk2/lib\com.altera.embeddedsw.flash.jar;D:/quartus/nios2eds/sdk2/lib\com.altera.embeddedsw.launch.jar;D:/quartus/nios2eds/sdk2/lib\com.altera.embeddedsw.swinfo.jar;D:/quartus/nios2eds/sdk2/lib\com.altera.embeddedsw.utilities.jar;D:/quartus/nios2eds/sdk2/lib\com.altera.entityinterfaces.jar;D:/quartus/nios2eds/sdk2/lib\com.altera.hdlcomponent.jar;D:/quartus/nios2eds/sdk2/lib\com.altera.hdlwriter.jar;D:/quartus/nios2eds/sdk2/lib\com.altera.infrastructure.jar;D:/quartus/nios2eds/sdk2/lib\com.altera.jdbcsqlite.jar;D:/quartus/nios2eds/sdk2/lib\com.altera.jtagsimulator.jar;D:/quartus/nios2eds/sdk2/lib\com.altera.librarian.jar;D:/quartus/nios2eds/sdk2/lib\com.altera.megawizard2.jar;D:/quartus/nios2eds/sdk2/lib\com.altera.minieval2.jar;D:/quartus/nios2eds/sdk2/lib\com.altera.nios2.isa.jar;D:/quartus/nios2eds/sdk2/lib\com.altera.nios2.rtl.trace.jar;D:/quartus/nios2eds/sdk2/lib\com.altera.nios2.trace.jar;D:/quartus/nios2eds/sdk2/lib\com.altera.privateinterfaces.jar;D:/quartus/nios2eds/sdk2/lib\com.altera.qsys.black
Launcher Type: SUN_STANDARD

Environment Variables:
PATH=D:/quartus/quartus\..\nios2eds\bin;D:/quartus/quartus\..\nios2eds\sdk2\bin;D:/quartus/quartus\..\nios2eds\bin\gnu\H-x86_64-mingw32\bin;;D:/quartus/quartus/bin64;D:/quartus/nios2eds/bin/cygpath;D:/quartus/quartus/sopc_builder/model/lib;D:/quartus/quartus/bin32;d:\quartus\quartus\bin64\;C:\Program Files (x86)\Common Files\Oracle\Java\javapath;C:\Program Files\Java\jre1.8.0_291\bin;C:\ispLEVER_Classic2_1\ispcpld\bin;C:\ispLEVER_Classic2_1\ispFPGA\bin\nt;C:\WINDOWS\system32;C:\WINDOWS;C:\WINDOWS\System32\Wbem;C:\WINDOWS\System32\WindowsPowerShell\v1.0\;C:\WINDOWS\System32\OpenSSH\;C:\RessourcesLabsSTM32\Python27;C:\RessourcesLabsSTM32\GNU_Tools_ARM_Embedded\bin;C:\RessourcesLabsSTM32\goil-windows;C:\RessourcesLabsSTM32\trampoline\machines;C:\RessourcesLabsSTM32\en.stsw-link004\bin;C;C;C:\Program Files\Git\cmd;C:\Users\admin\AppData\Local\Microsoft\WindowsApps;C:\Users\admin\AppData\Local\Programs\MiKTeX\miktex\bin\x64\;C:\Users\admin\AppData\Local\GitHubDesktop\bin;D:\Quartus\modelsim_ase\win32aloem;D:\Quartus\modelsim_ae\win32aloem
USERNAME=admin
OS=Windows_NT
PROCESSOR_IDENTIFIER=Intel64 Family 6 Model 122 Stepping 1, GenuineIntel



---------------  S Y S T E M  ---------------

OS: Windows 8.1 , 64 bit Build 9600 

CPU:total 4 (4 cores per cpu, 1 threads per core) family 6 model 122 stepping 1, cmov, cx8, fxsr, mmx, sse, sse2, sse3, ssse3, sse4.1, sse4.2, popcnt, aes, clmul, erms, tsc, tscinvbit

Memory: 4k page, physical 8205196k(770412k free), swap 23833096k(5428k free)

vm_info: Java HotSpot(TM) 64-Bit Server VM (25.5-b02) for windows-amd64 JRE (1.8.0_05-b13), built on Mar 18 2014 01:08:39 by "java_re" with MS VC++ 10.0 (VS2010)

time: Mon Dec 09 11:27:59 2024
elapsed time: 3 seconds

