#
# There is insufficient memory for the Java Runtime Environment to continue.
# Native memory allocation (malloc) failed to allocate 910416 bytes for Chunk::new
# Possible reasons:
#   The system is out of physical RAM or swap space
#   In 32 bit mode, the process size limit was hit
# Possible solutions:
#   Reduce memory load on the system
#   Increase physical memory or swap space
#   Check if swap backing store is full
#   Use 64 bit Java on a 64 bit OS
#   Decrease Java heap size (-Xmx/-Xms)
#   Decrease number of Java threads
#   Decrease Java thread stack sizes (-Xss)
#   Set larger code cache with -XX:ReservedCodeCacheSize=
# This output file may be truncated or incomplete.
#
#  Out of Memory Error (allocation.cpp:388), pid=7328, tid=16492
#
# JRE version: Java(TM) SE Runtime Environment (8.0_05-b13) (build 1.8.0_05-b13)
# Java VM: Java HotSpot(TM) 64-Bit Server VM (25.5-b02 mixed mode windows-amd64 compressed oops)
# Failed to write core dump. Minidumps are not enabled by default on client versions of Windows
#

---------------  T H R E A D  ---------------

Current thread (0x0000000017527000):  JavaThread "C2 CompilerThread1" daemon [_thread_in_native, id=16492, stack(0x0000000018b70000,0x0000000018c70000)]

Stack: [0x0000000018b70000,0x0000000018c70000]
Native frames: (J=compiled Java code, j=interpreted, Vv=VM code, C=native code)
V  [jvm.dll+0x308dea]


Current CompileTask:
C2:   3796 2179 %     4       com.altera.sopclibrary.conan.Catalog::getCardOverride @ 12 (201 bytes)


---------------  P R O C E S S  ---------------

Java Threads: ( => current thread )
  0x000000001b8bb000 JavaThread "Thread-5" [_thread_blocked, id=14384, stack(0x0000000021860000,0x0000000021960000)]
  0x000000001b8cc800 JavaThread "Thread-4" [_thread_blocked, id=12504, stack(0x0000000020950000,0x0000000020a50000)]
  0x000000001bb6d800 JavaThread "Image Fetcher 3" daemon [_thread_blocked, id=6180, stack(0x0000000021560000,0x0000000021660000)]
  0x000000001bc04800 JavaThread "Image Fetcher 2" daemon [_thread_blocked, id=9308, stack(0x0000000021460000,0x0000000021560000)]
  0x000000001badc800 JavaThread "Image Fetcher 1" daemon [_thread_blocked, id=6916, stack(0x0000000021360000,0x0000000021460000)]
  0x0000000019b5d800 JavaThread "TimerQueue" daemon [_thread_blocked, id=9092, stack(0x000000001ea30000,0x000000001eb30000)]
  0x0000000019a07000 JavaThread "Image Fetcher 0" daemon [_thread_blocked, id=20160, stack(0x000000001e930000,0x000000001ea30000)]
  0x000000001b30a800 JavaThread "AWT-EventQueue-0" [_thread_blocked, id=20028, stack(0x000000001c230000,0x000000001c330000)]
  0x0000000019605000 JavaThread "AWT-Windows" daemon [_thread_in_native, id=2184, stack(0x0000000019ee0000,0x0000000019fe0000)]
  0x0000000019603800 JavaThread "AWT-Shutdown" [_thread_blocked, id=13388, stack(0x0000000019de0000,0x0000000019ee0000)]
  0x0000000019148800 JavaThread "Java2D Disposer" daemon [_thread_blocked, id=15872, stack(0x0000000019ce0000,0x0000000019de0000)]
  0x0000000018d8c800 JavaThread "Service Thread" daemon [_thread_blocked, id=892, stack(0x0000000019170000,0x0000000019270000)]
  0x0000000017561800 JavaThread "C1 CompilerThread2" daemon [_thread_blocked, id=2168, stack(0x0000000018c70000,0x0000000018d70000)]
=>0x0000000017527000 JavaThread "C2 CompilerThread1" daemon [_thread_in_native, id=16492, stack(0x0000000018b70000,0x0000000018c70000)]
  0x0000000017523800 JavaThread "C2 CompilerThread0" daemon [_thread_in_native, id=4012, stack(0x0000000018a70000,0x0000000018b70000)]
  0x0000000017522000 JavaThread "Attach Listener" daemon [_thread_blocked, id=1188, stack(0x0000000018970000,0x0000000018a70000)]
  0x0000000017520800 JavaThread "Signal Dispatcher" daemon [_thread_blocked, id=2192, stack(0x0000000018870000,0x0000000018970000)]
  0x0000000002a15000 JavaThread "Finalizer" daemon [_thread_blocked, id=1148, stack(0x0000000018770000,0x0000000018870000)]
  0x0000000002a0c000 JavaThread "Reference Handler" daemon [_thread_blocked, id=7736, stack(0x0000000018670000,0x0000000018770000)]
  0x0000000002923800 JavaThread "main" [_thread_blocked, id=12452, stack(0x0000000001060000,0x0000000001160000)]

Other Threads:
  0x00000000174e5000 VMThread [stack: 0x0000000018570000,0x0000000018670000] [id=17592]
  0x0000000018d8f000 WatcherThread [stack: 0x0000000019270000,0x0000000019370000] [id=896]

VM state:at safepoint (normal execution)

VM Mutex/Monitor currently owned by a thread:  ([mutex/lock_event])
[0x0000000002920250] Threads_lock - owner thread: 0x00000000174e5000
[0x00000000029205d0] Heap_lock - owner thread: 0x000000001b8cc800

Heap:
 PSYoungGen      total 22016K, used 17895K [0x00000000d6400000, 0x00000000d8700000, 0x0000000100000000)
  eden space 14848K, 100% used [0x00000000d6400000,0x00000000d7280000,0x00000000d7280000)
  from space 7168K, 42% used [0x00000000d7b80000,0x00000000d7e79e60,0x00000000d8280000)
  to   space 9216K, 21% used [0x00000000d7280000,0x00000000d7470000,0x00000000d7b80000)
 ParOldGen       total 24576K, used 20528K [0x0000000082c00000, 0x0000000084400000, 0x00000000d6400000)
  object space 24576K, 83% used [0x0000000082c00000,0x000000008400c2b0,0x0000000084400000)
 Metaspace       used 20659K, capacity 20936K, committed 21120K, reserved 1073152K
  class space    used 2815K, capacity 2903K, committed 2944K, reserved 1048576K

Card table byte_map: [0x0000000011e60000,0x0000000012250000] byte_map_base: 0x0000000011a4a000

Marking Bits: (ParMarkBitMap*) 0x000000005a6513b0
 Begin Bits: [0x00000000128f0000, 0x0000000014840000)
 End Bits:   [0x0000000014840000, 0x0000000016790000)

Polling page: 0x0000000001020000

CodeCache: size=245760Kb used=7322Kb max_used=7322Kb free=238437Kb
 bounds [0x0000000002aa0000, 0x00000000031d0000, 0x0000000011aa0000]
 total_blobs=2730 nmethods=2182 adapters=461
 compilation: enabled

Compilation events (10 events):
Event: 3.756 Thread 0x0000000017561800 2198       3       java.util.AbstractCollection::toArray (70 bytes)
Event: 3.757 Thread 0x0000000017561800 nmethod 2198 0x00000000031c41d0 code [0x00000000031c43c0, 0x00000000031c4d48]
Event: 3.757 Thread 0x0000000017561800 2200       3       java.util.ComparableTimSort::sort (219 bytes)
Event: 3.758 Thread 0x0000000017561800 nmethod 2200 0x00000000031c9810 code [0x00000000031c9a00, 0x00000000031ca098]
Event: 3.758 Thread 0x0000000017561800 2199       3       java.util.Arrays::sort (24 bytes)
Event: 3.758 Thread 0x0000000017561800 nmethod 2199 0x00000000031c3d90 code [0x00000000031c3f00, 0x00000000031c40e8]
Event: 3.758 Thread 0x0000000017561800 2201       1       com.altera.sopcmodel.util.CatalogCard::getFactoryName (5 bytes)
Event: 3.758 Thread 0x0000000017561800 nmethod 2201 0x00000000031c3ad0 code [0x00000000031c3c20, 0x00000000031c3d30]
Event: 3.771 Thread 0x0000000017561800 2203 %     3       java.util.TreeMap::put @ 58 (247 bytes)
Event: 3.773 Thread 0x0000000017561800 nmethod 2203% 0x00000000031ca550 code [0x00000000031ca7c0, 0x00000000031cba58]

GC Heap History (10 events):
Event: 2.500 GC heap before
{Heap before GC invocations=15 (full 2):
 PSYoungGen      total 12800K, used 3046K [0x00000000d6400000, 0x00000000d8080000, 0x0000000100000000)
  eden space 9728K, 0% used [0x00000000d6400000,0x00000000d6400000,0x00000000d6d80000)
  from space 3072K, 99% used [0x00000000d6d80000,0x00000000d7079938,0x00000000d7080000)
  to   space 8192K, 0% used [0x00000000d7880000,0x00000000d7880000,0x00000000d8080000)
 ParOldGen       total 15872K, used 14759K [0x0000000082c00000, 0x0000000083b80000, 0x00000000d6400000)
  object space 15872K, 92% used [0x0000000082c00000,0x0000000083a69cf0,0x0000000083b80000)
 Metaspace       used 16766K, capacity 16942K, committed 17024K, reserved 1069056K
  class space    used 2367K, capacity 2406K, committed 2432K, reserved 1048576K
Event: 2.536 GC heap after
Heap after GC invocations=15 (full 2):
 PSYoungGen      total 12800K, used 0K [0x00000000d6400000, 0x00000000d8080000, 0x0000000100000000)
  eden space 9728K, 0% used [0x00000000d6400000,0x00000000d6400000,0x00000000d6d80000)
  from space 3072K, 0% used [0x00000000d6d80000,0x00000000d6d80000,0x00000000d7080000)
  to   space 8192K, 0% used [0x00000000d7880000,0x00000000d7880000,0x00000000d8080000)
 ParOldGen       total 17920K, used 11457K [0x0000000082c00000, 0x0000000083d80000, 0x00000000d6400000)
  object space 17920K, 63% used [0x0000000082c00000,0x00000000837307d0,0x0000000083d80000)
 Metaspace       used 16766K, capacity 16942K, committed 17024K, reserved 1069056K
  class space    used 2367K, capacity 2406K, committed 2432K, reserved 1048576K
}
Event: 2.957 GC heap before
{Heap before GC invocations=16 (full 2):
 PSYoungGen      total 12800K, used 9691K [0x00000000d6400000, 0x00000000d8080000, 0x0000000100000000)
  eden space 9728K, 99% used [0x00000000d6400000,0x00000000d6d76da0,0x00000000d6d80000)
  from space 3072K, 0% used [0x00000000d6d80000,0x00000000d6d80000,0x00000000d7080000)
  to   space 8192K, 0% used [0x00000000d7880000,0x00000000d7880000,0x00000000d8080000)
 ParOldGen       total 17920K, used 11457K [0x0000000082c00000, 0x0000000083d80000, 0x00000000d6400000)
  object space 17920K, 63% used [0x0000000082c00000,0x00000000837307d0,0x0000000083d80000)
 Metaspace       used 18860K, capacity 19080K, committed 19456K, reserved 1071104K
  class space    used 2636K, capacity 2711K, committed 2816K, reserved 1048576K
Event: 2.964 GC heap after
Heap after GC invocations=16 (full 2):
 PSYoungGen      total 19968K, used 2550K [0x00000000d6400000, 0x00000000d7f80000, 0x0000000100000000)
  eden space 12800K, 0% used [0x00000000d6400000,0x00000000d6400000,0x00000000d7080000)
  from space 7168K, 35% used [0x00000000d7880000,0x00000000d7afd9d8,0x00000000d7f80000)
  to   space 7680K, 0% used [0x00000000d7080000,0x00000000d7080000,0x00000000d7800000)
 ParOldGen       total 17920K, used 11465K [0x0000000082c00000, 0x0000000083d80000, 0x00000000d6400000)
  object space 17920K, 63% used [0x0000000082c00000,0x00000000837327d0,0x0000000083d80000)
 Metaspace       used 18860K, capacity 19080K, committed 19456K, reserved 1071104K
  class space    used 2636K, capacity 2711K, committed 2816K, reserved 1048576K
}
Event: 3.225 GC heap before
{Heap before GC invocations=17 (full 2):
 PSYoungGen      total 19968K, used 15350K [0x00000000d6400000, 0x00000000d7f80000, 0x0000000100000000)
  eden space 12800K, 100% used [0x00000000d6400000,0x00000000d7080000,0x00000000d7080000)
  from space 7168K, 35% used [0x00000000d7880000,0x00000000d7afd9d8,0x00000000d7f80000)
  to   space 7680K, 0% used [0x00000000d7080000,0x00000000d7080000,0x00000000d7800000)
 ParOldGen       total 17920K, used 11465K [0x0000000082c00000, 0x0000000083d80000, 0x00000000d6400000)
  object space 17920K, 63% used [0x0000000082c00000,0x00000000837327d0,0x0000000083d80000)
 Metaspace       used 20531K, capacity 20872K, committed 21120K, reserved 1073152K
  class space    used 2809K, capacity 2903K, committed 2944K, reserved 1048576K
Event: 3.231 GC heap after
Heap after GC invocations=17 (full 2):
 PSYoungGen      total 20480K, used 2338K [0x00000000d6400000, 0x00000000d8280000, 0x0000000100000000)
  eden space 12800K, 0% used [0x00000000d6400000,0x00000000d6400000,0x00000000d7080000)
  from space 7680K, 30% used [0x00000000d7080000,0x00000000d72c89c0,0x00000000d7800000)
  to   space 7168K, 0% used [0x00000000d7b80000,0x00000000d7b80000,0x00000000d8280000)
 ParOldGen       total 17920K, used 12409K [0x0000000082c00000, 0x0000000083d80000, 0x00000000d6400000)
  object space 17920K, 69% used [0x0000000082c00000,0x000000008381e668,0x0000000083d80000)
 Metaspace       used 20531K, capacity 20872K, committed 21120K, reserved 1073152K
  class space    used 2809K, capacity 2903K, committed 2944K, reserved 1048576K
}
Event: 3.453 GC heap before
{Heap before GC invocations=18 (full 2):
 PSYoungGen      total 20480K, used 15138K [0x00000000d6400000, 0x00000000d8280000, 0x0000000100000000)
  eden space 12800K, 100% used [0x00000000d6400000,0x00000000d7080000,0x00000000d7080000)
  from space 7680K, 30% used [0x00000000d7080000,0x00000000d72c89c0,0x00000000d7800000)
  to   space 7168K, 0% used [0x00000000d7b80000,0x00000000d7b80000,0x00000000d8280000)
 ParOldGen       total 17920K, used 12409K [0x0000000082c00000, 0x0000000083d80000, 0x00000000d6400000)
  object space 17920K, 69% used [0x0000000082c00000,0x000000008381e668,0x0000000083d80000)
 Metaspace       used 20643K, capacity 20936K, committed 21120K, reserved 1073152K
  class space    used 2815K, capacity 2903K, committed 2944K, reserved 1048576K
Event: 3.468 GC heap after
Heap after GC invocations=18 (full 2):
 PSYoungGen      total 22016K, used 7149K [0x00000000d6400000, 0x00000000d8700000, 0x0000000100000000)
  eden space 14848K, 0% used [0x00000000d6400000,0x00000000d6400000,0x00000000d7280000)
  from space 7168K, 99% used [0x00000000d7b80000,0x00000000d827b458,0x00000000d8280000)
  to   space 9216K, 0% used [0x00000000d7280000,0x00000000d7280000,0x00000000d7b80000)
 ParOldGen       total 17920K, used 14002K [0x0000000082c00000, 0x0000000083d80000, 0x00000000d6400000)
  object space 17920K, 78% used [0x0000000082c00000,0x00000000839ac818,0x0000000083d80000)
 Metaspace       used 20643K, capacity 20936K, committed 21120K, reserved 1073152K
  class space    used 2815K, capacity 2903K, committed 2944K, reserved 1048576K
}
Event: 3.468 GC heap before
{Heap before GC invocations=19 (full 3):
 PSYoungGen      total 22016K, used 7149K [0x00000000d6400000, 0x00000000d8700000, 0x0000000100000000)
  eden space 14848K, 0% used [0x00000000d6400000,0x00000000d6400000,0x00000000d7280000)
  from space 7168K, 99% used [0x00000000d7b80000,0x00000000d827b458,0x00000000d8280000)
  to   space 9216K, 0% used [0x00000000d7280000,0x00000000d7280000,0x00000000d7b80000)
 ParOldGen       total 17920K, used 14002K [0x0000000082c00000, 0x0000000083d80000, 0x00000000d6400000)
  object space 17920K, 78% used [0x0000000082c00000,0x00000000839ac818,0x0000000083d80000)
 Metaspace       used 20643K, capacity 20936K, committed 21120K, reserved 1073152K
  class space    used 2815K, capacity 2903K, committed 2944K, reserved 1048576K
Event: 3.645 GC heap after
Heap after GC invocations=19 (full 3):
 PSYoungGen      total 22016K, used 3047K [0x00000000d6400000, 0x00000000d8700000, 0x0000000100000000)
  eden space 14848K, 0% used [0x00000000d6400000,0x00000000d6400000,0x00000000d7280000)
  from space 7168K, 42% used [0x00000000d7b80000,0x00000000d7e79e60,0x00000000d8280000)
  to   space 9216K, 0% used [0x00000000d7280000,0x00000000d7280000,0x00000000d7b80000)
 ParOldGen       total 24576K, used 17440K [0x0000000082c00000, 0x0000000084400000, 0x00000000d6400000)
  object space 24576K, 70% used [0x0000000082c00000,0x0000000083d082b0,0x0000000084400000)
 Metaspace       used 20643K, capacity 20936K, committed 21120K, reserved 1073152K
  class space    used 2815K, capacity 2903K, committed 2944K, reserved 1048576K
}

Deoptimization events (10 events):
Event: 1.519 Thread 0x000000001b30a800 Uncommon trap: reason=class_check action=maybe_recompile pc=0x0000000002c3fcdc method=java.lang.String.equals(Ljava/lang/Object;)Z @ 8
Event: 1.544 Thread 0x000000001b30a800 Uncommon trap: reason=class_check action=maybe_recompile pc=0x0000000002e6dec0 method=java.util.HashMap.putVal(ILjava/lang/Object;Ljava/lang/Object;ZZ)Ljava/lang/Object; @ 253
Event: 1.660 Thread 0x0000000019605000 Uncommon trap: reason=class_check action=maybe_recompile pc=0x0000000002e6b8cc method=java.util.HashMap.putVal(ILjava/lang/Object;Ljava/lang/Object;ZZ)Ljava/lang/Object; @ 203
Event: 1.660 Thread 0x0000000019605000 Uncommon trap: reason=bimorphic action=maybe_recompile pc=0x0000000002e6b8fc method=java.util.HashMap.putVal(ILjava/lang/Object;Ljava/lang/Object;ZZ)Ljava/lang/Object; @ 91
Event: 1.660 Thread 0x0000000019605000 Uncommon trap: reason=class_check action=maybe_recompile pc=0x0000000002e6b8cc method=java.util.HashMap.putVal(ILjava/lang/Object;Ljava/lang/Object;ZZ)Ljava/lang/Object; @ 203
Event: 1.660 Thread 0x0000000019605000 Uncommon trap: reason=class_check action=maybe_recompile pc=0x0000000002e6b8cc method=java.util.HashMap.putVal(ILjava/lang/Object;Ljava/lang/Object;ZZ)Ljava/lang/Object; @ 203
Event: 1.660 Thread 0x0000000019605000 Uncommon trap: reason=bimorphic action=maybe_recompile pc=0x0000000002e6dfb0 method=java.util.HashMap.putVal(ILjava/lang/Object;Ljava/lang/Object;ZZ)Ljava/lang/Object; @ 91
Event: 2.063 Thread 0x000000001b30a800 Uncommon trap: reason=unloaded action=reinterpret pc=0x0000000002f02d18 method=java.lang.CharacterData.of(I)Ljava/lang/CharacterData; @ 96
Event: 2.537 Thread 0x000000001b30a800 Uncommon trap: reason=null_check action=make_not_entrant pc=0x0000000002ee6218 method=java.awt.Component.isLightweight()Z @ 4
Event: 2.647 Thread 0x000000001b30a800 Uncommon trap: reason=unreached action=reinterpret pc=0x0000000002d83260 method=java.util.HashMap.getNode(ILjava/lang/Object;)Ljava/util/HashMap$Node; @ 53

Internal exceptions (10 events):
Event: 3.648 Thread 0x000000001b8cc800 Exception <a 'java/lang/ClassNotFoundException': > (0x00000000d6415e90) thrown at [D:\re\workspace\8-2-build-windows-amd64-cygwin\jdk8u5\2488\hotspot\src\share\vm\prims\jni.cpp, line 742]
Event: 3.652 Thread 0x000000001b8cc800 Exception <a 'java/lang/ClassNotFoundException': > (0x00000000d6486048) thrown at [D:\re\workspace\8-2-build-windows-amd64-cygwin\jdk8u5\2488\hotspot\src\share\vm\prims\jni.cpp, line 742]
Event: 3.673 Thread 0x000000001b8cc800 Exception <a 'java/lang/ClassNotFoundException': > (0x00000000d6689ee8) thrown at [D:\re\workspace\8-2-build-windows-amd64-cygwin\jdk8u5\2488\hotspot\src\share\vm\prims\jni.cpp, line 742]
Event: 3.680 Thread 0x000000001b8cc800 Exception <a 'java/lang/ClassNotFoundException': > (0x00000000d67447c8) thrown at [D:\re\workspace\8-2-build-windows-amd64-cygwin\jdk8u5\2488\hotspot\src\share\vm\prims\jni.cpp, line 742]
Event: 3.688 Thread 0x000000001b8cc800 Exception <a 'java/lang/ClassNotFoundException': > (0x00000000d67cc210) thrown at [D:\re\workspace\8-2-build-windows-amd64-cygwin\jdk8u5\2488\hotspot\src\share\vm\prims\jni.cpp, line 742]
Event: 3.716 Thread 0x000000001b8cc800 Exception <a 'java/lang/ClassNotFoundException': > (0x00000000d6a69628) thrown at [D:\re\workspace\8-2-build-windows-amd64-cygwin\jdk8u5\2488\hotspot\src\share\vm\prims\jni.cpp, line 742]
Event: 3.718 Thread 0x000000001b8cc800 Exception <a 'java/lang/ClassNotFoundException': > (0x00000000d6aa47f8) thrown at [D:\re\workspace\8-2-build-windows-amd64-cygwin\jdk8u5\2488\hotspot\src\share\vm\prims\jni.cpp, line 742]
Event: 3.719 Thread 0x000000001b8cc800 Exception <a 'java/lang/ClassNotFoundException': > (0x00000000d6aa74c8) thrown at [D:\re\workspace\8-2-build-windows-amd64-cygwin\jdk8u5\2488\hotspot\src\share\vm\prims\jni.cpp, line 742]
Event: 3.719 Thread 0x000000001b8cc800 Exception <a 'java/lang/ClassNotFoundException': > (0x00000000d6ab1c68) thrown at [D:\re\workspace\8-2-build-windows-amd64-cygwin\jdk8u5\2488\hotspot\src\share\vm\prims\jni.cpp, line 742]
Event: 3.772 Thread 0x000000001b8cc800 Exception <a 'java/lang/ClassNotFoundException': > (0x00000000d706d978) thrown at [D:\re\workspace\8-2-build-windows-amd64-cygwin\jdk8u5\2488\hotspot\src\share\vm\prims\jni.cpp, line 742]

Events (10 events):
Event: 3.735 Thread 0x000000001b8cc800 DEOPT PACKING pc=0x0000000003177338 sp=0x0000000020a4db50
Event: 3.735 Thread 0x000000001b8cc800 DEOPT UNPACKING pc=0x0000000002ae7204 sp=0x0000000020a4d8a0 mode 0
Event: 3.744 Thread 0x000000001b8cc800 DEOPT PACKING pc=0x0000000003177338 sp=0x0000000020a4db50
Event: 3.744 Thread 0x000000001b8cc800 DEOPT UNPACKING pc=0x0000000002ae7204 sp=0x0000000020a4d8a0 mode 0
Event: 3.755 Thread 0x000000001b8cc800 DEOPT PACKING pc=0x0000000003177338 sp=0x0000000020a4db50
Event: 3.755 Thread 0x000000001b8cc800 DEOPT UNPACKING pc=0x0000000002ae7204 sp=0x0000000020a4d8a0 mode 0
Event: 3.767 Thread 0x000000001b8cc800 DEOPT PACKING pc=0x0000000003177338 sp=0x0000000020a4db50
Event: 3.768 Thread 0x000000001b8cc800 DEOPT UNPACKING pc=0x0000000002ae7204 sp=0x0000000020a4d8a0 mode 0
Event: 3.779 Thread 0x000000001b8cc800 DEOPT PACKING pc=0x0000000003177338 sp=0x0000000020a4db50
Event: 3.779 Thread 0x000000001b8cc800 DEOPT UNPACKING pc=0x0000000002ae7204 sp=0x0000000020a4d8a0 mode 0


Dynamic libraries:
0x00007ff773650000 - 0x00007ff773684000 	D:\quartus\quartus\bin64\jre64\bin\java.exe
0x00007ffd7d450000 - 0x00007ffd7d648000 	C:\WINDOWS\SYSTEM32\ntdll.dll
0x00007ffd7b7a0000 - 0x00007ffd7b862000 	C:\WINDOWS\System32\KERNEL32.DLL
0x00007ffd7aaf0000 - 0x00007ffd7adee000 	C:\WINDOWS\System32\KERNELBASE.dll
0x00007ffd7d350000 - 0x00007ffd7d401000 	C:\WINDOWS\System32\ADVAPI32.dll
0x00007ffd7d240000 - 0x00007ffd7d2de000 	C:\WINDOWS\System32\msvcrt.dll
0x00007ffd7c7c0000 - 0x00007ffd7c85f000 	C:\WINDOWS\System32\sechost.dll
0x00007ffd7b550000 - 0x00007ffd7b673000 	C:\WINDOWS\System32\RPCRT4.dll
0x00007ffd7b390000 - 0x00007ffd7b3b7000 	C:\WINDOWS\System32\bcrypt.dll
0x00007ffd7cfd0000 - 0x00007ffd7d16d000 	C:\WINDOWS\System32\USER32.dll
0x00007ffd7b2f0000 - 0x00007ffd7b312000 	C:\WINDOWS\System32\win32u.dll
0x00007ffd7c0e0000 - 0x00007ffd7c10b000 	C:\WINDOWS\System32\GDI32.dll
0x00007ffd7aef0000 - 0x00007ffd7b007000 	C:\WINDOWS\System32\gdi32full.dll
0x00007ffd7b250000 - 0x00007ffd7b2ed000 	C:\WINDOWS\System32\msvcp_win.dll
0x00007ffd7adf0000 - 0x00007ffd7aef0000 	C:\WINDOWS\System32\ucrtbase.dll
0x00007ffd65070000 - 0x00007ffd6530a000 	C:\WINDOWS\WinSxS\amd64_microsoft.windows.common-controls_6595b64144ccf1df_6.0.19041.4355_none_60b8b9eb71f62e16\COMCTL32.dll
0x00007ffd7c320000 - 0x00007ffd7c34f000 	C:\WINDOWS\System32\IMM32.DLL
0x000000005abf0000 - 0x000000005acc2000 	D:\quartus\quartus\bin64\jre64\bin\msvcr100.dll
0x0000000059ea0000 - 0x000000005a6ca000 	D:\quartus\quartus\bin64\jre64\bin\server\jvm.dll
0x00007ffd7b870000 - 0x00007ffd7b878000 	C:\WINDOWS\System32\PSAPI.DLL
0x00007ffd4e3e0000 - 0x00007ffd4e3e9000 	C:\WINDOWS\SYSTEM32\WSOCK32.dll
0x00007ffd665d0000 - 0x00007ffd665f7000 	C:\WINDOWS\SYSTEM32\WINMM.dll
0x00007ffd7bf40000 - 0x00007ffd7bfab000 	C:\WINDOWS\System32\WS2_32.dll
0x000000005ab60000 - 0x000000005ab6f000 	D:\quartus\quartus\bin64\jre64\bin\verify.dll
0x000000005ab30000 - 0x000000005ab58000 	D:\quartus\quartus\bin64\jre64\bin\java.dll
0x000000005ab10000 - 0x000000005ab26000 	D:\quartus\quartus\bin64\jre64\bin\zip.dll
0x00007ffd7c860000 - 0x00007ffd7cfcd000 	C:\WINDOWS\System32\SHELL32.dll
0x00007ffd78850000 - 0x00007ffd78ff4000 	C:\WINDOWS\SYSTEM32\windows.storage.dll
0x00007ffd7bbe0000 - 0x00007ffd7bf33000 	C:\WINDOWS\System32\combase.dll
0x00007ffd7a450000 - 0x00007ffd7a47e000 	C:\WINDOWS\SYSTEM32\Wldp.dll
0x00007ffd7d170000 - 0x00007ffd7d23d000 	C:\WINDOWS\System32\OLEAUT32.dll
0x00007ffd7c270000 - 0x00007ffd7c31d000 	C:\WINDOWS\System32\SHCORE.dll
0x00007ffd7c110000 - 0x00007ffd7c165000 	C:\WINDOWS\System32\shlwapi.dll
0x00007ffd7aa20000 - 0x00007ffd7aa44000 	C:\WINDOWS\SYSTEM32\profapi.dll
0x000000005a970000 - 0x000000005ab06000 	D:\Quartus\quartus\bin64\jre64\bin\awt.dll
0x00007ffd76990000 - 0x00007ffd76a24000 	C:\WINDOWS\SYSTEM32\apphelp.dll
0x00007ffd77c30000 - 0x00007ffd77cce000 	C:\WINDOWS\system32\uxtheme.dll
0x00007ffd7b680000 - 0x00007ffd7b795000 	C:\WINDOWS\System32\MSCTF.dll
0x00007ffd7bfb0000 - 0x00007ffd7c0db000 	C:\WINDOWS\System32\ole32.dll
0x00007ffd79340000 - 0x00007ffd79352000 	C:\WINDOWS\SYSTEM32\kernel.appcore.dll
0x00007ffd7b010000 - 0x00007ffd7b092000 	C:\WINDOWS\System32\bcryptPrimitives.dll
0x00007ffd78370000 - 0x00007ffd7839f000 	C:\WINDOWS\system32\DWMAPI.DLL
0x00007ffd3eb90000 - 0x00007ffd3ed61000 	C:\WINDOWS\system32\d3d9.dll
0x00007ffd37d40000 - 0x00007ffd37eef000 	C:\WINDOWS\System32\DriverStore\FileRepository\iigd_dch.inf_amd64_51f685305808e3a5\igdumdim64.dll
0x00007ffd6e980000 - 0x00007ffd6ed89000 	C:\WINDOWS\System32\DriverStore\FileRepository\iigd_dch.inf_amd64_51f685305808e3a5\igdgmm64.dll
0x000000005a8e0000 - 0x000000005a927000 	D:\Quartus\quartus\bin64\jre64\bin\fontmanager.dll
0x000000005a950000 - 0x000000005a96a000 	D:\Quartus\quartus\bin64\jre64\bin\net.dll
0x00007ffd7a1b0000 - 0x00007ffd7a21a000 	C:\WINDOWS\system32\mswsock.dll
0x000000005a930000 - 0x000000005a941000 	D:\Quartus\quartus\bin64\jre64\bin\nio.dll
0x00007ffd5f940000 - 0x00007ffd5f9f0000 	C:\WINDOWS\WinSxS\amd64_microsoft.windows.common-controls_6595b64144ccf1df_5.82.19041.4355_none_792ecafd2442822f\comctl32.dll
0x000000005a890000 - 0x000000005a8d1000 	D:\Quartus\quartus\bin64\jre64\bin\t2k.dll
0x00007ffd7ba50000 - 0x00007ffd7baf9000 	C:\WINDOWS\System32\clbcatq.dll
0x00007ffd77640000 - 0x00007ffd777f4000 	C:\WINDOWS\SYSTEM32\WindowsCodecs.dll
0x00007ffd64930000 - 0x00007ffd6496e000 	C:\WINDOWS\system32\dataexchange.dll
0x00007ffd75290000 - 0x00007ffd754f3000 	C:\WINDOWS\system32\d3d11.dll
0x00007ffd75500000 - 0x00007ffd756e4000 	C:\WINDOWS\system32\dcomp.dll
0x00007ffd79380000 - 0x00007ffd79476000 	C:\WINDOWS\system32\dxgi.dll
0x00007ffd71e50000 - 0x00007ffd72053000 	C:\WINDOWS\system32\twinapi.appcore.dll
0x00007ffd68fc0000 - 0x00007ffd690b9000 	C:\WINDOWS\SYSTEM32\textinputframework.dll
0x00007ffd75f60000 - 0x00007ffd762bb000 	C:\WINDOWS\System32\CoreUIComponents.dll
0x00007ffd762c0000 - 0x00007ffd763b2000 	C:\WINDOWS\System32\CoreMessaging.dll
0x00007ffd79d20000 - 0x00007ffd79d53000 	C:\WINDOWS\SYSTEM32\ntmarta.dll
0x00007ffd770c0000 - 0x00007ffd77217000 	C:\WINDOWS\SYSTEM32\wintypes.dll

VM Arguments:
java_command: com.altera.embeddedsw.bsp.editor.BspEditorApp --settings D:\Quartus\Mon_SOPC\software\gestion_anemo_bsp\settings.bsp
java_class_path (initial): D:/quartus/nios2eds/sdk2/lib\TableLayout.jar;D:/quartus/nios2eds/sdk2/lib\appframework-1.03.jar;D:/quartus/nios2eds/sdk2/lib\beansbinding-1.2.1.jar;D:/quartus/nios2eds/sdk2/lib\binding-2.0.6.jar;D:/quartus/nios2eds/sdk2/lib\com.altera.embeddedsw.app_lib.jar;D:/quartus/nios2eds/sdk2/lib\com.altera.embeddedsw.bsp.editor.jar;D:/quartus/nios2eds/sdk2/lib\com.altera.embeddedsw.bsp.elements.jar;D:/quartus/nios2eds/sdk2/lib\com.altera.embeddedsw.bsp.jar;D:/quartus/nios2eds/sdk2/lib\com.altera.embeddedsw.bsp.plugin.core.jar;D:/quartus/nios2eds/sdk2/lib\com.altera.embeddedsw.bsp.plugin.hal.jar;D:/quartus/nios2eds/sdk2/lib\com.altera.embeddedsw.bsp.plugin.lwhal.jar;D:/quartus/nios2eds/sdk2/lib\com.altera.embeddedsw.bsp.schema.jar;D:/quartus/nios2eds/sdk2/lib\com.altera.embeddedsw.bsp.scripting.jar;D:/quartus/nios2eds/sdk2/lib\com.altera.embeddedsw.commandline.jar;D:/quartus/nios2eds/sdk2/lib\com.altera.embeddedsw.cpexample.jar;D:/quartus/nios2eds/sdk2/lib\com.altera.embeddedsw.flash.jar;D:/quartus/nios2eds/sdk2/lib\com.altera.embeddedsw.launch.jar;D:/quartus/nios2eds/sdk2/lib\com.altera.embeddedsw.swinfo.jar;D:/quartus/nios2eds/sdk2/lib\com.altera.embeddedsw.utilities.jar;D:/quartus/nios2eds/sdk2/lib\com.altera.entityinterfaces.jar;D:/quartus/nios2eds/sdk2/lib\com.altera.hdlcomponent.jar;D:/quartus/nios2eds/sdk2/lib\com.altera.hdlwriter.jar;D:/quartus/nios2eds/sdk2/lib\com.altera.infrastructure.jar;D:/quartus/nios2eds/sdk2/lib\com.altera.jdbcsqlite.jar;D:/quartus/nios2eds/sdk2/lib\com.altera.jtagsimulator.jar;D:/quartus/nios2eds/sdk2/lib\com.altera.librarian.jar;D:/quartus/nios2eds/sdk2/lib\com.altera.megawizard2.jar;D:/quartus/nios2eds/sdk2/lib\com.altera.minieval2.jar;D:/quartus/nios2eds/sdk2/lib\com.altera.nios2.isa.jar;D:/quartus/nios2eds/sdk2/lib\com.altera.nios2.rtl.trace.jar;D:/quartus/nios2eds/sdk2/lib\com.altera.nios2.trace.jar;D:/quartus/nios2eds/sdk2/lib\com.altera.privateinterfaces.jar;D:/quartus/nios2eds/sdk2/lib\com.altera.qsys.black
Launcher Type: SUN_STANDARD

Environment Variables:
PATH=D:/quartus/quartus\..\nios2eds\bin;D:/quartus/quartus\..\nios2eds\sdk2\bin;D:/quartus/quartus\..\nios2eds\bin\gnu\H-x86_64-mingw32\bin;;D:/quartus/quartus/bin64;D:/quartus/nios2eds/bin/cygpath;D:/quartus/quartus/sopc_builder/model/lib;D:/quartus/quartus/bin32;d:\quartus\quartus\bin64\;C:\Program Files (x86)\Common Files\Oracle\Java\javapath;C:\Program Files\Java\jre1.8.0_291\bin;C:\ispLEVER_Classic2_1\ispcpld\bin;C:\ispLEVER_Classic2_1\ispFPGA\bin\nt;C:\WINDOWS\system32;C:\WINDOWS;C:\WINDOWS\System32\Wbem;C:\WINDOWS\System32\WindowsPowerShell\v1.0\;C:\WINDOWS\System32\OpenSSH\;C:\RessourcesLabsSTM32\Python27;C:\RessourcesLabsSTM32\GNU_Tools_ARM_Embedded\bin;C:\RessourcesLabsSTM32\goil-windows;C:\RessourcesLabsSTM32\trampoline\machines;C:\RessourcesLabsSTM32\en.stsw-link004\bin;C;C;C:\Program Files\Git\cmd;C:\Users\admin\AppData\Local\Microsoft\WindowsApps;C:\Users\admin\AppData\Local\Programs\MiKTeX\miktex\bin\x64\;C:\Users\admin\AppData\Local\GitHubDesktop\bin;D:\Quartus\modelsim_ase\win32aloem;D:\Quartus\modelsim_ae\win32aloem
USERNAME=admin
OS=Windows_NT
PROCESSOR_IDENTIFIER=Intel64 Family 6 Model 122 Stepping 1, GenuineIntel



---------------  S Y S T E M  ---------------

OS: Windows 8.1 , 64 bit Build 9600 

CPU:total 4 (4 cores per cpu, 1 threads per core) family 6 model 122 stepping 1, cmov, cx8, fxsr, mmx, sse, sse2, sse3, ssse3, sse4.1, sse4.2, popcnt, aes, clmul, erms, tsc, tscinvbit

Memory: 4k page, physical 8205196k(637412k free), swap 23833096k(5636k free)

vm_info: Java HotSpot(TM) 64-Bit Server VM (25.5-b02) for windows-amd64 JRE (1.8.0_05-b13), built on Mar 18 2014 01:08:39 by "java_re" with MS VC++ 10.0 (VS2010)

time: Mon Dec 09 11:25:39 2024
elapsed time: 3 seconds

