JvmtiExport can_access_local_variables 0
JvmtiExport can_hotswap_or_post_breakpoint 0
JvmtiExport can_post_on_exceptions 0
# 249 ciObject found
ciMethod java/lang/Object <init> ()V 4097 1 295845 0 0
ciMethod java/lang/CharSequence length ()I 0 0 1 0 -1
ciMethod java/lang/CharSequence charAt (I)C 0 0 1 0 -1
ciMethod java/lang/CharSequence toString ()Ljava/lang/String; 0 0 1 0 -1
ciMethod java/lang/String <init> ([CZ)V 2057 1 6628 0 0
ciMethod java/lang/String length ()I 4097 1 76755 0 0
ciMethod java/lang/String charAt (I)C 4097 1 325186 0 128
ciMethod java/lang/String codePointAt (I)I 1 1 7451 0 -1
ciMethod java/lang/String equals (Ljava/lang/Object;)Z 3073 29729 15058 0 -1
ciMethod java/lang/String indexOf (Ljava/lang/String;)I 2057 1 3607 0 -1
ciMethod java/lang/String matches (Ljava/lang/String;)Z 2593 1 324 0 0
ciMethod java/lang/String contains (Ljava/lang/CharSequence;)Z 13441 1 1681 0 0
ciMethod java/lang/String replaceAll (Ljava/lang/String;Ljava/lang/String;)Ljava/lang/String; 4097 1 2750 0 0
ciMethod java/lang/String toString ()Ljava/lang/String; 4097 1 107403 0 0
ciMethod java/lang/System arraycopy (Ljava/lang/Object;ILjava/lang/Object;II)V 20481 1 2560 0 -1
ciMethod java/util/Map containsKey (Ljava/lang/Object;)Z 0 0 1 0 -1
ciMethod java/util/Map get (Ljava/lang/Object;)Ljava/lang/Object; 0 0 1 0 -1
ciMethod java/lang/StringBuffer <init> ()V 4097 1 1541 0 0
ciMethod java/lang/StringBuffer append (Ljava/lang/CharSequence;)Ljava/lang/StringBuffer; 4097 1 2012 0 -1
ciMethod java/lang/StringBuffer append (Ljava/lang/CharSequence;II)Ljava/lang/StringBuffer; 4097 1 3023 0 0
ciMethod java/lang/StringBuffer toString ()Ljava/lang/String; 1081 1 3716 0 0
ciMethod java/lang/AbstractStringBuilder <init> (I)V 3769 1 15467 0 0
ciMethod java/lang/AbstractStringBuilder ensureCapacityInternal (I)V 4097 1 87240 0 640
ciMethod java/lang/AbstractStringBuilder expandCapacity (I)V 4097 1 5511 0 0
ciMethod java/lang/AbstractStringBuilder append (Ljava/lang/CharSequence;II)Ljava/lang/AbstractStringBuilder; 3993 24577 3023 0 0
ciMethod java/lang/StringBuilder <init> ()V 2905 1 10607 0 -1
ciMethod java/lang/StringBuilder append (Ljava/lang/CharSequence;II)Ljava/lang/StringBuilder; 0 0 1 0 -1
ciMethod java/lang/StringBuilder append (C)Ljava/lang/StringBuilder; 2057 1 7062 0 -1
ciMethod java/lang/StringBuilder toString ()Ljava/lang/String; 2897 1 9776 0 -1
ciMethod java/lang/StringBuilder length ()I 3073 1 44167 0 -1
ciMethod java/lang/Character charCount (I)I 57 1 33588 0 -1
ciMethod java/lang/Integer intValue ()I 1025 1 128 0 -1
ciMethod java/util/List iterator ()Ljava/util/Iterator; 0 0 1 0 -1
ciMethod java/lang/Math max (II)I 4097 1 46629 0 -1
ciMethod java/lang/Math min (II)I 4097 1 48272 0 -1
ciMethod java/util/Iterator hasNext ()Z 0 0 1 0 -1
ciMethod java/util/Iterator next ()Ljava/lang/Object; 0 0 1 0 -1
ciMethod java/util/ArrayList access$100 (Ljava/util/ArrayList;)I 1073 1 134 0 0
ciMethod java/util/Arrays copyOf ([CI)[C 4097 1 15174 0 0
ciMethod java/util/Arrays copyOfRange ([CII)[C 4097 1 5668 0 512
ciMethodData java/lang/Object <init> ()V 2 295855 orig 144 152 11 68 90 0 0 0 0 112 4 184 22 0 0 0 0 168 0 0 0 0 0 0 0 0 0 0 0 0 0 0 0 0 0 0 0 0 0 0 0 0 0 0 0 0 0 0 0 0 0 0 0 0 0 0 0 0 0 0 0 0 0 0 0 1 0 0 0 0 0 0 0 1 0 0 0 0 0 0 0 1 0 0 0 0 0 0 0 0 0 0 0 0 0 0 0 0 2 0 0 97 13 36 0 1 0 0 0 0 0 0 0 0 0 0 0 0 0 3 0 3 0 0 0 0 0 0 0 255 255 255 255 0 0 0 0 0 0 0 0 0 0 0 0 data 0 oops 0
ciMethodData java/lang/String charAt (I)C 2 327613 orig 144 152 11 68 90 0 0 0 0 200 59 184 22 0 0 0 0 0 1 0 0 32 0 0 0 0 0 0 0 0 0 0 0 0 0 0 0 0 0 0 0 0 0 0 0 0 0 0 0 0 0 0 0 0 0 0 0 0 0 0 0 0 0 0 0 25 0 0 0 0 0 0 0 0 0 0 0 0 0 0 0 1 0 0 0 0 0 0 0 0 0 0 0 0 0 0 0 0 2 0 0 233 237 39 0 1 0 0 0 0 0 0 0 0 0 0 0 0 0 0 0 4 0 1 0 80 0 0 0 255 255 255 255 0 0 0 0 7 0 1 0 0 0 0 0 data 10 0x10007 0x0 0x40 0x4fdbe 0xa0007 0x4fdc0 0x30 0x0 0x120002 0x0 oops 0
ciMethodData java/lang/AbstractStringBuilder ensureCapacityInternal (I)V 2 87246 orig 144 152 11 68 90 0 0 0 0 176 198 190 22 0 0 0 0 0 1 0 0 0 0 0 0 0 0 0 0 0 0 0 0 0 0 0 0 0 0 0 0 0 0 0 0 0 0 0 0 0 0 0 0 0 0 0 0 0 0 0 0 0 0 0 0 0 0 0 0 0 0 0 0 0 0 0 0 0 0 0 0 0 0 0 0 0 0 0 0 0 0 0 0 0 0 0 0 0 2 0 0 113 150 10 0 1 0 0 0 0 0 0 0 0 0 0 0 0 0 0 0 4 0 1 0 80 0 0 0 255 255 255 255 0 0 0 0 7 0 7 0 0 0 0 0 data 10 0x70007 0x13d92 0x50 0x153c 0xc0005 0x0 0x2925e70 0x1f1 0x2925dc0 0x134b oops 2