Analysis & Synthesis report for anemo
Sun Dec 01 17:46:24 2024
Quartus Prime Version 18.1.0 Build 625 09/12/2018 SJ Lite Edition


---------------------
; Table of Contents ;
---------------------
  1. Legal Notice
  2. Analysis & Synthesis Summary
  3. Analysis & Synthesis Settings
  4. Parallel Compilation
  5. Analysis & Synthesis Source Files Read
  6. Analysis & Synthesis Resource Usage Summary
  7. Analysis & Synthesis Resource Utilization by Entity
  8. General Register Statistics
  9. Post-Synthesis Netlist Statistics for Top Partition
 10. Elapsed Time Per Partition
 11. Analysis & Synthesis Messages



----------------
; Legal Notice ;
----------------
Copyright (C) 2018  Intel Corporation. All rights reserved.
Your use of Intel Corporation's design tools, logic functions 
and other software and tools, and its AMPP partner logic 
functions, and any output files from any of the foregoing 
(including device programming or simulation files), and any 
associated documentation or information are expressly subject 
to the terms and conditions of the Intel Program License 
Subscription Agreement, the Intel Quartus Prime License Agreement,
the Intel FPGA IP License Agreement, or other applicable license
agreement, including, without limitation, that your use is for
the sole purpose of programming logic devices manufactured by
Intel and sold by Intel or its authorized distributors.  Please
refer to the applicable agreement for further details.



+----------------------------------------------------------------------------------+
; Analysis & Synthesis Summary                                                     ;
+------------------------------------+---------------------------------------------+
; Analysis & Synthesis Status        ; Successful - Sun Dec 01 17:46:24 2024       ;
; Quartus Prime Version              ; 18.1.0 Build 625 09/12/2018 SJ Lite Edition ;
; Revision Name                      ; anemo                                       ;
; Top-level Entity Name              ; gestion_anemo                               ;
; Family                             ; Cyclone IV E                                ;
; Total logic elements               ; 131                                         ;
;     Total combinational functions  ; 115                                         ;
;     Dedicated logic registers      ; 91                                          ;
; Total registers                    ; 91                                          ;
; Total pins                         ; 15                                          ;
; Total virtual pins                 ; 0                                           ;
; Total memory bits                  ; 0                                           ;
; Embedded Multiplier 9-bit elements ; 0                                           ;
; Total PLLs                         ; 0                                           ;
+------------------------------------+---------------------------------------------+


+------------------------------------------------------------------------------------------------------------+
; Analysis & Synthesis Settings                                                                              ;
+------------------------------------------------------------------+--------------------+--------------------+
; Option                                                           ; Setting            ; Default Value      ;
+------------------------------------------------------------------+--------------------+--------------------+
; Device                                                           ; EP4CE22F17C6       ;                    ;
; Top-level entity name                                            ; gestion_anemo      ; anemo              ;
; Family name                                                      ; Cyclone IV E       ; Cyclone V          ;
; Use smart compilation                                            ; Off                ; Off                ;
; Enable parallel Assembler and Timing Analyzer during compilation ; On                 ; On                 ;
; Enable compact report table                                      ; Off                ; Off                ;
; Restructure Multiplexers                                         ; Auto               ; Auto               ;
; Create Debugging Nodes for IP Cores                              ; Off                ; Off                ;
; Preserve fewer node names                                        ; On                 ; On                 ;
; Intel FPGA IP Evaluation Mode                                    ; Enable             ; Enable             ;
; Verilog Version                                                  ; Verilog_2001       ; Verilog_2001       ;
; VHDL Version                                                     ; VHDL_1993          ; VHDL_1993          ;
; State Machine Processing                                         ; Auto               ; Auto               ;
; Safe State Machine                                               ; Off                ; Off                ;
; Extract Verilog State Machines                                   ; On                 ; On                 ;
; Extract VHDL State Machines                                      ; On                 ; On                 ;
; Ignore Verilog initial constructs                                ; Off                ; Off                ;
; Iteration limit for constant Verilog loops                       ; 5000               ; 5000               ;
; Iteration limit for non-constant Verilog loops                   ; 250                ; 250                ;
; Add Pass-Through Logic to Inferred RAMs                          ; On                 ; On                 ;
; Infer RAMs from Raw Logic                                        ; On                 ; On                 ;
; Parallel Synthesis                                               ; On                 ; On                 ;
; DSP Block Balancing                                              ; Auto               ; Auto               ;
; NOT Gate Push-Back                                               ; On                 ; On                 ;
; Power-Up Don't Care                                              ; On                 ; On                 ;
; Remove Redundant Logic Cells                                     ; Off                ; Off                ;
; Remove Duplicate Registers                                       ; On                 ; On                 ;
; Ignore CARRY Buffers                                             ; Off                ; Off                ;
; Ignore CASCADE Buffers                                           ; Off                ; Off                ;
; Ignore GLOBAL Buffers                                            ; Off                ; Off                ;
; Ignore ROW GLOBAL Buffers                                        ; Off                ; Off                ;
; Ignore LCELL Buffers                                             ; Off                ; Off                ;
; Ignore SOFT Buffers                                              ; On                 ; On                 ;
; Limit AHDL Integers to 32 Bits                                   ; Off                ; Off                ;
; Optimization Technique                                           ; Balanced           ; Balanced           ;
; Carry Chain Length                                               ; 70                 ; 70                 ;
; Auto Carry Chains                                                ; On                 ; On                 ;
; Auto Open-Drain Pins                                             ; On                 ; On                 ;
; Perform WYSIWYG Primitive Resynthesis                            ; Off                ; Off                ;
; Auto ROM Replacement                                             ; On                 ; On                 ;
; Auto RAM Replacement                                             ; On                 ; On                 ;
; Auto DSP Block Replacement                                       ; On                 ; On                 ;
; Auto Shift Register Replacement                                  ; Auto               ; Auto               ;
; Allow Shift Register Merging across Hierarchies                  ; Auto               ; Auto               ;
; Auto Clock Enable Replacement                                    ; On                 ; On                 ;
; Strict RAM Replacement                                           ; Off                ; Off                ;
; Allow Synchronous Control Signals                                ; On                 ; On                 ;
; Force Use of Synchronous Clear Signals                           ; Off                ; Off                ;
; Auto RAM Block Balancing                                         ; On                 ; On                 ;
; Auto RAM to Logic Cell Conversion                                ; Off                ; Off                ;
; Auto Resource Sharing                                            ; Off                ; Off                ;
; Allow Any RAM Size For Recognition                               ; Off                ; Off                ;
; Allow Any ROM Size For Recognition                               ; Off                ; Off                ;
; Allow Any Shift Register Size For Recognition                    ; Off                ; Off                ;
; Use LogicLock Constraints during Resource Balancing              ; On                 ; On                 ;
; Ignore translate_off and synthesis_off directives                ; Off                ; Off                ;
; Timing-Driven Synthesis                                          ; On                 ; On                 ;
; Report Parameter Settings                                        ; On                 ; On                 ;
; Report Source Assignments                                        ; On                 ; On                 ;
; Report Connectivity Checks                                       ; On                 ; On                 ;
; Ignore Maximum Fan-Out Assignments                               ; Off                ; Off                ;
; Synchronization Register Chain Length                            ; 2                  ; 2                  ;
; Power Optimization During Synthesis                              ; Normal compilation ; Normal compilation ;
; HDL message level                                                ; Level2             ; Level2             ;
; Suppress Register Optimization Related Messages                  ; Off                ; Off                ;
; Number of Removed Registers Reported in Synthesis Report         ; 5000               ; 5000               ;
; Number of Swept Nodes Reported in Synthesis Report               ; 5000               ; 5000               ;
; Number of Inverted Registers Reported in Synthesis Report        ; 100                ; 100                ;
; Clock MUX Protection                                             ; On                 ; On                 ;
; Auto Gated Clock Conversion                                      ; Off                ; Off                ;
; Block Design Naming                                              ; Auto               ; Auto               ;
; SDC constraint protection                                        ; Off                ; Off                ;
; Synthesis Effort                                                 ; Auto               ; Auto               ;
; Shift Register Replacement - Allow Asynchronous Clear Signal     ; On                 ; On                 ;
; Pre-Mapping Resynthesis Optimization                             ; Off                ; Off                ;
; Analysis & Synthesis Message Level                               ; Medium             ; Medium             ;
; Disable Register Merging Across Hierarchies                      ; Auto               ; Auto               ;
; Resource Aware Inference For Block RAM                           ; On                 ; On                 ;
+------------------------------------------------------------------+--------------------+--------------------+


+------------------------------------------+
; Parallel Compilation                     ;
+----------------------------+-------------+
; Processors                 ; Number      ;
+----------------------------+-------------+
; Number detected on machine ; 4           ;
; Maximum allowed            ; 2           ;
;                            ;             ;
; Average used               ; 1.00        ;
; Maximum used               ; 2           ;
;                            ;             ;
; Usage by Processor         ; % Time Used ;
;     Processor 1            ; 100.0%      ;
;     Processor 2            ;   0.0%      ;
+----------------------------+-------------+


+------------------------------------------------------------------------------------------------------------------------------------------+
; Analysis & Synthesis Source Files Read                                                                                                   ;
+----------------------------------+-----------------+-----------------+---------------------------------------------------------+---------+
; File Name with User-Entered Path ; Used in Netlist ; File Type       ; File Name with Absolute Path                            ; Library ;
+----------------------------------+-----------------+-----------------+---------------------------------------------------------+---------+
; gestion_anemo.vhd                ; yes             ; User VHDL File  ; C:/Users/etudiant/Desktop/anemometree/gestion_anemo.vhd ;         ;
; mae.vhd                          ; yes             ; User VHDL File  ; C:/Users/etudiant/Desktop/anemometree/mae.vhd           ;         ;
; compteur.vhd                     ; yes             ; User VHDL File  ; C:/Users/etudiant/Desktop/anemometree/compteur.vhd      ;         ;
; diviseur_1M.vhd                  ; yes             ; User VHDL File  ; C:/Users/etudiant/Desktop/anemometree/diviseur_1M.vhd   ;         ;
+----------------------------------+-----------------+-----------------+---------------------------------------------------------+---------+


+-------------------------------------------------------------+
; Analysis & Synthesis Resource Usage Summary                 ;
+---------------------------------------------+---------------+
; Resource                                    ; Usage         ;
+---------------------------------------------+---------------+
; Estimated Total logic elements              ; 131           ;
;                                             ;               ;
; Total combinational functions               ; 115           ;
; Logic element usage by number of LUT inputs ;               ;
;     -- 4 input functions                    ; 26            ;
;     -- 3 input functions                    ; 0             ;
;     -- <=2 input functions                  ; 89            ;
;                                             ;               ;
; Logic elements by mode                      ;               ;
;     -- normal mode                          ; 46            ;
;     -- arithmetic mode                      ; 69            ;
;                                             ;               ;
; Total registers                             ; 91            ;
;     -- Dedicated logic registers            ; 91            ;
;     -- I/O registers                        ; 0             ;
;                                             ;               ;
; I/O pins                                    ; 15            ;
;                                             ;               ;
; Embedded Multiplier 9-bit elements          ; 0             ;
;                                             ;               ;
; Maximum fan-out node                        ; clk_50M~input ;
; Maximum fan-out                             ; 66            ;
; Total fan-out                               ; 591           ;
; Average fan-out                             ; 2.50          ;
+---------------------------------------------+---------------+


+-----------------------------------------------------------------------------------------------------------------------------------------------------------------------------------------------------------------------------------------+
; Analysis & Synthesis Resource Utilization by Entity                                                                                                                                                                                     ;
+----------------------------------+---------------------+---------------------------+-------------+--------------+---------+-----------+------+--------------+--------------------------------------------+---------------+--------------+
; Compilation Hierarchy Node       ; Combinational ALUTs ; Dedicated Logic Registers ; Memory Bits ; DSP Elements ; DSP 9x9 ; DSP 18x18 ; Pins ; Virtual Pins ; Full Hierarchy Name                        ; Entity Name   ; Library Name ;
+----------------------------------+---------------------+---------------------------+-------------+--------------+---------+-----------+------+--------------+--------------------------------------------+---------------+--------------+
; |gestion_anemo                   ; 115 (0)             ; 91 (0)                    ; 0           ; 0            ; 0       ; 0         ; 15   ; 0            ; |gestion_anemo                             ; gestion_anemo ; work         ;
;    |compteur:compteur_inst|      ; 58 (58)             ; 49 (49)                   ; 0           ; 0            ; 0       ; 0         ; 0    ; 0            ; |gestion_anemo|compteur:compteur_inst      ; compteur      ; work         ;
;    |diviseur_1M:divseur_1M_inst| ; 56 (56)             ; 33 (33)                   ; 0           ; 0            ; 0       ; 0         ; 0    ; 0            ; |gestion_anemo|diviseur_1M:divseur_1M_inst ; diviseur_1M   ; work         ;
;    |mae:mae_inst|                ; 1 (1)               ; 9 (9)                     ; 0           ; 0            ; 0       ; 0         ; 0    ; 0            ; |gestion_anemo|mae:mae_inst                ; mae           ; work         ;
+----------------------------------+---------------------+---------------------------+-------------+--------------+---------+-----------+------+--------------+--------------------------------------------+---------------+--------------+
Note: For table entries with two numbers listed, the numbers in parentheses indicate the number of resources of the given type used by the specific entity alone. The numbers listed outside of parentheses indicate the total resources of the given type used by the specific entity and all of its sub-entities in the hierarchy.


+------------------------------------------------------+
; General Register Statistics                          ;
+----------------------------------------------+-------+
; Statistic                                    ; Value ;
+----------------------------------------------+-------+
; Total registers                              ; 91    ;
; Number of registers using Synchronous Clear  ; 40    ;
; Number of registers using Synchronous Load   ; 0     ;
; Number of registers using Asynchronous Clear ; 49    ;
; Number of registers using Asynchronous Load  ; 0     ;
; Number of registers using Clock Enable       ; 16    ;
; Number of registers using Preset             ; 0     ;
+----------------------------------------------+-------+


+-----------------------------------------------------+
; Post-Synthesis Netlist Statistics for Top Partition ;
+-----------------------+-----------------------------+
; Type                  ; Count                       ;
+-----------------------+-----------------------------+
; boundary_port         ; 15                          ;
; cycloneiii_ff         ; 91                          ;
;     CLR               ; 1                           ;
;     CLR SCLR          ; 40                          ;
;     ENA               ; 8                           ;
;     ENA CLR           ; 8                           ;
;     plain             ; 34                          ;
; cycloneiii_lcell_comb ; 115                         ;
;     arith             ; 69                          ;
;         2 data inputs ; 69                          ;
;     normal            ; 46                          ;
;         1 data inputs ; 3                           ;
;         2 data inputs ; 17                          ;
;         4 data inputs ; 26                          ;
;                       ;                             ;
; Max LUT depth         ; 9.50                        ;
; Average LUT depth     ; 5.23                        ;
+-----------------------+-----------------------------+


+-------------------------------+
; Elapsed Time Per Partition    ;
+----------------+--------------+
; Partition Name ; Elapsed Time ;
+----------------+--------------+
; Top            ; 00:00:01     ;
+----------------+--------------+


+-------------------------------+
; Analysis & Synthesis Messages ;
+-------------------------------+
Info: *******************************************************************
Info: Running Quartus Prime Analysis & Synthesis
    Info: Version 18.1.0 Build 625 09/12/2018 SJ Lite Edition
    Info: Processing started: Sun Dec 01 17:46:09 2024
Info: Command: quartus_map --read_settings_files=on --write_settings_files=off anemo -c anemo
Warning (18236): Number of processors has not been specified which may cause overloading on shared machines.  Set the global assignment NUM_PARALLEL_PROCESSORS in your QSF to an appropriate value for best performance.
Info (20030): Parallel compilation is enabled and will use 2 of the 2 processors detected
Info (12021): Found 2 design units, including 1 entities, in source file gestion_anemo.vhd
    Info (12022): Found design unit 1: gestion_anemo-arch_gestion_anemo File: C:/Users/etudiant/Desktop/anemometree/gestion_anemo.vhd Line: 17
    Info (12023): Found entity 1: gestion_anemo File: C:/Users/etudiant/Desktop/anemometree/gestion_anemo.vhd Line: 4
Info (12021): Found 2 design units, including 1 entities, in source file mae.vhd
    Info (12022): Found design unit 1: mae-arch_mae File: C:/Users/etudiant/Desktop/anemometree/mae.vhd Line: 18
    Info (12023): Found entity 1: mae File: C:/Users/etudiant/Desktop/anemometree/mae.vhd Line: 5
Info (12021): Found 2 design units, including 1 entities, in source file compteur.vhd
    Info (12022): Found design unit 1: compteur-arch_compteur File: C:/Users/etudiant/Desktop/anemometree/compteur.vhd Line: 14
    Info (12023): Found entity 1: compteur File: C:/Users/etudiant/Desktop/anemometree/compteur.vhd Line: 5
Info (12021): Found 2 design units, including 1 entities, in source file diviseur_1m.vhd
    Info (12022): Found design unit 1: diviseur_1M-arch_diviseur_1M File: C:/Users/etudiant/Desktop/anemometree/diviseur_1M.vhd Line: 12
    Info (12023): Found entity 1: diviseur_1M File: C:/Users/etudiant/Desktop/anemometree/diviseur_1M.vhd Line: 5
Info (12021): Found 2 design units, including 1 entities, in source file tb_anemo.vhd
    Info (12022): Found design unit 1: tb_anemo-behavior File: C:/Users/etudiant/Desktop/anemometree/tb_anemo.vhd Line: 9
    Info (12023): Found entity 1: tb_anemo File: C:/Users/etudiant/Desktop/anemometree/tb_anemo.vhd Line: 5
Info (12127): Elaborating entity "gestion_anemo" for the top level hierarchy
Info (12128): Elaborating entity "compteur" for hierarchy "compteur:compteur_inst" File: C:/Users/etudiant/Desktop/anemometree/gestion_anemo.vhd Line: 54
Warning (10492): VHDL Process Statement warning at compteur.vhd(45): signal "in_freq_anemo" is read inside the Process Statement but isn't in the Process Statement's sensitivity list File: C:/Users/etudiant/Desktop/anemometree/compteur.vhd Line: 45
Info (12128): Elaborating entity "mae" for hierarchy "mae:mae_inst" File: C:/Users/etudiant/Desktop/anemometree/gestion_anemo.vhd Line: 62
Warning (10492): VHDL Process Statement warning at mae.vhd(23): signal "raz_n" is read inside the Process Statement but isn't in the Process Statement's sensitivity list File: C:/Users/etudiant/Desktop/anemometree/mae.vhd Line: 23
Info (12128): Elaborating entity "diviseur_1M" for hierarchy "diviseur_1M:divseur_1M_inst" File: C:/Users/etudiant/Desktop/anemometree/gestion_anemo.vhd Line: 74
Warning (10492): VHDL Process Statement warning at diviseur_1M.vhd(26): signal "temp" is read inside the Process Statement but isn't in the Process Statement's sensitivity list File: C:/Users/etudiant/Desktop/anemometree/diviseur_1M.vhd Line: 26
Info (286030): Timing-Driven Synthesis is running
Info (16010): Generating hard_block partition "hard_block:auto_generated_inst"
    Info (16011): Adding 0 node(s), including 0 DDIO, 0 PLL, 0 transceiver and 0 LCELL
Info (21057): Implemented 167 device resources after synthesis - the final resource count might be different
    Info (21058): Implemented 5 input pins
    Info (21059): Implemented 10 output pins
    Info (21061): Implemented 152 logic cells
Info: Quartus Prime Analysis & Synthesis was successful. 0 errors, 4 warnings
    Info: Peak virtual memory: 4789 megabytes
    Info: Processing ended: Sun Dec 01 17:46:24 2024
    Info: Elapsed time: 00:00:15
    Info: Total CPU time (on all processors): 00:00:16


